TN:
SF:apps\api-gateway\src\server.ts
FN:130,onError
FN:139,pingRedis
FN:202,serviceCallHeaders
FN:212,callAiService
FN:235,latestAuditPayload
FN:358,keyGenerator
FN:363,allowList
FN:367,errorResponseBuilder
FN:429,signMfaChallenge
FN:437,verifyMfaChallenge
FN:451,issueSession
FN:496,keyGenerator
FN:513,invalid
FN:557,keyGenerator
FN:747,signState
FN:755,verifyState
FN:773,signExchangeCode
FN:781,verifyExchangeCode
FN:1446,denyIfNotSelfOrAdmin
FN:1640,stubGeneratedTests
FN:1863,recordPaymentEvent
FN:3356,auditStreamFrame
FN:3425,refuseIfDemoCredentialsInProduction
FN:3440,start
FN:3452,shutdown
FNF:25
FNH:13
FNDA:0,onError
FNDA:1,pingRedis
FNDA:6,serviceCallHeaders
FNDA:4,callAiService
FNDA:0,latestAuditPayload
FNDA:0,keyGenerator
FNDA:0,allowList
FNDA:0,errorResponseBuilder
FNDA:4,signMfaChallenge
FNDA:3,verifyMfaChallenge
FNDA:13,issueSession
FNDA:0,keyGenerator
FNDA:1,invalid
FNDA:0,keyGenerator
FNDA:2,signState
FNDA:2,verifyState
FNDA:1,signExchangeCode
FNDA:2,verifyExchangeCode
FNDA:7,denyIfNotSelfOrAdmin
FNDA:0,stubGeneratedTests
FNDA:5,recordPaymentEvent
FNDA:0,auditStreamFrame
FNDA:0,refuseIfDemoCredentialsInProduction
FNDA:0,start
FNDA:0,shutdown
DA:12,1
DA:13,1
DA:15,1
DA:17,1
DA:18,1
DA:19,1
DA:20,1
DA:21,1
DA:22,1
DA:23,1
DA:24,1
DA:25,1
DA:34,1
DA:35,1
DA:36,1
DA:44,1
DA:45,1
DA:46,1
DA:57,1
DA:58,1
DA:59,1
DA:60,1
DA:61,1
DA:70,1
DA:74,1
DA:75,1
DA:77,1
DA:78,1
DA:79,1
DA:83,1
DA:84,1
DA:85,1
DA:86,1
DA:87,1
DA:88,1
DA:89,1
DA:94,1
DA:107,1
DA:108,0
DA:109,0
DA:111,0
DA:112,0
DA:113,0
DA:125,1
DA:126,1
DA:127,1
DA:128,1
DA:129,1
DA:130,1
DA:131,1
DA:134,1
DA:135,12
DA:136,1
DA:139,1
DA:140,1
DA:141,1
DA:147,1
DA:148,1
DA:149,1
DA:150,1
DA:151,1
DA:152,1
DA:153,1
DA:154,1
DA:160,1
DA:168,1
DA:169,0
DA:170,0
DA:173,1
DA:174,1
DA:188,1
DA:189,1
DA:202,6
DA:203,6
DA:204,6
DA:205,6
DA:206,6
DA:207,6
DA:208,6
DA:209,6
DA:212,4
DA:213,4
DA:214,4
DA:215,4
DA:216,4
DA:217,4
DA:218,4
DA:219,4
DA:220,4
DA:221,0
DA:222,0
DA:223,0
DA:224,4
DA:225,4
DA:226,4
DA:227,4
DA:235,0
DA:236,0
DA:237,0
DA:241,0
DA:242,0
DA:243,0
DA:244,0
DA:245,0
DA:249,1
DA:250,1
DA:251,1
DA:252,1
DA:253,1
DA:256,1
DA:257,1
DA:258,0
DA:259,1
DA:260,0
DA:261,1
DA:262,1
DA:263,1
DA:264,1
DA:268,1
DA:269,1
DA:270,1
DA:286,1
DA:287,75
DA:288,75
DA:289,1
DA:290,1
DA:291,1
DA:292,74
DA:293,74
DA:294,75
DA:297,0
DA:298,0
DA:299,0
DA:300,75
DA:309,1
DA:310,3
DA:311,3
DA:312,3
DA:313,3
DA:314,3
DA:315,3
DA:316,3
DA:317,0
DA:318,3
DA:319,3
DA:320,3
DA:321,3
DA:324,1
DA:325,124
DA:326,124
DA:327,124
DA:328,124
DA:330,124
DA:331,124
DA:332,124
DA:333,124
DA:354,1
DA:355,1
DA:356,1
DA:357,1
DA:358,1
DA:359,0
DA:360,0
DA:361,0
DA:362,1
DA:363,1
DA:364,0
DA:365,0
DA:366,0
DA:367,1
DA:368,0
DA:369,0
DA:370,0
DA:371,0
DA:372,1
DA:378,1
DA:381,1
DA:382,2
DA:383,2
DA:384,2
DA:385,2
DA:386,2
DA:387,2
DA:390,1
DA:391,1
DA:392,1
DA:394,1
DA:395,1
DA:396,1
DA:397,1
DA:398,0
DA:399,0
DA:400,0
DA:402,1
DA:403,1
DA:404,1
DA:406,1
DA:407,1
DA:408,1
DA:409,1
DA:410,1
DA:411,1
DA:414,1
DA:415,1
DA:416,1
DA:417,1
DA:421,1
DA:429,4
DA:430,4
DA:431,4
DA:432,4
DA:433,4
DA:434,4
DA:435,4
DA:437,3
DA:438,3
DA:439,3
DA:440,2
DA:441,2
DA:442,2
DA:443,2
DA:444,3
DA:445,2
DA:446,3
DA:447,2
DA:448,2
DA:451,13
DA:452,13
DA:453,13
DA:454,13
DA:455,13
DA:456,13
DA:457,13
DA:458,13
DA:459,13
DA:460,13
DA:461,13
DA:462,13
DA:463,13
DA:464,13
DA:465,13
DA:466,13
DA:467,13
DA:468,13
DA:469,13
DA:470,13
DA:471,13
DA:472,13
DA:473,13
DA:474,13
DA:475,13
DA:476,13
DA:477,13
DA:478,13
DA:479,13
DA:480,13
DA:481,13
DA:482,13
DA:489,1
DA:491,1
DA:492,1
DA:493,1
DA:494,1
DA:495,1
DA:496,1
DA:497,1
DA:498,1
DA:499,1
DA:500,17
DA:501,17
DA:502,0
DA:503,0
DA:505,17
DA:506,17
DA:508,17
DA:509,17
DA:513,17
DA:514,17
DA:516,17
DA:517,17
DA:518,17
DA:519,1
DA:520,1
DA:521,1
DA:522,1
DA:523,1
DA:524,1
DA:525,1
DA:526,1
DA:527,1
DA:532,16
DA:533,4
DA:534,4
DA:535,4
DA:536,4
DA:537,4
DA:538,4
DA:539,4
DA:540,4
DA:541,4
DA:543,12
DA:544,12
DA:550,1
DA:552,1
DA:553,1
DA:554,1
DA:555,1
DA:556,1
DA:557,1
DA:558,1
DA:559,1
DA:560,1
DA:561,3
DA:562,3
DA:563,0
DA:564,0
DA:566,3
DA:567,3
DA:568,1
DA:569,1
DA:571,2
DA:572,2
DA:573,2
DA:574,3
DA:575,0
DA:578,0
DA:579,0
DA:580,0
DA:581,0
DA:583,3
DA:584,1
DA:585,1
DA:586,1
DA:587,1
DA:588,1
DA:589,1
DA:590,1
DA:591,1
DA:592,1
DA:594,1
DA:595,1
DA:596,1
DA:597,1
DA:598,3
DA:600,1
DA:601,1
DA:607,1
DA:608,4
DA:609,4
DA:610,3
DA:611,3
DA:612,3
DA:613,3
DA:614,3
DA:615,3
DA:616,3
DA:617,3
DA:618,3
DA:619,4
DA:620,4
DA:622,1
DA:623,5
DA:624,5
DA:626,1
DA:627,1
DA:630,4
DA:631,4
DA:639,4
DA:640,4
DA:641,4
DA:642,4
DA:643,4
DA:644,4
DA:645,4
DA:646,4
DA:647,5
DA:648,5
DA:649,5
DA:650,5
DA:651,5
DA:658,1
DA:659,2
DA:660,2
DA:662,2
DA:663,2
DA:664,1
DA:665,1
DA:666,1
DA:667,1
DA:668,1
DA:669,0
DA:670,0
DA:671,2
DA:676,1
DA:677,2
DA:678,2
DA:680,2
DA:681,2
DA:683,2
DA:684,2
DA:685,2
DA:686,1
DA:687,1
DA:688,1
DA:689,1
DA:690,1
DA:691,1
DA:692,1
DA:693,1
DA:694,2
DA:695,0
DA:696,0
DA:697,0
DA:698,0
DA:699,0
DA:700,2
DA:705,1
DA:706,2
DA:707,2
DA:709,2
DA:710,2
DA:712,2
DA:713,2
DA:714,2
DA:715,2
DA:716,0
DA:717,0
DA:718,0
DA:719,0
DA:720,0
DA:721,2
DA:723,1
DA:724,1
DA:725,1
DA:726,1
DA:727,1
DA:728,1
DA:729,1
DA:730,1
DA:731,1
DA:732,1
DA:739,1
DA:740,1
DA:741,1
DA:742,1
DA:747,1
DA:748,2
DA:749,2
DA:750,2
DA:751,2
DA:752,2
DA:753,2
DA:755,1
DA:756,2
DA:757,2
DA:758,2
DA:759,2
DA:760,2
DA:761,2
DA:762,2
DA:763,1
DA:764,1
DA:765,2
DA:773,1
DA:774,1
DA:775,1
DA:776,1
DA:777,1
DA:778,1
DA:779,1
DA:781,1
DA:782,2
DA:783,2
DA:784,1
DA:785,1
DA:786,1
DA:787,1
DA:788,2
DA:789,1
DA:790,2
DA:791,1
DA:792,2
DA:794,1
DA:795,2
DA:796,2
DA:797,2
DA:798,2
DA:799,2
DA:800,2
DA:801,2
DA:802,1
DA:804,1
DA:805,1
DA:806,1
DA:807,2
DA:808,2
DA:809,1
DA:810,1
DA:812,1
DA:813,1
DA:814,1
DA:815,1
DA:816,1
DA:817,1
DA:818,1
DA:819,1
DA:820,1
DA:821,1
DA:822,1
DA:823,1
DA:824,1
DA:825,2
DA:826,0
DA:827,0
DA:828,0
DA:830,1
DA:831,1
DA:832,1
DA:833,2
DA:834,0
DA:835,0
DA:836,0
DA:838,2
DA:839,2
DA:840,0
DA:841,0
DA:842,0
DA:843,0
DA:844,2
DA:845,0
DA:846,0
DA:847,0
DA:849,1
DA:850,2
DA:852,2
DA:853,1
DA:854,1
DA:855,1
DA:856,1
DA:858,1
DA:859,1
DA:860,1
DA:861,1
DA:863,2
DA:864,0
DA:865,2
DA:866,1
DA:867,1
DA:868,0
DA:869,1
DA:870,1
DA:871,1
DA:875,1
DA:876,1
DA:878,1
DA:879,1
DA:880,1
DA:881,1
DA:883,1
DA:884,1
DA:885,0
DA:887,2
DA:888,2
DA:894,2
DA:895,2
DA:897,1
DA:898,2
DA:899,0
DA:900,0
DA:901,0
DA:902,1
DA:903,1
DA:911,1
DA:912,1
DA:913,1
DA:914,1
DA:915,1
DA:916,1
DA:917,1
DA:918,1
DA:919,1
DA:920,1
DA:921,1
DA:922,1
DA:923,1
DA:926,1
DA:927,1
DA:928,1
DA:929,0
DA:930,0
DA:931,1
DA:932,0
DA:933,0
DA:934,1
DA:936,1
DA:937,1
DA:938,1
DA:939,1
DA:940,1
DA:941,1
DA:942,1
DA:944,1
DA:945,2
DA:946,0
DA:947,0
DA:948,0
DA:949,2
DA:950,1
DA:952,1
DA:953,3
DA:954,3
DA:956,2
DA:957,3
DA:959,1
DA:960,1
DA:961,1
DA:962,1
DA:963,3
DA:965,1
DA:966,1
DA:967,1
DA:968,1
DA:969,1
DA:970,1
DA:971,1
DA:972,1
DA:973,1
DA:974,1
DA:975,1
DA:976,1
DA:977,1
DA:978,1
DA:979,1
DA:980,1
DA:981,1
DA:983,1
DA:984,1
DA:985,1
DA:986,1
DA:987,1
DA:992,1
DA:993,1
DA:994,1
DA:995,1
DA:996,0
DA:997,0
DA:999,1
DA:1000,1
DA:1002,1
DA:1003,1
DA:1004,1
DA:1005,0
DA:1006,0
DA:1007,1
DA:1009,1
DA:1010,1
DA:1011,1
DA:1012,1
DA:1013,1
DA:1014,0
DA:1015,0
DA:1016,0
DA:1017,1
DA:1018,1
DA:1019,1
DA:1020,0
DA:1021,0
DA:1022,0
DA:1023,1
DA:1024,1
DA:1034,1
DA:1036,1
DA:1037,2
DA:1038,2
DA:1041,2
DA:1042,2
DA:1044,0
DA:1045,0
DA:1047,2
DA:1048,1
DA:1049,1
DA:1050,1
DA:1051,1
DA:1052,1
DA:1054,0
DA:1055,0
DA:1056,0
DA:1057,0
DA:1059,0
DA:1060,0
DA:1061,0
DA:1062,0
DA:1063,0
DA:1064,0
DA:1065,0
DA:1066,0
DA:1067,0
DA:1068,0
DA:1069,2
DA:1081,1
DA:1084,1
DA:1085,1
DA:1086,1
DA:1087,1
DA:1088,1
DA:1089,1
DA:1090,1
DA:1094,1
DA:1107,1
DA:1108,0
DA:1110,0
DA:1111,0
DA:1117,0
DA:1118,0
DA:1120,0
DA:1121,0
DA:1122,0
DA:1123,0
DA:1124,0
DA:1125,0
DA:1126,0
DA:1127,0
DA:1128,0
DA:1129,0
DA:1130,0
DA:1131,0
DA:1132,0
DA:1134,1
DA:1137,1
DA:1138,8
DA:1139,6
DA:1146,6
DA:1154,6
DA:1155,6
DA:1156,0
DA:1157,0
DA:1158,0
DA:1159,0
DA:1160,0
DA:1161,0
DA:1162,6
DA:1163,6
DA:1170,6
DA:1171,6
DA:1174,6
DA:1175,6
DA:1177,6
DA:1178,6
DA:1179,6
DA:1180,6
DA:1182,6
DA:1183,6
DA:1184,6
DA:1185,6
DA:1186,6
DA:1188,6
DA:1189,6
DA:1190,6
DA:1191,6
DA:1192,6
DA:1194,6
DA:1195,6
DA:1196,6
DA:1197,6
DA:1198,6
DA:1199,8
DA:1200,8
DA:1202,1
DA:1205,1
DA:1206,0
DA:1207,0
DA:1209,0
DA:1210,0
DA:1211,0
DA:1212,0
DA:1213,0
DA:1214,0
DA:1215,0
DA:1216,0
DA:1217,0
DA:1218,0
DA:1220,0
DA:1221,0
DA:1222,0
DA:1223,0
DA:1225,0
DA:1226,0
DA:1227,0
DA:1228,0
DA:1229,0
DA:1230,0
DA:1231,0
DA:1243,0
DA:1249,0
DA:1251,0
DA:1252,0
DA:1253,0
DA:1254,0
DA:1255,0
DA:1256,0
DA:1257,0
DA:1259,0
DA:1260,0
DA:1261,0
DA:1262,0
DA:1263,0
DA:1264,0
DA:1265,0
DA:1266,0
DA:1267,0
DA:1268,0
DA:1269,0
DA:1270,0
DA:1271,0
DA:1272,0
DA:1273,0
DA:1274,0
DA:1275,0
DA:1277,0
DA:1278,0
DA:1279,0
DA:1280,0
DA:1281,0
DA:1282,0
DA:1283,0
DA:1284,0
DA:1286,1
DA:1289,1
DA:1290,0
DA:1291,0
DA:1292,0
DA:1294,0
DA:1295,0
DA:1296,0
DA:1297,0
DA:1298,0
DA:1299,0
DA:1300,0
DA:1302,0
DA:1303,0
DA:1304,0
DA:1305,0
DA:1307,0
DA:1309,0
DA:1310,0
DA:1311,0
DA:1312,0
DA:1313,0
DA:1315,0
DA:1316,0
DA:1317,0
DA:1318,0
DA:1319,0
DA:1320,0
DA:1321,0
DA:1337,1
DA:1340,1
DA:1341,6
DA:1342,6
DA:1345,6
DA:1347,6
DA:1348,6
DA:1350,6
DA:1351,6
DA:1356,6
DA:1357,1
DA:1358,1
DA:1359,1
DA:1360,1
DA:1361,1
DA:1362,1
DA:1364,2
DA:1366,2
DA:1367,2
DA:1368,2
DA:1369,2
DA:1378,2
DA:1379,6
DA:1380,0
DA:1381,0
DA:1382,0
DA:1384,0
DA:1385,0
DA:1386,0
DA:1387,0
DA:1388,0
DA:1389,0
DA:1390,0
DA:1391,0
DA:1392,0
DA:1393,0
DA:1394,0
DA:1395,0
DA:1396,0
DA:1397,0
DA:1398,0
DA:1399,0
DA:1400,0
DA:1401,0
DA:1402,0
DA:1403,0
DA:1404,0
DA:1405,0
DA:1406,0
DA:1407,0
DA:1408,0
DA:1409,0
DA:1410,0
DA:1411,0
DA:1412,0
DA:1413,0
DA:1414,0
DA:1415,0
DA:1416,0
DA:1417,0
DA:1418,0
DA:1419,0
DA:1421,2
DA:1422,2
DA:1423,2
DA:1424,2
DA:1425,2
DA:1426,6
DA:1427,6
DA:1446,7
DA:1447,7
DA:1448,7
DA:1449,7
DA:1450,7
DA:1451,7
DA:1452,7
DA:1453,7
DA:1455,7
DA:1456,7
DA:1457,7
DA:1459,5
DA:1460,5
DA:1461,5
DA:1462,5
DA:1463,5
DA:1464,5
DA:1465,5
DA:1466,5
DA:1467,5
DA:1468,5
DA:1470,1
DA:1472,1
DA:1473,2
DA:1474,2
DA:1475,1
DA:1476,1
DA:1478,1
DA:1479,1
DA:1480,1
DA:1481,1
DA:1482,1
DA:1483,1
DA:1484,1
DA:1485,1
DA:1486,1
DA:1487,1
DA:1488,1
DA:1497,0
DA:1498,0
DA:1499,0
DA:1500,0
DA:1502,0
DA:1503,0
DA:1504,0
DA:1505,0
DA:1507,0
DA:1509,0
DA:1510,0
DA:1513,0
DA:1514,0
DA:1516,0
DA:1517,0
DA:1518,0
DA:1519,0
DA:1521,0
DA:1522,0
DA:1523,0
DA:1524,0
DA:1525,0
DA:1526,0
DA:1527,0
DA:1529,0
DA:1530,0
DA:1531,0
DA:1532,0
DA:1533,0
DA:1534,0
DA:1535,0
DA:1536,0
DA:1538,1
DA:1540,1
DA:1541,5
DA:1547,5
DA:1548,5
DA:1549,5
DA:1550,5
DA:1551,5
DA:1552,5
DA:1553,5
DA:1554,5
DA:1555,5
DA:1556,3
DA:1557,3
DA:1559,2
DA:1560,2
DA:1561,2
DA:1562,2
DA:1563,5
DA:1564,1
DA:1565,1
DA:1566,1
DA:1567,1
DA:1568,1
DA:1569,1
DA:1570,1
DA:1571,1
DA:1572,1
DA:1573,5
DA:1574,5
DA:1576,1
DA:1578,1
DA:1579,2
DA:1580,2
DA:1581,1
DA:1582,1
DA:1587,1
DA:1588,1
DA:1589,1
DA:1590,1
DA:1591,1
DA:1592,1
DA:1593,1
DA:1594,1
DA:1595,1
DA:1596,1
DA:1597,1
DA:1602,0
DA:1603,0
DA:1604,0
DA:1605,0
DA:1607,0
DA:1608,0
DA:1609,0
DA:1610,2
DA:1615,0
DA:1616,0
DA:1617,0
DA:1618,0
DA:1620,0
DA:1621,0
DA:1624,0
DA:1625,0
DA:1626,0
DA:1627,0
DA:1628,0
DA:1629,0
DA:1630,0
DA:1631,0
DA:1640,0
DA:1641,0
DA:1642,0
DA:1643,0
DA:1644,0
DA:1645,0
DA:1646,0
DA:1647,0
DA:1648,0
DA:1649,0
DA:1650,0
DA:1651,0
DA:1652,0
DA:1654,1
DA:1665,1
DA:1666,0
DA:1667,0
DA:1668,0
DA:1669,0
DA:1671,0
DA:1673,0
DA:1674,0
DA:1675,0
DA:1676,0
DA:1677,0
DA:1678,0
DA:1679,0
DA:1680,0
DA:1681,0
DA:1682,0
DA:1683,0
DA:1684,0
DA:1686,0
DA:1687,0
DA:1688,0
DA:1698,0
DA:1699,0
DA:1700,0
DA:1701,0
DA:1702,0
DA:1703,0
DA:1704,0
DA:1705,0
DA:1706,0
DA:1707,0
DA:1709,0
DA:1710,0
DA:1711,0
DA:1712,0
DA:1714,0
DA:1715,0
DA:1716,0
DA:1717,0
DA:1719,0
DA:1728,0
DA:1729,0
DA:1730,0
DA:1731,0
DA:1732,0
DA:1733,0
DA:1734,0
DA:1735,0
DA:1737,0
DA:1739,0
DA:1740,0
DA:1741,0
DA:1742,0
DA:1743,0
DA:1744,0
DA:1745,0
DA:1746,0
DA:1747,0
DA:1748,0
DA:1749,0
DA:1750,0
DA:1751,0
DA:1752,0
DA:1753,0
DA:1755,0
DA:1756,0
DA:1757,0
DA:1758,0
DA:1759,0
DA:1760,0
DA:1761,0
DA:1762,0
DA:1763,0
DA:1764,0
DA:1765,0
DA:1766,0
DA:1767,0
DA:1768,0
DA:1769,0
DA:1770,0
DA:1772,1
DA:1776,1
DA:1777,8
DA:1778,4
DA:1779,4
DA:1780,4
DA:1782,4
DA:1783,4
DA:1784,4
DA:1785,4
DA:1786,4
DA:1787,4
DA:1788,4
DA:1789,4
DA:1790,4
DA:1791,4
DA:1792,4
DA:1793,4
DA:1794,4
DA:1795,4
DA:1796,4
DA:1797,4
DA:1798,4
DA:1799,4
DA:1801,4
DA:1802,4
DA:1803,4
DA:1804,4
DA:1805,4
DA:1806,4
DA:1807,4
DA:1808,4
DA:1810,4
DA:1812,4
DA:1813,4
DA:1814,4
DA:1815,4
DA:1821,4
DA:1822,4
DA:1823,4
DA:1824,4
DA:1825,4
DA:1826,4
DA:1827,0
DA:1828,0
DA:1829,4
DA:1830,4
DA:1831,4
DA:1832,4
DA:1833,4
DA:1834,4
DA:1836,4
DA:1837,4
DA:1838,4
DA:1839,4
DA:1840,4
DA:1841,8
DA:1842,8
DA:1863,5
DA:1871,5
DA:1872,5
DA:1873,5
DA:1874,5
DA:1887,5
DA:1888,5
DA:1889,5
DA:1890,5
DA:1891,5
DA:1892,5
DA:1893,5
DA:1894,5
DA:1895,5
DA:1896,5
DA:1897,5
DA:1898,5
DA:1899,5
DA:1900,0
DA:1901,0
DA:1902,0
DA:1903,0
DA:1904,0
DA:1905,0
DA:1906,5
DA:1919,1
DA:1930,1
DA:1931,0
DA:1932,0
DA:1936,0
DA:1937,0
DA:1939,0
DA:1940,0
DA:1941,0
DA:1942,0
DA:1943,0
DA:1944,0
DA:1945,0
DA:1956,0
DA:1957,0
DA:1961,0
DA:1962,0
DA:1964,0
DA:1965,0
DA:1966,0
DA:1967,0
DA:1968,0
DA:1969,0
DA:1970,0
DA:1971,0
DA:1972,0
DA:1973,0
DA:1974,0
DA:1975,0
DA:1976,0
DA:1977,0
DA:1978,0
DA:1979,0
DA:1980,0
DA:1981,0
DA:1982,0
DA:1984,0
DA:1986,0
DA:1987,0
DA:1988,0
DA:1989,0
DA:1991,0
DA:1992,0
DA:1993,0
DA:1994,0
DA:1995,0
DA:1996,0
DA:2002,0
DA:2003,0
DA:2006,0
DA:2007,0
DA:2009,0
DA:2010,0
DA:2011,0
DA:2012,0
DA:2013,0
DA:2014,0
DA:2015,0
DA:2017,0
DA:2018,0
DA:2019,0
DA:2020,0
DA:2021,0
DA:2022,0
DA:2023,0
DA:2024,0
DA:2025,0
DA:2029,0
DA:2030,0
DA:2031,0
DA:2032,0
DA:2033,0
DA:2049,1
DA:2055,1
DA:2056,0
DA:2057,0
DA:2058,0
DA:2060,0
DA:2061,0
DA:2062,0
DA:2063,0
DA:2064,0
DA:2065,0
DA:2066,0
DA:2067,0
DA:2068,0
DA:2070,0
DA:2071,0
DA:2072,0
DA:2073,0
DA:2074,0
DA:2075,0
DA:2076,0
DA:2077,0
DA:2078,0
DA:2079,0
DA:2080,0
DA:2081,0
DA:2082,0
DA:2088,0
DA:2089,0
DA:2090,0
DA:2091,0
DA:2092,0
DA:2093,0
DA:2094,0
DA:2095,0
DA:2096,0
DA:2097,0
DA:2098,0
DA:2099,0
DA:2100,0
DA:2101,0
DA:2102,0
DA:2103,0
DA:2104,0
DA:2105,0
DA:2108,0
DA:2109,0
DA:2110,0
DA:2111,0
DA:2112,0
DA:2113,0
DA:2114,0
DA:2115,0
DA:2116,0
DA:2117,0
DA:2118,0
DA:2122,0
DA:2123,0
DA:2127,0
DA:2128,0
DA:2130,0
DA:2131,0
DA:2132,0
DA:2133,0
DA:2134,0
DA:2135,0
DA:2136,0
DA:2138,0
DA:2139,0
DA:2140,0
DA:2141,0
DA:2142,0
DA:2143,0
DA:2144,0
DA:2145,0
DA:2147,0
DA:2148,0
DA:2149,0
DA:2150,0
DA:2151,0
DA:2152,0
DA:2153,0
DA:2154,0
DA:2155,0
DA:2156,0
DA:2158,0
DA:2159,0
DA:2160,0
DA:2161,0
DA:2162,0
DA:2165,0
DA:2166,0
DA:2167,0
DA:2168,0
DA:2169,0
DA:2171,0
DA:2172,0
DA:2173,0
DA:2174,0
DA:2175,0
DA:2176,0
DA:2177,0
DA:2178,0
DA:2179,0
DA:2180,0
DA:2181,0
DA:2182,0
DA:2183,0
DA:2185,1
DA:2189,1
DA:2190,5
DA:2191,5
DA:2192,5
DA:2207,5
DA:2208,2
DA:2209,2
DA:2210,2
DA:2211,2
DA:2212,2
DA:2213,2
DA:2214,5
DA:2215,3
DA:2216,3
DA:2217,3
DA:2218,3
DA:2219,3
DA:2220,3
DA:2228,0
DA:2229,0
DA:2230,0
DA:2231,0
DA:2232,0
DA:2233,0
DA:2234,0
DA:2235,0
DA:2236,0
DA:2238,0
DA:2239,0
DA:2240,0
DA:2241,0
DA:2242,0
DA:2243,0
DA:2245,0
DA:2247,0
DA:2248,0
DA:2249,0
DA:2250,0
DA:2251,0
DA:2252,0
DA:2253,0
DA:2254,0
DA:2255,5
DA:2256,5
DA:2280,1
DA:2282,1
DA:2283,16
DA:2284,16
DA:2289,16
DA:2294,16
DA:2295,1
DA:2296,1
DA:2298,15
DA:2300,16
DA:2301,6
DA:2302,6
DA:2303,6
DA:2305,9
DA:2313,9
DA:2314,16
DA:2315,4
DA:2316,4
DA:2317,4
DA:2318,0
DA:2319,0
DA:2321,4
DA:2322,4
DA:2323,4
DA:2324,4
DA:2325,4
DA:2326,1
DA:2327,1
DA:2328,1
DA:2329,3
DA:2331,3
DA:2332,3
DA:2333,3
DA:2334,4
DA:2335,4
DA:2336,4
DA:2337,4
DA:2338,4
DA:2339,4
DA:2340,0
DA:2341,0
DA:2342,0
DA:2343,0
DA:2344,0
DA:2345,0
DA:2352,3
DA:2353,3
DA:2354,1
DA:2355,2
DA:2356,1
DA:2359,1
DA:2360,2
DA:2361,0
DA:2362,4
DA:2363,3
DA:2364,3
DA:2367,3
DA:2368,3
DA:2369,3
DA:2370,3
DA:2371,3
DA:2372,3
DA:2373,3
DA:2375,3
DA:2376,3
DA:2378,5
DA:2379,5
DA:2381,16
DA:2382,16
DA:2383,5
DA:2384,0
DA:2385,0
DA:2386,0
DA:2388,16
DA:2390,16
DA:2391,0
DA:2392,0
DA:2397,5
DA:2398,5
DA:2401,5
DA:2402,5
DA:2404,12
DA:2405,3
DA:2406,3
DA:2407,3
DA:2409,2
DA:2410,2
DA:2411,12
DA:2418,16
DA:2419,16
DA:2420,16
DA:2421,16
DA:2422,16
DA:2423,16
DA:2424,16
DA:2425,16
DA:2426,16
DA:2428,16
DA:2429,1
DA:2430,1
DA:2431,1
DA:2432,1
DA:2433,1
DA:2434,1
DA:2436,16
DA:2437,1
DA:2438,1
DA:2442,1
DA:2443,1
DA:2448,1
DA:2449,1
DA:2450,1
DA:2451,1
DA:2452,1
DA:2453,1
DA:2454,1
DA:2457,1
DA:2458,1
DA:2459,1
DA:2460,1
DA:2461,1
DA:2462,1
DA:2463,12
DA:2464,0
DA:2465,0
DA:2468,0
DA:2469,0
DA:2471,0
DA:2472,0
DA:2473,0
DA:2474,0
DA:2475,0
DA:2476,0
DA:2477,0
DA:2478,0
DA:2479,0
DA:2480,0
DA:2481,0
DA:2482,0
DA:2483,0
DA:2484,0
DA:2485,0
DA:2489,0
DA:2490,0
DA:2492,1
DA:2493,1
DA:2495,1
DA:2507,1
DA:2508,1
DA:2510,1
DA:2512,1
DA:2513,1
DA:2514,1
DA:2515,0
DA:2516,0
DA:2517,0
DA:2518,0
DA:2519,0
DA:2520,1
DA:2521,1
DA:2522,1
DA:2524,1
DA:2527,1
DA:2528,4
DA:2529,4
DA:2530,4
DA:2531,1
DA:2532,1
DA:2534,3
DA:2535,3
DA:2536,2
DA:2537,2
DA:2539,1
DA:2540,1
DA:2550,1
DA:2567,1
DA:2568,1
DA:2570,1
DA:2571,1
DA:2572,1
DA:2573,1
DA:2574,1
DA:2575,0
DA:2581,0
DA:2582,0
DA:2583,0
DA:2585,1
DA:2586,1
DA:2587,1
DA:2588,1
DA:2589,1
DA:2591,0
DA:2595,0
DA:2596,0
DA:2597,0
DA:2598,0
DA:2599,0
DA:2601,0
DA:2603,1
DA:2604,1
DA:2605,1
DA:2606,1
DA:2607,1
DA:2608,1
DA:2609,0
DA:2612,0
DA:2613,1
DA:2614,1
DA:2615,1
DA:2616,1
DA:2617,0
DA:2618,0
DA:2619,1
DA:2620,1
DA:2621,1
DA:2623,1
DA:2628,1
DA:2631,1
DA:2632,0
DA:2633,0
DA:2635,1
DA:2637,1
DA:2638,1
DA:2639,1
DA:2640,1
DA:2641,1
DA:2643,1
DA:2644,1
DA:2646,1
DA:2651,0
DA:2652,0
DA:2653,0
DA:2654,0
DA:2655,0
DA:2656,0
DA:2657,0
DA:2658,0
DA:2660,0
DA:2661,0
DA:2662,0
DA:2663,0
DA:2664,0
DA:2665,0
DA:2666,0
DA:2667,0
DA:2668,0
DA:2669,0
DA:2672,0
DA:2673,0
DA:2675,0
DA:2676,0
DA:2680,0
DA:2681,0
DA:2682,0
DA:2683,0
DA:2685,0
DA:2686,0
DA:2687,0
DA:2688,0
DA:2689,0
DA:2691,0
DA:2692,0
DA:2693,0
DA:2694,0
DA:2695,0
DA:2696,0
DA:2697,0
DA:2698,0
DA:2700,0
DA:2704,0
DA:2705,0
DA:2706,0
DA:2707,0
DA:2709,0
DA:2710,0
DA:2711,0
DA:2712,0
DA:2713,0
DA:2714,0
DA:2715,1
DA:2716,1
DA:2717,1
DA:2728,1
DA:2736,1
DA:2740,1
DA:2741,0
DA:2742,0
DA:2743,0
DA:2745,0
DA:2747,0
DA:2748,0
DA:2749,0
DA:2750,0
DA:2757,0
DA:2758,0
DA:2759,0
DA:2760,0
DA:2761,0
DA:2763,0
DA:2765,0
DA:2766,0
DA:2767,0
DA:2768,0
DA:2769,0
DA:2771,1
DA:2781,1
DA:2782,1
DA:2784,1
DA:2785,1
DA:2786,1
DA:2787,1
DA:2793,0
DA:2794,0
DA:2795,0
DA:2796,0
DA:2797,0
DA:2798,0
DA:2799,0
DA:2800,0
DA:2801,0
DA:2802,0
DA:2803,0
DA:2805,1
DA:2806,1
DA:2807,1
DA:2808,1
DA:2809,1
DA:2810,1
DA:2811,0
DA:2812,0
DA:2813,0
DA:2814,1
DA:2815,1
DA:2817,1
DA:2818,1
DA:2819,1
DA:2820,1
DA:2821,1
DA:2822,1
DA:2823,1
DA:2824,1
DA:2825,1
DA:2829,1
DA:2865,1
DA:2866,1
DA:2867,1
DA:2869,1
DA:2870,1
DA:2871,1
DA:2881,0
DA:2890,0
DA:2892,0
DA:2893,0
DA:2895,0
DA:2896,0
DA:2897,0
DA:2898,0
DA:2900,0
DA:2901,0
DA:2903,0
DA:2904,0
DA:2905,0
DA:2906,0
DA:2907,0
DA:2908,0
DA:2909,1
DA:2910,1
DA:2911,1
DA:2913,1
DA:2914,1
DA:2915,1
DA:2916,1
DA:2917,1
DA:2918,1
DA:2919,0
DA:2920,0
DA:2921,0
DA:2923,0
DA:2924,0
DA:2925,0
DA:2926,0
DA:2927,0
DA:2929,0
DA:2947,0
DA:2948,0
DA:2949,0
DA:2950,0
DA:2951,0
DA:2952,0
DA:2953,0
DA:2954,0
DA:2955,0
DA:2956,0
DA:2957,0
DA:2958,0
DA:2959,0
DA:2960,0
DA:2961,0
DA:2962,0
DA:2963,0
DA:2964,0
DA:2965,0
DA:2967,0
DA:2971,0
DA:2972,0
DA:2973,0
DA:2974,0
DA:2975,0
DA:2976,0
DA:2978,0
DA:2979,0
DA:2980,0
DA:2981,0
DA:2982,0
DA:2984,0
DA:2985,0
DA:2990,0
DA:2991,0
DA:2992,0
DA:2993,0
DA:2994,0
DA:2995,0
DA:2996,0
DA:2997,0
DA:2999,0
DA:3001,0
DA:3002,0
DA:3003,0
DA:3004,0
DA:3005,0
DA:3006,0
DA:3007,0
DA:3008,0
DA:3009,0
DA:3010,0
DA:3011,0
DA:3012,0
DA:3013,0
DA:3014,0
DA:3015,0
DA:3016,0
DA:3017,0
DA:3032,1
DA:3035,1
DA:3036,1
DA:3038,1
DA:3039,1
DA:3040,1
DA:3041,1
DA:3042,1
DA:3043,1
DA:3045,0
DA:3046,0
DA:3051,0
DA:3052,0
DA:3053,0
DA:3054,0
DA:3056,0
DA:3057,1
DA:3058,1
DA:3059,1
DA:3060,1
DA:3062,0
DA:3063,0
DA:3064,0
DA:3065,0
DA:3067,0
DA:3068,0
DA:3069,0
DA:3070,0
DA:3071,0
DA:3072,0
DA:3073,0
DA:3074,0
DA:3078,0
DA:3079,0
DA:3080,0
DA:3081,0
DA:3082,0
DA:3083,1
DA:3092,1
DA:3122,1
DA:3123,1
DA:3125,1
DA:3126,1
DA:3127,1
DA:3128,1
DA:3130,0
DA:3131,0
DA:3133,0
DA:3134,0
DA:3138,0
DA:3139,0
DA:3140,0
DA:3146,1
DA:3147,1
DA:3150,1
DA:3151,1
DA:3152,0
DA:3153,0
DA:3154,0
DA:3155,0
DA:3158,0
DA:3159,0
DA:3160,0
DA:3161,0
DA:3163,0
DA:3164,0
DA:3166,0
DA:3167,0
DA:3168,1
DA:3169,1
DA:3170,1
DA:3171,1
DA:3172,1
DA:3173,1
DA:3174,1
DA:3175,1
DA:3176,1
DA:3177,1
DA:3178,1
DA:3179,0
DA:3180,0
DA:3183,0
DA:3184,0
DA:3185,0
DA:3186,0
DA:3187,0
DA:3188,0
DA:3189,0
DA:3190,0
DA:3191,0
DA:3192,0
DA:3193,1
DA:3194,0
DA:3195,0
DA:3196,0
DA:3197,0
DA:3198,0
DA:3199,0
DA:3200,1
DA:3201,1
DA:3205,0
DA:3206,0
DA:3207,0
DA:3208,1
DA:3212,1
DA:3214,1
DA:3221,1
DA:3222,0
DA:3223,0
DA:3225,0
DA:3226,0
DA:3227,0
DA:3236,0
DA:3243,0
DA:3244,0
DA:3245,0
DA:3246,0
DA:3247,0
DA:3248,0
DA:3249,0
DA:3251,0
DA:3252,0
DA:3253,0
DA:3256,0
DA:3257,0
DA:3258,0
DA:3259,0
DA:3260,0
DA:3261,0
DA:3263,0
DA:3264,0
DA:3265,0
DA:3266,0
DA:3267,0
DA:3268,0
DA:3270,0
DA:3271,0
DA:3273,0
DA:3274,0
DA:3276,0
DA:3277,0
DA:3278,0
DA:3279,0
DA:3280,0
DA:3281,0
DA:3282,0
DA:3283,0
DA:3284,0
DA:3285,0
DA:3286,0
DA:3287,0
DA:3289,0
DA:3290,0
DA:3291,0
DA:3292,0
DA:3293,0
DA:3294,0
DA:3295,0
DA:3297,0
DA:3298,0
DA:3299,0
DA:3300,0
DA:3301,0
DA:3302,0
DA:3304,0
DA:3305,0
DA:3306,0
DA:3307,0
DA:3308,0
DA:3309,0
DA:3311,1
DA:3313,1
DA:3314,0
DA:3315,0
DA:3325,0
DA:3326,0
DA:3327,0
DA:3328,0
DA:3329,0
DA:3330,0
DA:3331,0
DA:3332,0
DA:3333,0
DA:3334,0
DA:3335,0
DA:3337,0
DA:3338,0
DA:3339,0
DA:3340,0
DA:3341,0
DA:3347,1
DA:3348,1
DA:3349,1
DA:3350,1
DA:3351,1
DA:3352,1
DA:3353,1
DA:3356,0
DA:3357,0
DA:3358,0
DA:3359,0
DA:3360,0
DA:3361,0
DA:3362,0
DA:3363,0
DA:3365,1
DA:3367,1
DA:3368,0
DA:3369,0
DA:3371,0
DA:3376,0
DA:3382,0
DA:3383,0
DA:3384,0
DA:3385,0
DA:3386,0
DA:3387,0
DA:3388,0
DA:3389,0
DA:3390,0
DA:3391,0
DA:3392,0
DA:3393,0
DA:3394,0
DA:3395,0
DA:3396,0
DA:3397,0
DA:3403,0
DA:3404,0
DA:3405,0
DA:3407,0
DA:3408,0
DA:3409,0
DA:3410,0
DA:3411,0
DA:3422,1
DA:3423,1
DA:3425,0
DA:3426,0
DA:3427,0
DA:3428,0
DA:3429,0
DA:3430,0
DA:3431,0
DA:3432,0
DA:3433,0
DA:3435,0
DA:3436,0
DA:3437,0
DA:3438,0
DA:3440,0
DA:3441,0
DA:3442,0
DA:3443,0
DA:3444,0
DA:3445,0
DA:3446,0
DA:3447,0
DA:3448,0
DA:3449,0
DA:3450,0
DA:3452,0
DA:3453,0
DA:3454,0
DA:3455,0
DA:3456,0
DA:3457,0
DA:3458,0
DA:3459,0
DA:3461,1
DA:3462,1
DA:3464,1
DA:3465,0
DA:3466,0
DA:3469,1
LF:2182
LH:1133
BRDA:85,0,0,0
BRDA:86,1,0,0
BRDA:87,2,0,0
BRDA:107,3,0,0
BRDA:107,4,0,0
BRDA:257,5,0,0
BRDA:259,6,0,0
BRDA:3464,7,0,0
BRDA:134,8,0,12
BRDA:135,9,0,0
BRDA:135,10,0,0
BRDA:139,11,0,1
BRDA:140,12,0,0
BRDA:141,13,0,1
BRDA:148,14,0,0
BRDA:149,15,0,1
BRDA:202,16,0,6
BRDA:205,17,0,0
BRDA:212,18,0,4
BRDA:213,19,0,0
BRDA:220,20,0,0
BRDA:286,21,0,75
BRDA:288,22,0,1
BRDA:291,23,0,74
BRDA:294,24,0,0
BRDA:309,25,0,3
BRDA:316,26,0,0
BRDA:319,27,0,0
BRDA:319,28,0,0
BRDA:319,29,0,0
BRDA:314,30,0,3
BRDA:324,31,0,124
BRDA:330,32,0,124
BRDA:381,33,0,2
BRDA:390,34,0,1
BRDA:397,35,0,0
BRDA:404,36,0,0
BRDA:406,37,0,0
BRDA:407,38,0,0
BRDA:414,39,0,1
BRDA:429,40,0,4
BRDA:437,41,0,3
BRDA:439,42,0,1
BRDA:439,43,0,2
BRDA:444,44,0,0
BRDA:444,45,0,2
BRDA:446,46,0,0
BRDA:446,47,0,2
BRDA:451,48,0,13
BRDA:499,49,0,17
BRDA:500,50,0,0
BRDA:501,51,0,0
BRDA:514,52,0,0
BRDA:518,53,0,1
BRDA:527,54,0,16
BRDA:532,55,0,4
BRDA:541,56,0,12
BRDA:513,57,0,1
BRDA:560,58,0,3
BRDA:561,59,0,0
BRDA:562,60,0,0
BRDA:567,61,0,1
BRDA:569,62,0,2
BRDA:574,63,0,0
BRDA:581,64,0,2
BRDA:583,65,0,1
BRDA:598,66,0,0
BRDA:598,67,0,1
BRDA:607,68,0,4
BRDA:609,69,0,3
BRDA:622,70,0,5
BRDA:624,71,0,4
BRDA:624,72,0,1
BRDA:647,73,0,0
BRDA:648,74,0,4
BRDA:648,75,0,0
BRDA:649,76,0,4
BRDA:649,77,0,4
BRDA:658,78,0,2
BRDA:660,79,0,0
BRDA:663,80,0,1
BRDA:668,81,0,0
BRDA:676,82,0,2
BRDA:678,83,0,0
BRDA:680,84,0,0
BRDA:681,85,0,0
BRDA:685,86,0,1
BRDA:694,87,0,0
BRDA:705,88,0,2
BRDA:707,89,0,0
BRDA:709,90,0,0
BRDA:710,91,0,0
BRDA:715,92,0,0
BRDA:721,93,0,1
BRDA:747,94,0,2
BRDA:755,95,0,2
BRDA:757,96,0,0
BRDA:762,97,0,1
BRDA:762,98,0,1
BRDA:773,99,0,1
BRDA:781,100,0,2
BRDA:783,101,0,1
BRDA:788,102,0,0
BRDA:788,103,0,1
BRDA:790,104,0,0
BRDA:790,105,0,1
BRDA:794,106,0,2
BRDA:806,107,0,2
BRDA:808,108,0,1
BRDA:825,109,0,0
BRDA:828,110,0,1
BRDA:833,111,0,0
BRDA:836,112,0,1
BRDA:838,113,0,0
BRDA:839,114,0,0
BRDA:843,115,0,1
BRDA:844,116,0,0
BRDA:847,117,0,1
BRDA:850,118,0,0
BRDA:850,119,0,0
BRDA:852,120,0,1
BRDA:863,121,0,0
BRDA:863,122,0,0
BRDA:865,123,0,1
BRDA:867,124,0,0
BRDA:867,125,0,0
BRDA:884,126,0,0
BRDA:894,127,0,0
BRDA:895,128,0,1
BRDA:898,129,0,0
BRDA:901,130,0,1
BRDA:913,131,0,0
BRDA:928,132,0,0
BRDA:931,133,0,0
BRDA:945,134,0,0
BRDA:952,135,0,3
BRDA:953,136,0,0
BRDA:954,137,0,1
BRDA:954,138,0,2
BRDA:957,139,0,1
BRDA:963,140,0,0
BRDA:963,141,0,1
BRDA:992,142,0,1
BRDA:994,143,0,0
BRDA:995,144,0,0
BRDA:1004,145,0,0
BRDA:1013,146,0,0
BRDA:1019,147,0,0
BRDA:1018,148,0,1
BRDA:1036,149,0,2
BRDA:1042,150,0,0
BRDA:1047,151,0,1
BRDA:1052,152,0,0
BRDA:1137,153,0,8
BRDA:1138,154,0,6
BRDA:1155,155,0,0
BRDA:1155,156,0,0
BRDA:1162,157,0,0
BRDA:1340,158,0,6
BRDA:1341,159,0,6
BRDA:1351,160,0,3
BRDA:1356,161,0,1
BRDA:1362,162,0,2
BRDA:1379,163,0,0
BRDA:1379,164,0,0
BRDA:1379,165,0,0
BRDA:1419,166,0,2
BRDA:1446,167,0,7
BRDA:1453,168,0,0
BRDA:1456,169,0,0
BRDA:1457,170,0,6
BRDA:1457,171,0,2
BRDA:1457,172,0,5
BRDA:1472,173,0,2
BRDA:1473,174,0,0
BRDA:1474,175,0,1
BRDA:1488,176,0,0
BRDA:1540,177,0,5
BRDA:1555,178,0,3
BRDA:1557,179,0,2
BRDA:1563,180,0,1
BRDA:1578,181,0,2
BRDA:1579,182,0,0
BRDA:1580,183,0,1
BRDA:1597,184,0,0
BRDA:1610,185,0,0
BRDA:1776,186,0,8
BRDA:1777,187,0,4
BRDA:1825,188,0,0
BRDA:1825,189,0,0
BRDA:1826,190,0,0
BRDA:1863,191,0,5
BRDA:1888,192,0,3
BRDA:1889,193,0,0
BRDA:1894,194,0,0
BRDA:1895,195,0,0
BRDA:1899,196,0,0
BRDA:2189,197,0,5
BRDA:2190,198,0,5
BRDA:2192,199,0,0
BRDA:2207,200,0,4
BRDA:2207,201,0,2
BRDA:2213,202,0,3
BRDA:2214,203,0,1
BRDA:2214,204,0,3
BRDA:2220,205,0,0
BRDA:2282,206,0,16
BRDA:2283,207,0,1
BRDA:2284,208,0,2
BRDA:2294,209,0,1
BRDA:2296,210,0,15
BRDA:2300,211,0,6
BRDA:2303,212,0,9
BRDA:2314,213,0,4
BRDA:2315,214,0,0
BRDA:2317,215,0,0
BRDA:2325,216,0,1
BRDA:2328,217,0,3
BRDA:2334,218,0,0
BRDA:2337,219,0,0
BRDA:2338,220,0,3
BRDA:2339,221,0,0
BRDA:2345,222,0,3
BRDA:2353,223,0,1
BRDA:2354,224,0,2
BRDA:2355,225,0,1
BRDA:2356,226,0,1
BRDA:2360,227,0,0
BRDA:2362,228,0,3
BRDA:2367,229,0,1
BRDA:2376,230,0,5
BRDA:2381,231,0,5
BRDA:2381,232,0,0
BRDA:2382,233,0,5
BRDA:2382,234,0,5
BRDA:2383,235,0,0
BRDA:2390,236,0,0
BRDA:2390,237,0,12
BRDA:2390,238,0,0
BRDA:2392,239,0,5
BRDA:2404,240,0,3
BRDA:2407,241,0,2
BRDA:2411,242,0,0
BRDA:2425,243,0,2
BRDA:2425,244,0,0
BRDA:2426,245,0,2
BRDA:2428,246,0,12
BRDA:2428,247,0,1
BRDA:2436,248,0,0
BRDA:2436,249,0,12
BRDA:2436,250,0,1
BRDA:2463,251,0,0
BRDA:2490,252,0,1
BRDA:2507,253,0,1
BRDA:2527,254,0,4
BRDA:2530,255,0,1
BRDA:2532,256,0,3
BRDA:2535,257,0,2
BRDA:2537,258,0,1
BRDA:2567,259,0,1
BRDA:2574,260,0,0
BRDA:2574,261,0,0
BRDA:2589,262,0,0
BRDA:2608,263,0,0
BRDA:2613,264,0,0
BRDA:2614,265,0,0
BRDA:2614,266,0,0
BRDA:2616,267,0,0
BRDA:2616,268,0,0
BRDA:2617,269,0,0
BRDA:2628,270,0,1
BRDA:2631,271,0,0
BRDA:2644,272,0,0
BRDA:2646,273,0,0
BRDA:2715,274,0,0
BRDA:2781,275,0,1
BRDA:2787,276,0,0
BRDA:2806,277,0,0
BRDA:2807,278,0,0
BRDA:2808,279,0,0
BRDA:2810,280,0,0
BRDA:2811,281,0,0
BRDA:2812,282,0,0
BRDA:2815,283,0,0
BRDA:2865,284,0,1
BRDA:2871,285,0,0
BRDA:2910,286,0,0
BRDA:2916,287,0,0
BRDA:2917,288,0,0
BRDA:2918,289,0,0
BRDA:3035,290,0,1
BRDA:3043,291,0,0
BRDA:3060,292,0,0
BRDA:3122,293,0,1
BRDA:3128,294,0,0
BRDA:3151,295,0,0
BRDA:3168,296,0,0
BRDA:3174,297,0,0
BRDA:3175,298,0,0
BRDA:3176,299,0,0
BRDA:3178,300,0,0
BRDA:3191,301,0,0
BRDA:3193,302,0,0
BRDA:3198,303,0,0
BRDA:3201,304,0,0
BRF:305
BRH:154
end_of_record
TN:
SF:apps\api-gateway\src\middleware\auth.ts
FN:44,isPublicPath
FN:59,isStreamPath
FN:92,registerAuth
FN:162,hashPassword
FN:167,verifyPassword
FNF:5
FNH:5
FNDA:124,isPublicPath
FNDA:35,isStreamPath
FNDA:12,registerAuth
FNDA:2,hashPassword
FNDA:17,verifyPassword
DA:12,1
DA:13,1
DA:16,1
DA:25,1
DA:26,1
DA:27,1
DA:28,1
DA:29,1
DA:33,1
DA:38,1
DA:39,1
DA:40,1
DA:41,1
DA:42,1
DA:44,124
DA:45,124
DA:46,124
DA:47,93
DA:48,93
DA:59,35
DA:60,35
DA:61,35
DA:92,1
DA:93,12
DA:94,12
DA:95,12
DA:96,12
DA:97,12
DA:98,12
DA:110,12
DA:112,12
DA:113,124
DA:118,77
DA:119,124
DA:120,42
DA:121,42
DA:122,42
DA:123,42
DA:125,35
DA:126,35
DA:127,101
DA:128,0
DA:129,0
DA:130,0
DA:131,0
DA:132,0
DA:133,0
DA:134,101
DA:135,35
DA:136,27
DA:143,101
DA:144,4
DA:145,4
DA:147,23
DA:148,23
DA:149,23
DA:150,23
DA:151,23
DA:152,23
DA:153,23
DA:154,23
DA:155,101
DA:156,8
DA:157,8
DA:158,12
DA:159,12
DA:162,1
DA:163,2
DA:164,2
DA:167,1
DA:168,17
DA:169,17
LF:72
LH:66
BRDA:44,0,0,124
BRDA:46,1,0,31
BRDA:46,2,0,93
BRDA:47,3,0,93
BRDA:59,4,0,35
BRDA:92,5,0,12
BRDA:112,6,0,124
BRDA:113,7,0,47
BRDA:113,8,0,120
BRDA:113,9,0,77
BRDA:119,10,0,42
BRDA:119,11,0,120
BRDA:119,12,0,42
BRDA:123,13,0,101
BRDA:123,14,0,35
BRDA:127,15,0,0
BRDA:134,16,0,94
BRDA:134,17,0,35
BRDA:135,18,0,27
BRDA:136,19,0,27
BRDA:143,20,0,56
BRDA:143,21,0,4
BRDA:145,22,0,23
BRDA:155,23,0,8
BRDA:162,24,0,2
BRDA:167,25,0,17
BRF:26
BRH:25
end_of_record
TN:
SF:apps\api-gateway\src\middleware\idempotency.ts
FN:22,inMemoryCacheSize
FN:37,evictStale
FN:63,withIdempotency
FN:202,request.log.warn.key.key
FNF:4
FNH:4
FNDA:1,inMemoryCacheSize
FNDA:10607,evictStale
FNDA:10632,withIdempotency
FNDA:46,request.log.warn.key.key
DA:11,1
DA:12,1
DA:19,1
DA:22,1
DA:23,1
DA:24,1
DA:37,10607
DA:38,10607
DA:39,10607
DA:40,56035608
DA:41,56035608
DA:42,10607
DA:43,603
DA:44,603
DA:45,10604
DA:46,1206
DA:47,603
DA:48,603
DA:49,603
DA:50,603
DA:63,10632
DA:64,10632
DA:65,10632
DA:66,10632
DA:67,10632
DA:68,10632
DA:69,10632
DA:70,10632
DA:72,10632
DA:73,19
DA:74,16
DA:75,16
DA:77,10613
DA:80,10613
DA:81,10632
DA:83,6
DA:84,6
DA:85,6
DA:86,6
DA:87,6
DA:88,6
DA:89,6
DA:91,6
DA:94,10607
DA:95,10607
DA:96,10607
DA:97,10607
DA:98,10607
DA:99,10607
DA:102,10607
DA:103,10607
DA:104,10607
DA:108,10607
DA:109,10607
DA:111,10608
DA:113,10605
DA:114,10605
DA:115,10605
DA:116,10605
DA:123,1
DA:124,1
DA:125,1
DA:126,1
DA:127,1
DA:128,1
DA:129,1
DA:131,10604
DA:132,10604
DA:135,10604
DA:136,10604
DA:137,10604
DA:140,10605
DA:141,10605
DA:142,10605
DA:143,0
DA:144,0
DA:146,10604
DA:147,10604
DA:148,10632
DA:150,1
DA:151,1
DA:152,1
DA:153,1
DA:154,1
DA:157,1
DA:158,1
DA:159,1
DA:160,1
DA:161,0
DA:162,0
DA:163,0
DA:164,0
DA:179,2
DA:180,10605
DA:181,48
DA:182,48
DA:183,48
DA:186,48
DA:187,48
DA:188,48
DA:189,1
DA:190,1
DA:191,1
DA:192,1
DA:193,1
DA:194,1
DA:195,1
DA:196,1
DA:197,48
DA:198,0
DA:199,0
DA:200,0
DA:201,47
DA:202,46
DA:203,46
DA:206,1
DA:207,10632
DA:208,10632
DA:209,10632
DA:210,10605
DA:211,0
DA:212,0
DA:213,0
DA:214,0
DA:215,1
DA:216,1
DA:217,1
DA:218,1
LF:128
LH:115
BRDA:22,0,0,1
BRDA:37,1,0,10607
BRDA:39,2,0,56035608
BRDA:40,3,0,0
BRDA:42,4,0,10004
BRDA:42,5,0,10604
BRDA:42,6,0,603
BRDA:45,7,0,1206
BRDA:46,8,0,603
BRDA:49,9,0,603
BRDA:63,10,0,10632
BRDA:69,11,0,26
BRDA:70,12,0,10613
BRDA:70,13,0,19
BRDA:72,14,0,19
BRDA:73,15,0,16
BRDA:75,16,0,10615
BRDA:75,17,0,10613
BRDA:81,18,0,6
BRDA:81,19,0,10613
BRDA:81,20,0,6
BRDA:91,21,0,10608
BRDA:91,22,0,10607
BRDA:111,23,0,10605
BRDA:115,24,0,10604
BRDA:116,25,0,1
BRDA:129,26,0,10604
BRDA:140,27,0,0
BRDA:141,28,0,10604
BRDA:142,29,0,0
BRDA:144,30,0,10604
BRDA:148,31,0,10605
BRDA:148,32,0,1
BRDA:153,33,0,0
BRDA:160,34,0,0
BRDA:164,35,0,2
BRDA:180,36,0,48
BRDA:188,37,0,1
BRDA:188,38,0,1
BRDA:197,39,0,0
BRDA:200,40,0,47
BRDA:201,41,0,1
BRDA:201,42,0,46
BRDA:203,43,0,1
BRDA:209,44,0,10605
BRDA:209,45,0,1
BRDA:210,46,0,0
BRDA:214,47,0,1
BRDA:85,48,0,6
BRDA:95,49,0,10607
BRDA:202,50,0,46
BRF:51
BRH:44
end_of_record
TN:
SF:apps\api-gateway\src\middleware\mfa-store.ts
FN:25,startEnrollment
FN:51,verifyEnrollment
FN:84,verifyActiveCode
FN:103,disableMfa
FNF:4
FNH:4
FNDA:2,startEnrollment
FNDA:2,verifyEnrollment
FNDA:4,verifyActiveCode
FNDA:1,disableMfa
DA:17,1
DA:20,1
DA:21,1
DA:22,1
DA:25,2
DA:26,2
DA:27,2
DA:28,2
DA:29,2
DA:30,2
DA:31,2
DA:32,2
DA:34,1
DA:35,1
DA:40,1
DA:41,1
DA:42,1
DA:44,1
DA:45,1
DA:47,1
DA:48,1
DA:51,2
DA:52,2
DA:53,2
DA:54,2
DA:55,2
DA:56,2
DA:57,2
DA:58,2
DA:61,2
DA:62,2
DA:63,2
DA:65,2
DA:66,2
DA:68,1
DA:69,1
DA:70,1
DA:71,1
DA:72,1
DA:73,1
DA:74,2
DA:75,0
DA:76,0
DA:77,2
DA:78,1
DA:79,1
DA:80,1
DA:81,1
DA:84,4
DA:85,4
DA:86,4
DA:87,4
DA:88,4
DA:89,4
DA:90,4
DA:91,4
DA:94,4
DA:95,4
DA:96,4
DA:98,4
DA:99,4
DA:100,4
DA:103,1
DA:104,1
DA:105,1
DA:106,1
DA:107,1
DA:108,1
DA:109,1
DA:110,1
DA:111,0
DA:112,0
DA:113,1
DA:114,1
DA:115,1
DA:116,1
LF:76
LH:72
BRDA:25,0,0,2
BRDA:32,1,0,1
BRDA:51,2,0,2
BRDA:63,3,0,0
BRDA:66,4,0,1
BRDA:74,5,0,0
BRDA:77,6,0,1
BRDA:84,7,0,4
BRDA:96,8,0,0
BRDA:103,9,0,1
BRDA:110,10,0,0
BRF:11
BRH:7
end_of_record
TN:
SF:apps\api-gateway\src\middleware\pdf.ts
FN:23,extractPdfText
FNF:1
FNH:0
FNDA:0,extractPdfText
DA:10,1
DA:12,1
DA:13,1
DA:14,1
DA:23,0
DA:24,0
DA:25,0
DA:26,0
DA:27,0
DA:28,0
DA:30,0
DA:32,0
DA:33,0
DA:34,0
DA:35,0
DA:36,0
DA:37,0
DA:39,0
DA:40,0
DA:41,0
DA:42,0
DA:43,0
LF:22
LH:4
BRF:0
BRH:0
end_of_record
TN:
SF:apps\api-gateway\src\middleware\rbac.ts
FN:31,isServiceCaller
FN:36,requireRole
FN:69,requireKycVerified
FN:110,logSecurityAudit
FNF:4
FNH:4
FNDA:38,isServiceCaller
FNDA:54,requireRole
FNDA:32,requireKycVerified
FNDA:30,logSecurityAudit
DA:31,38
DA:32,38
DA:33,38
DA:36,1
DA:37,54
DA:38,25
DA:40,5
DA:42,6
DA:43,1
DA:44,1
DA:45,1
DA:46,1
DA:47,1
DA:49,6
DA:50,1
DA:51,1
DA:52,1
DA:53,1
DA:54,1
DA:55,25
DA:56,54
DA:69,1
DA:70,32
DA:71,13
DA:73,7
DA:75,8
DA:76,1
DA:77,1
DA:79,6
DA:80,6
DA:81,6
DA:82,8
DA:83,1
DA:84,1
DA:85,1
DA:86,1
DA:87,1
DA:88,4
DA:89,8
DA:92,1
DA:93,1
DA:94,1
DA:95,1
DA:96,1
DA:97,1
DA:99,8
DA:100,3
DA:101,3
DA:102,3
DA:103,3
DA:104,3
DA:105,3
DA:106,13
DA:107,32
DA:110,30
DA:111,30
DA:112,30
DA:119,30
DA:120,30
DA:121,30
DA:122,30
DA:124,30
DA:125,30
DA:126,30
DA:127,0
DA:128,0
DA:129,30
LF:67
LH:65
BRDA:31,0,0,38
BRDA:36,1,0,54
BRDA:37,2,0,25
BRDA:38,3,0,20
BRDA:38,4,0,6
BRDA:38,5,0,5
BRDA:42,6,0,1
BRDA:47,7,0,4
BRDA:49,8,0,1
BRDA:69,9,0,32
BRDA:70,10,0,13
BRDA:71,11,0,6
BRDA:71,12,0,8
BRDA:71,13,0,7
BRDA:75,14,0,1
BRDA:77,15,0,6
BRDA:81,16,0,5
BRDA:82,17,0,1
BRDA:87,18,0,4
BRDA:89,19,0,1
BRDA:97,20,0,4
BRDA:99,21,0,3
BRDA:110,22,0,30
BRDA:124,23,0,0
BRDA:124,24,0,0
BRDA:124,25,0,0
BRDA:126,26,0,0
BRF:27
BRH:23
end_of_record
TN:
SF:apps\api-gateway\src\middleware\session-store.ts
FN:24,hashToken
FN:35,createSession
FN:47,newSessionId
FN:57,isSessionActive
FN:67,revokeSession
FNF:5
FNH:5
FNDA:22,hashToken
FNDA:22,createSession
FNDA:22,newSessionId
FNDA:27,isSessionActive
FNDA:3,revokeSession
DA:12,1
DA:24,22
DA:25,22
DA:26,22
DA:35,22
DA:36,22
DA:37,22
DA:38,22
DA:39,22
DA:40,22
DA:41,22
DA:43,22
DA:44,22
DA:45,22
DA:47,1
DA:48,22
DA:49,22
DA:57,27
DA:58,27
DA:59,27
DA:61,27
DA:62,27
DA:63,27
DA:64,27
DA:67,3
DA:68,3
DA:69,3
DA:70,3
DA:71,3
DA:72,3
LF:30
LH:30
BRDA:24,0,0,22
BRDA:35,1,0,22
BRDA:43,2,0,8
BRDA:43,3,0,8
BRDA:47,4,0,22
BRDA:57,5,0,27
BRDA:63,6,0,0
BRDA:67,7,0,3
BRF:8
BRH:7
end_of_record
TN:
SF:apps\ci-worker\src\ast-analyzer.ts
FN:108,decisionCountFor
FN:138,functionName
FN:168,collectHalstead
FN:172,addOperator
FN:173,addOperand
FN:176,enter
FN:345,countSourceLines
FN:383,analyzeAST
FN:420,enter
FN:449,enter
FN:499,computeMaintainabilityIndex
FNF:11
FNH:11
FNDA:310,decisionCountFor
FNDA:16,functionName
FNDA:25,collectHalstead
FNDA:106,addOperator
FNDA:127,addOperand
FNDA:310,enter
FNDA:25,countSourceLines
FNDA:26,analyzeAST
FNDA:310,enter
FNDA:310,enter
FNDA:25,computeMaintainabilityIndex
DA:24,1
DA:25,1
DA:38,1
DA:44,2
DA:45,2
DA:46,4
DA:47,4
DA:48,2
DA:49,2
DA:50,2
DA:51,0
DA:52,0
DA:53,0
DA:54,1
DA:91,1
DA:92,1
DA:93,1
DA:94,1
DA:95,1
DA:96,1
DA:97,1
DA:98,1
DA:99,1
DA:108,310
DA:109,310
DA:110,310
DA:111,310
DA:112,310
DA:113,310
DA:114,310
DA:115,310
DA:116,310
DA:117,310
DA:118,14
DA:119,310
DA:120,3
DA:121,310
DA:122,4
DA:123,310
DA:124,289
DA:125,310
DA:126,310
DA:128,1
DA:129,1
DA:130,1
DA:131,1
DA:132,1
DA:133,1
DA:134,1
DA:135,1
DA:138,16
DA:139,16
DA:141,16
DA:143,12
DA:144,1
DA:145,0
DA:146,1
DA:149,2
DA:150,16
DA:151,16
DA:152,16
DA:154,0
DA:155,0
DA:168,25
DA:169,25
DA:170,25
DA:172,25
DA:173,25
DA:175,25
DA:176,25
DA:177,310
DA:179,310
DA:181,310
DA:182,99
DA:183,99
DA:184,310
DA:185,0
DA:186,0
DA:187,310
DA:188,310
DA:189,310
DA:190,28
DA:191,28
DA:192,310
DA:193,310
DA:194,0
DA:195,0
DA:196,310
DA:197,0
DA:198,0
DA:199,310
DA:200,0
DA:201,0
DA:202,310
DA:203,0
DA:204,0
DA:207,310
DA:208,310
DA:209,310
DA:210,310
DA:211,310
DA:212,14
DA:213,14
DA:216,310
DA:217,12
DA:218,12
DA:219,310
DA:223,12
DA:224,12
DA:225,310
DA:226,310
DA:227,310
DA:228,6
DA:229,6
DA:230,310
DA:231,310
DA:232,1
DA:233,1
DA:234,310
DA:235,0
DA:236,0
DA:237,310
DA:238,0
DA:239,0
DA:240,310
DA:241,0
DA:242,0
DA:243,310
DA:244,310
DA:245,0
DA:246,0
DA:249,310
DA:250,8
DA:251,8
DA:252,8
DA:253,310
DA:254,3
DA:255,3
DA:256,310
DA:257,0
DA:258,0
DA:259,310
DA:260,0
DA:261,0
DA:262,310
DA:263,1
DA:264,1
DA:265,310
DA:266,1
DA:267,1
DA:268,310
DA:269,0
DA:270,0
DA:271,310
DA:272,1
DA:273,1
DA:274,310
DA:275,3
DA:276,3
DA:277,310
DA:278,1
DA:279,1
DA:280,310
DA:281,1
DA:282,1
DA:283,310
DA:284,0
DA:285,0
DA:286,310
DA:287,24
DA:288,24
DA:289,310
DA:290,0
DA:291,0
DA:292,310
DA:293,0
DA:294,0
DA:295,310
DA:296,0
DA:297,0
DA:298,310
DA:299,0
DA:300,0
DA:301,310
DA:302,310
DA:303,13
DA:304,13
DA:305,310
DA:306,2
DA:307,2
DA:308,310
DA:309,310
DA:310,1
DA:311,1
DA:312,310
DA:313,79
DA:314,310
DA:315,310
DA:316,25
DA:318,25
DA:319,25
DA:320,25
DA:321,25
DA:323,25
DA:324,25
DA:325,25
DA:327,25
DA:328,25
DA:329,25
DA:330,25
DA:331,25
DA:332,25
DA:333,25
DA:334,25
DA:335,25
DA:336,25
DA:345,25
DA:346,25
DA:348,23
DA:349,23
DA:351,25
DA:352,2
DA:353,2
DA:354,2
DA:355,2
DA:356,2
DA:358,23
DA:359,25
DA:360,69
DA:361,69
DA:362,69
DA:366,69
DA:367,2
DA:368,2
DA:369,2
DA:370,52
DA:371,52
DA:372,23
DA:373,23
DA:383,1
DA:384,26
DA:386,26
DA:387,26
DA:388,26
DA:389,26
DA:390,26
DA:391,26
DA:392,26
DA:393,26
DA:394,26
DA:395,26
DA:396,26
DA:397,1
DA:398,1
DA:399,1
DA:400,1
DA:401,1
DA:402,1
DA:403,1
DA:404,1
DA:405,1
DA:406,1
DA:407,1
DA:408,1
DA:409,1
DA:410,1
DA:415,25
DA:416,25
DA:417,25
DA:419,25
DA:420,25
DA:421,310
DA:423,310
DA:424,16
DA:425,16
DA:426,16
DA:427,16
DA:428,16
DA:429,16
DA:430,16
DA:432,310
DA:433,310
DA:435,20
DA:437,20
DA:438,20
DA:439,20
DA:440,20
DA:441,20
DA:442,310
DA:443,25
DA:447,25
DA:448,25
DA:449,25
DA:450,310
DA:451,310
DA:452,310
DA:453,310
DA:454,310
DA:455,25
DA:457,25
DA:458,25
DA:459,25
DA:460,26
DA:461,26
DA:464,26
DA:467,26
DA:468,26
DA:469,26
DA:470,26
DA:471,26
DA:472,26
DA:474,26
DA:475,26
DA:476,26
DA:477,26
DA:478,26
DA:479,26
DA:480,26
DA:481,26
DA:482,26
DA:483,26
DA:484,26
DA:485,26
DA:486,26
DA:499,1
DA:500,25
DA:501,25
DA:502,25
DA:503,25
DA:504,25
DA:506,23
DA:507,23
DA:508,23
DA:509,23
DA:510,23
DA:511,23
DA:512,23
DA:514,23
DA:515,23
LF:339
LH:299
BRDA:38,0,0,2
BRDA:45,1,0,4
BRDA:46,2,0,2
BRDA:47,3,0,2
BRDA:47,4,0,2
BRDA:50,5,0,0
BRDA:52,6,0,0
BRDA:108,7,0,310
BRDA:110,8,0,8
BRDA:111,9,0,11
BRDA:112,10,0,11
BRDA:113,11,0,11
BRDA:114,12,0,12
BRDA:115,13,0,13
BRDA:116,14,0,13
BRDA:117,15,0,14
BRDA:119,16,0,3
BRDA:120,17,0,2
BRDA:120,18,0,1
BRDA:121,19,0,4
BRDA:122,20,0,2
BRDA:122,21,0,1
BRDA:122,22,0,0
BRDA:123,23,0,289
BRDA:138,24,0,16
BRDA:141,25,0,13
BRDA:141,26,0,13
BRDA:141,27,0,12
BRDA:141,28,0,3
BRDA:143,29,0,1
BRDA:144,30,0,0
BRDA:146,31,0,2
BRDA:150,32,0,2
BRDA:150,33,0,12
BRDA:150,34,0,2
BRDA:150,35,0,0
BRDA:151,36,0,0
BRDA:151,37,0,0
BRDA:152,38,0,0
BRDA:152,39,0,0
BRDA:168,40,0,25
BRDA:325,41,0,23
BRDA:325,42,0,2
BRDA:172,43,0,106
BRDA:172,44,0,81
BRDA:173,45,0,127
BRDA:173,46,0,89
BRDA:176,47,0,310
BRDA:181,48,0,99
BRDA:184,49,0,0
BRDA:187,50,0,22
BRDA:188,51,0,28
BRDA:189,52,0,28
BRDA:192,53,0,0
BRDA:193,54,0,0
BRDA:196,55,0,0
BRDA:199,56,0,0
BRDA:202,57,0,0
BRDA:207,58,0,9
BRDA:208,59,0,13
BRDA:209,60,0,14
BRDA:210,61,0,14
BRDA:211,62,0,14
BRDA:216,63,0,12
BRDA:219,64,0,12
BRDA:223,65,0,11
BRDA:225,66,0,6
BRDA:226,67,0,6
BRDA:227,68,0,6
BRDA:230,69,0,1
BRDA:231,70,0,1
BRDA:232,71,0,0
BRDA:234,72,0,0
BRDA:237,73,0,0
BRDA:240,74,0,0
BRDA:243,75,0,0
BRDA:244,76,0,0
BRDA:249,77,0,8
BRDA:251,78,0,3
BRDA:253,79,0,3
BRDA:256,80,0,0
BRDA:259,81,0,0
BRDA:262,82,0,1
BRDA:265,83,0,1
BRDA:268,84,0,0
BRDA:271,85,0,1
BRDA:274,86,0,3
BRDA:275,87,0,2
BRDA:275,88,0,1
BRDA:277,89,0,1
BRDA:280,90,0,1
BRDA:283,91,0,0
BRDA:286,92,0,24
BRDA:289,93,0,0
BRDA:292,94,0,0
BRDA:295,95,0,0
BRDA:298,96,0,0
BRDA:301,97,0,13
BRDA:302,98,0,13
BRDA:305,99,0,2
BRDA:308,100,0,1
BRDA:309,101,0,1
BRDA:312,102,0,79
BRDA:320,103,0,81
BRDA:321,104,0,89
BRDA:345,105,0,25
BRDA:346,106,0,2
BRDA:346,107,0,23
BRDA:351,108,0,2
BRDA:352,109,0,0
BRDA:356,110,0,23
BRDA:359,111,0,69
BRDA:362,112,0,15
BRDA:362,113,0,54
BRDA:366,114,0,2
BRDA:367,115,0,0
BRDA:367,116,0,0
BRDA:369,117,0,52
BRDA:371,118,0,23
BRDA:383,119,0,26
BRDA:384,120,0,2
BRDA:384,121,0,24
BRDA:396,122,0,1
BRDA:408,123,0,0
BRDA:410,124,0,25
BRDA:460,125,0,14
BRDA:460,126,0,11
BRDA:461,127,0,14
BRDA:461,128,0,11
BRDA:467,129,0,0
BRDA:420,130,0,310
BRDA:423,131,0,16
BRDA:427,132,0,0
BRDA:433,133,0,290
BRDA:433,134,0,20
BRDA:440,135,0,0
BRDA:449,136,0,310
BRDA:450,137,0,294
BRDA:450,138,0,16
BRDA:451,139,0,0
BRDA:458,140,0,16
BRDA:460,141,0,16
BRDA:499,142,0,25
BRDA:504,143,0,23
BRDA:504,144,0,2
BRDA:504,145,0,23
BRF:146
BRH:109
end_of_record
TN:
SF:apps\ci-worker\src\audit-store.ts
FN:49,AuditStoreUnavailableError
FN:57,<instance_members_initializer>
FN:59,PostgresAuditStore
FN:63,save
FN:78,close
FN:85,<instance_members_initializer>
FN:87,save
FNF:7
FNH:2
FNDA:0,AuditStoreUnavailableError
FNDA:0,<instance_members_initializer>
FNDA:0,PostgresAuditStore
FNDA:0,save
FNDA:0,close
FNDA:2,<instance_members_initializer>
FNDA:2,save
DA:15,1
DA:16,1
DA:48,1
DA:49,1
DA:50,0
DA:51,0
DA:52,0
DA:53,1
DA:56,1
DA:57,1
DA:59,1
DA:60,0
DA:61,0
DA:63,1
DA:64,0
DA:65,0
DA:66,0
DA:68,0
DA:69,0
DA:70,0
DA:71,0
DA:72,0
DA:73,0
DA:74,0
DA:75,0
DA:76,0
DA:78,1
DA:79,0
DA:80,0
DA:81,1
DA:84,1
DA:85,1
DA:87,1
DA:88,2
DA:89,2
DA:90,1
LF:36
LH:17
BRDA:57,0,0,0
BRDA:85,1,0,2
BRDA:87,2,0,2
BRF:3
BRH:2
end_of_record
TN:
SF:apps\ci-worker\src\sandbox-runner.ts
FNF:0
FNH:0
DA:7,1
LF:1
LH:1
BRF:0
BRH:0
end_of_record
TN:
SF:apps\ci-worker\src\security-auditor.ts
FN:66,loadRules
FN:90,performStaticScan
FN:94,record
FN:130,computeSecurityScore
FN:143,performSecurityScan
FN:183,performDualLayerScan
FNF:6
FNH:6
FNDA:1,loadRules
FNDA:4,performStaticScan
FNDA:4,record
FNDA:4,computeSecurityScore
FNDA:1,performSecurityScan
FNDA:3,performDualLayerScan
DA:24,1
DA:25,1
DA:64,1
DA:66,1
DA:69,1
DA:70,1
DA:71,1
DA:73,1
DA:75,1
DA:76,1
DA:78,1
DA:79,22
DA:80,22
DA:81,1
DA:90,1
DA:91,4
DA:92,4
DA:94,4
DA:95,4
DA:96,4
DA:97,2
DA:98,2
DA:99,2
DA:100,2
DA:101,2
DA:102,2
DA:103,2
DA:104,2
DA:105,2
DA:106,4
DA:108,4
DA:110,4
DA:112,88
DA:113,154
DA:114,154
DA:117,88
DA:118,88
DA:119,88
DA:120,2
DA:121,2
DA:122,2
DA:123,88
DA:125,4
DA:126,4
DA:127,4
DA:130,1
DA:131,4
DA:132,4
DA:133,4
DA:134,4
DA:135,4
DA:143,1
DA:144,1
DA:145,1
DA:146,1
DA:148,1
DA:149,1
DA:150,1
DA:151,1
DA:152,1
DA:153,1
DA:154,1
DA:183,3
DA:184,3
DA:185,3
DA:186,3
DA:187,3
DA:188,3
DA:190,3
DA:191,3
DA:193,3
DA:194,3
DA:196,3
DA:197,3
DA:198,3
DA:199,3
DA:200,3
DA:201,3
DA:202,3
DA:203,3
DA:204,3
DA:205,3
DA:207,0
DA:208,0
DA:209,0
DA:211,0
DA:212,3
DA:213,3
DA:214,3
DA:215,3
DA:216,0
DA:217,0
DA:218,3
DA:219,3
DA:220,3
DA:224,3
DA:225,3
DA:226,3
DA:227,3
DA:228,3
DA:230,3
DA:231,3
DA:233,3
DA:234,3
DA:235,3
DA:236,3
DA:237,3
DA:238,3
DA:239,3
DA:240,3
LF:110
LH:104
BRDA:66,0,0,1
BRDA:78,1,0,22
BRDA:80,2,0,16
BRDA:80,3,0,6
BRDA:90,4,0,4
BRDA:110,5,0,88
BRDA:112,6,0,154
BRDA:113,7,0,2
BRDA:117,8,0,64
BRDA:117,9,0,24
BRDA:119,10,0,2
BRDA:119,11,0,2
BRDA:94,12,0,4
BRDA:96,13,0,2
BRDA:125,14,0,1
BRDA:125,15,0,0
BRDA:125,16,0,0
BRDA:125,17,0,0
BRDA:130,18,0,4
BRDA:131,19,0,2
BRDA:132,20,0,2
BRDA:143,21,0,1
BRDA:150,22,0,0
BRDA:145,23,0,2
BRDA:146,24,0,2
BRDA:183,25,0,3
BRDA:201,26,0,0
BRDA:205,27,0,0
BRDA:214,28,0,0
BRDA:215,29,0,0
BRDA:237,30,0,0
BRDA:238,31,0,0
BRF:32
BRH:22
end_of_record
TN:
SF:apps\ci-worker\src\source-fetcher.ts
FN:39,SourceUnavailableError
FN:63,isAuditableSourcePath
FN:76,parseGitHubSlug
FN:91,isCommitSha
FN:117,<instance_members_initializer>
FN:122,GitHubSourceFetcher
FN:129,fetchSource
FN:194,getJson
FN:238,decodeBlob
FN:259,createSourceFetcher
FNF:10
FNH:10
FNDA:8,SourceUnavailableError
FNDA:30,isAuditableSourcePath
FNDA:25,parseGitHubSlug
FNDA:21,isCommitSha
FNDA:15,<instance_members_initializer>
FNDA:15,GitHubSourceFetcher
FNDA:15,fetchSource
FNDA:24,getJson
FNDA:11,decodeBlob
FNDA:3,createSourceFetcher
DA:38,1
DA:39,1
DA:40,8
DA:41,8
DA:42,8
DA:43,1
DA:58,1
DA:61,1
DA:63,1
DA:64,30
DA:65,30
DA:66,30
DA:67,20
DA:68,20
DA:76,1
DA:77,25
DA:79,24
DA:80,24
DA:81,24
DA:82,25
DA:84,20
DA:86,25
DA:87,19
DA:88,19
DA:91,1
DA:92,21
DA:93,21
DA:116,1
DA:117,1
DA:118,15
DA:119,15
DA:120,15
DA:122,1
DA:123,15
DA:124,15
DA:125,15
DA:126,15
DA:127,15
DA:129,1
DA:130,15
DA:131,15
DA:132,1
DA:133,1
DA:134,1
DA:135,1
DA:137,15
DA:140,1
DA:141,1
DA:143,1
DA:144,1
DA:146,13
DA:148,13
DA:149,10
DA:150,15
DA:152,15
DA:155,1
DA:156,1
DA:158,1
DA:159,1
DA:161,9
DA:162,15
DA:163,1
DA:164,1
DA:165,1
DA:166,1
DA:168,8
DA:169,8
DA:171,15
DA:172,11
DA:173,11
DA:174,11
DA:176,11
DA:177,11
DA:178,1
DA:179,1
DA:180,1
DA:181,1
DA:182,10
DA:183,10
DA:185,15
DA:186,0
DA:187,0
DA:188,0
DA:189,0
DA:191,7
DA:192,15
DA:194,1
DA:195,24
DA:196,24
DA:197,24
DA:198,24
DA:199,24
DA:201,24
DA:202,24
DA:203,24
DA:204,24
DA:205,24
DA:206,24
DA:207,24
DA:208,1
DA:209,1
DA:210,1
DA:211,1
DA:213,24
DA:214,1
DA:215,1
DA:217,1
DA:218,1
DA:219,24
DA:220,1
DA:221,1
DA:223,1
DA:224,1
DA:225,24
DA:226,0
DA:227,0
DA:229,21
DA:230,21
DA:231,24
DA:232,0
DA:233,0
DA:234,24
DA:235,1
DA:238,11
DA:239,11
DA:240,11
DA:241,11
DA:242,0
DA:243,0
DA:244,11
DA:245,11
DA:246,11
DA:247,0
DA:248,0
DA:249,11
DA:259,1
DA:260,3
DA:261,1
DA:262,1
LF:139
LH:127
BRDA:39,0,0,8
BRDA:63,1,0,30
BRDA:64,2,0,7
BRDA:64,3,0,23
BRDA:65,4,0,1
BRDA:65,5,0,22
BRDA:66,6,0,2
BRDA:66,7,0,20
BRDA:64,8,0,157
BRDA:67,9,0,50
BRDA:76,10,0,25
BRDA:77,11,0,1
BRDA:77,12,0,24
BRDA:82,13,0,4
BRDA:82,14,0,20
BRDA:86,15,0,19
BRDA:86,16,0,1
BRDA:86,17,0,19
BRDA:91,18,0,21
BRDA:117,19,0,15
BRDA:122,20,0,15
BRDA:125,21,0,14
BRDA:126,22,0,1
BRDA:129,23,0,15
BRDA:131,24,0,1
BRDA:133,25,0,0
BRDA:135,26,0,14
BRDA:137,27,0,1
BRDA:141,28,0,0
BRDA:144,29,0,13
BRDA:148,30,0,10
BRDA:150,31,0,10
BRDA:150,32,0,0
BRDA:152,33,0,10
BRDA:152,34,0,1
BRDA:159,35,0,9
BRDA:162,36,0,1
BRDA:166,37,0,8
BRDA:171,38,0,11
BRDA:174,39,0,0
BRDA:177,40,0,1
BRDA:181,41,0,10
BRDA:183,42,0,7
BRDA:185,43,0,0
BRDA:189,44,0,7
BRDA:161,45,0,14
BRDA:171,46,0,3
BRDA:194,47,0,24
BRDA:199,48,0,2
BRDA:206,49,0,23
BRDA:207,50,0,1
BRDA:209,51,0,0
BRDA:211,52,0,23
BRDA:213,53,0,1
BRDA:218,54,0,22
BRDA:219,55,0,1
BRDA:224,56,0,21
BRDA:225,57,0,0
BRDA:227,58,0,21
BRDA:231,59,0,0
BRDA:238,60,0,11
BRDA:240,61,0,0
BRDA:241,62,0,0
BRDA:246,63,0,0
BRDA:259,64,0,3
BRDA:260,65,0,2
BRDA:260,66,0,1
BRF:67
BRH:56
end_of_record
TN:
SF:apps\ci-worker\src\worker.ts
FN:26,getAuditStore
FN:37,processCodePush
FN:282,main
FN:343,shutdown
FNF:4
FNH:1
FNDA:0,getAuditStore
FNDA:4,processCodePush
FNDA:0,main
FNDA:0,shutdown
DA:5,1
DA:7,1
DA:8,1
DA:9,1
DA:10,1
DA:11,1
DA:12,1
DA:13,1
DA:14,1
DA:21,1
DA:22,1
DA:23,1
DA:25,1
DA:26,0
DA:27,0
DA:28,0
DA:29,0
DA:30,0
DA:31,0
DA:37,4
DA:38,4
DA:39,4
DA:40,4
DA:41,4
DA:50,4
DA:51,4
DA:52,4
DA:58,4
DA:59,0
DA:60,0
DA:61,0
DA:62,0
DA:66,0
DA:67,0
DA:68,0
DA:74,4
DA:80,1
DA:81,0
DA:82,0
DA:83,0
DA:84,1
DA:86,1
DA:87,1
DA:93,1
DA:94,1
DA:105,3
DA:106,4
DA:107,3
DA:108,3
DA:109,3
DA:110,3
DA:111,3
DA:112,3
DA:113,3
DA:114,3
DA:115,0
DA:116,0
DA:117,0
DA:118,0
DA:119,3
DA:120,3
DA:121,3
DA:122,3
DA:123,3
DA:124,3
DA:125,3
DA:127,3
DA:128,3
DA:129,4
DA:130,4
DA:131,4
DA:132,4
DA:133,3
DA:134,3
DA:135,3
DA:136,3
DA:137,3
DA:138,3
DA:139,3
DA:140,3
DA:141,3
DA:142,3
DA:143,3
DA:144,3
DA:150,3
DA:151,3
DA:152,3
DA:153,3
DA:154,3
DA:155,3
DA:156,3
DA:157,3
DA:158,3
DA:159,3
DA:160,3
DA:163,3
DA:164,3
DA:165,3
DA:168,3
DA:169,3
DA:170,3
DA:171,3
DA:182,3
DA:183,3
DA:184,3
DA:185,3
DA:186,3
DA:187,3
DA:188,3
DA:189,3
DA:190,3
DA:191,3
DA:192,3
DA:193,3
DA:194,3
DA:195,3
DA:196,3
DA:197,3
DA:200,3
DA:203,3
DA:204,3
DA:205,3
DA:206,0
DA:207,0
DA:208,0
DA:213,4
DA:214,4
DA:216,4
DA:217,4
DA:218,4
DA:219,4
DA:220,4
DA:221,4
DA:222,4
DA:223,4
DA:224,4
DA:225,4
DA:229,4
DA:233,4
DA:234,0
DA:235,0
DA:236,0
DA:237,0
DA:241,4
DA:242,4
DA:243,4
DA:244,4
DA:245,4
DA:246,4
DA:247,4
DA:252,4
DA:254,2
DA:255,2
DA:256,2
DA:260,3
DA:261,3
DA:262,4
DA:280,1
DA:282,0
DA:283,0
DA:289,0
DA:294,0
DA:295,0
DA:296,0
DA:297,0
DA:298,0
DA:299,0
DA:300,0
DA:302,0
DA:303,0
DA:310,0
DA:312,0
DA:315,0
DA:316,0
DA:318,0
DA:319,0
DA:320,0
DA:321,0
DA:322,0
DA:323,0
DA:324,0
DA:325,0
DA:329,0
DA:330,0
DA:331,0
DA:332,0
DA:333,0
DA:334,0
DA:335,0
DA:336,0
DA:337,0
DA:338,0
DA:340,0
DA:341,0
DA:343,0
DA:344,0
DA:345,0
DA:346,0
DA:347,0
DA:349,1
DA:350,1
DA:352,1
DA:353,0
DA:354,0
DA:355,0
DA:356,0
DA:357,0
LF:207
LH:134
BRDA:352,0,0,0
BRDA:37,1,0,4
BRDA:58,2,0,3
BRDA:58,3,0,1
BRDA:58,4,0,0
BRDA:58,5,0,0
BRDA:58,6,0,0
BRDA:74,7,0,3
BRDA:74,8,0,1
BRDA:80,9,0,0
BRDA:80,10,0,0
BRDA:94,11,0,3
BRDA:106,12,0,3
BRDA:114,13,0,0
BRDA:121,14,0,0
BRDA:129,15,0,3
BRDA:129,16,0,0
BRDA:130,17,0,0
BRDA:131,18,0,0
BRDA:132,19,0,3
BRDA:205,20,0,0
BRDA:206,21,0,0
BRDA:207,22,0,0
BRDA:233,23,0,0
BRDA:243,24,0,3
BRDA:243,25,0,0
BRDA:252,26,0,3
BRDA:252,27,0,0
BRDA:252,28,0,2
BRDA:256,29,0,3
BRDA:260,30,0,0
BRF:31
BRH:13
end_of_record
TN:
SF:apps\ci-worker\src\workspace-builder.ts
FN:127,TestBundleUnavailableError
FN:178,stripCodeFences
FN:184,fetchTestBundle
FN:230,buildWorkspace
FN:272,cleanup
FNF:5
FNH:4
FNDA:6,TestBundleUnavailableError
FNDA:0,stripCodeFences
FNDA:5,fetchTestBundle
FNDA:16,buildWorkspace
FNDA:10,cleanup
DA:40,1
DA:41,1
DA:42,1
DA:43,1
DA:45,1
DA:48,1
DA:100,1
DA:126,1
DA:127,1
DA:128,6
DA:129,6
DA:130,6
DA:131,1
DA:133,1
DA:134,1
DA:135,1
DA:136,1
DA:137,1
DA:140,1
DA:141,1
DA:142,1
DA:143,1
DA:144,1
DA:153,1
DA:166,1
DA:178,0
DA:179,0
DA:180,0
DA:181,0
DA:184,5
DA:185,5
DA:186,5
DA:187,5
DA:188,5
DA:189,5
DA:190,5
DA:191,5
DA:193,5
DA:194,5
DA:195,5
DA:196,5
DA:197,5
DA:198,5
DA:199,5
DA:200,5
DA:201,5
DA:202,5
DA:203,5
DA:204,5
DA:205,5
DA:207,0
DA:208,0
DA:209,0
DA:210,0
DA:211,0
DA:212,0
DA:213,0
DA:215,0
DA:216,0
DA:217,0
DA:218,0
DA:220,0
DA:221,0
DA:222,0
DA:223,0
DA:230,16
DA:231,16
DA:232,16
DA:233,16
DA:234,16
DA:235,16
DA:236,16
DA:237,16
DA:238,16
DA:240,16
DA:241,1
DA:242,1
DA:243,1
DA:244,1
DA:246,15
DA:247,15
DA:248,16
DA:249,7
DA:250,7
DA:251,16
DA:252,3
DA:253,3
DA:254,8
DA:255,5
DA:256,5
DA:257,0
DA:262,10
DA:263,10
DA:264,13
DA:265,0
DA:266,0
DA:268,0
DA:269,0
DA:271,10
DA:272,10
DA:274,10
DA:275,10
DA:276,10
DA:278,10
DA:279,10
DA:280,10
DA:281,10
DA:282,10
DA:283,10
DA:284,10
DA:285,10
DA:286,10
DA:287,10
DA:288,10
DA:289,10
DA:290,10
DA:291,10
DA:292,10
DA:293,10
DA:306,10
DA:307,10
DA:308,10
DA:309,10
DA:310,10
DA:311,10
DA:312,10
DA:313,10
DA:314,10
DA:315,10
DA:316,10
DA:317,10
DA:318,10
DA:319,10
DA:320,10
DA:322,10
DA:323,10
DA:324,10
DA:332,10
DA:333,10
DA:334,10
DA:335,10
DA:336,13
DA:337,0
DA:338,0
DA:339,0
DA:340,16
LF:146
LH:119
BRDA:127,0,0,6
BRDA:184,1,0,5
BRDA:196,2,0,3
BRDA:196,3,0,2
BRDA:198,4,0,0
BRDA:202,5,0,0
BRDA:205,6,0,0
BRDA:230,7,0,16
BRDA:240,8,0,1
BRDA:244,9,0,15
BRDA:248,10,0,7
BRDA:251,11,0,8
BRDA:251,12,0,3
BRDA:254,13,0,5
BRDA:256,14,0,0
BRDA:257,15,0,13
BRDA:257,16,0,10
BRDA:264,17,0,0
BRDA:269,18,0,10
BRDA:336,19,0,0
BRDA:272,20,0,10
BRDA:272,21,0,10
BRDA:319,22,0,110
BRF:23
BRH:17
end_of_record
TN:
SF:apps\ci-worker\src\sandbox\docker-sandbox.ts
FN:44,shellQuote
FN:49,execFileCapture
FN:86,<instance_members_initializer>
FN:88,isAvailable
FN:95,describeThreatModel
FN:114,run
FN:120,fail
FNF:7
FNH:6
FNDA:0,shellQuote
FNDA:10,execFileCapture
FNDA:5,<instance_members_initializer>
FNDA:10,isAvailable
FNDA:4,describeThreatModel
FNDA:4,run
FNDA:4,fail
DA:14,1
DA:15,1
DA:16,1
DA:17,1
DA:25,1
DA:33,1
DA:44,0
DA:45,0
DA:46,0
DA:49,10
DA:50,10
DA:51,10
DA:52,10
DA:53,10
DA:54,10
DA:55,10
DA:56,10
DA:57,10
DA:58,10
DA:60,10
DA:61,10
DA:62,10
DA:63,10
DA:64,0
DA:65,10
DA:67,10
DA:68,10
DA:69,0
DA:70,0
DA:71,10
DA:72,0
DA:74,10
DA:75,0
DA:76,0
DA:77,10
DA:78,10
DA:79,10
DA:80,10
DA:81,10
DA:82,10
DA:83,10
DA:85,1
DA:86,1
DA:88,1
DA:89,10
DA:90,10
DA:91,10
DA:92,10
DA:93,10
DA:95,1
DA:96,4
DA:97,4
DA:98,4
DA:99,4
DA:100,4
DA:101,4
DA:102,4
DA:103,4
DA:104,4
DA:105,4
DA:106,4
DA:107,4
DA:108,4
DA:109,4
DA:110,4
DA:111,4
DA:112,4
DA:114,1
DA:115,4
DA:116,4
DA:117,4
DA:118,4
DA:120,4
DA:121,4
DA:122,4
DA:123,4
DA:124,4
DA:125,4
DA:126,4
DA:127,4
DA:128,4
DA:129,4
DA:130,4
DA:131,4
DA:133,4
DA:134,0
DA:135,0
DA:138,4
DA:139,4
DA:141,4
DA:142,4
DA:143,0
DA:144,0
DA:145,0
DA:146,0
DA:147,0
DA:149,0
DA:150,0
DA:151,0
DA:152,0
DA:153,0
DA:154,0
DA:155,0
DA:156,0
DA:157,0
DA:158,0
DA:159,0
DA:160,0
DA:162,4
DA:163,4
DA:164,4
DA:165,0
DA:166,0
DA:167,0
DA:168,0
DA:169,0
DA:171,0
DA:172,0
DA:173,0
DA:174,0
DA:175,0
DA:176,0
DA:177,0
DA:178,0
DA:182,0
DA:183,0
DA:184,0
DA:196,0
DA:201,0
DA:205,0
DA:209,0
DA:213,0
DA:214,0
DA:215,0
DA:216,0
DA:222,0
DA:223,0
DA:224,0
DA:225,0
DA:226,0
DA:240,0
DA:241,0
DA:242,0
DA:244,0
DA:247,4
DA:249,4
DA:250,0
DA:252,0
DA:253,0
DA:254,0
DA:255,0
DA:256,0
DA:257,0
DA:258,4
DA:259,4
DA:260,4
DA:261,4
DA:262,4
DA:263,4
DA:264,4
DA:265,0
DA:266,4
DA:267,4
DA:268,4
DA:269,4
DA:270,1
LF:166
LH:97
BRDA:49,0,0,10
BRDA:54,1,0,10
BRDA:71,2,0,0
BRDA:60,3,0,10
BRDA:78,4,0,10
BRDA:80,5,0,0
BRDA:86,6,0,5
BRDA:88,7,0,10
BRDA:95,8,0,4
BRDA:114,9,0,4
BRDA:133,10,0,0
BRDA:142,11,0,0
BRDA:164,12,0,0
BRDA:242,13,0,0
BRDA:249,14,0,0
BRDA:264,15,0,0
BRDA:267,16,0,0
BRDA:120,17,0,4
BRF:18
BRH:9
end_of_record
TN:
SF:apps\ci-worker\src\sandbox\index.ts
FN:28,selectSandboxRunner
FN:63,runInSandbox
FNF:2
FNH:2
FNDA:5,selectSandboxRunner
FNDA:4,runInSandbox
DA:14,1
DA:15,1
DA:18,1
DA:19,1
DA:20,1
DA:28,5
DA:29,5
DA:30,5
DA:31,5
DA:33,5
DA:34,0
DA:35,0
DA:36,0
DA:38,0
DA:39,0
DA:40,0
DA:41,0
DA:43,5
DA:44,0
DA:45,0
DA:46,0
DA:48,0
DA:49,0
DA:50,0
DA:51,0
DA:53,5
DA:54,0
DA:55,0
DA:63,4
DA:64,4
DA:65,4
DA:66,4
DA:67,4
DA:68,4
DA:69,4
DA:70,4
DA:71,0
DA:72,0
DA:73,0
DA:74,0
DA:75,0
DA:76,0
DA:77,0
DA:78,0
DA:79,0
DA:80,0
DA:81,0
DA:85,0
DA:86,0
DA:87,0
DA:88,4
DA:92,4
DA:93,4
LF:53
LH:23
BRDA:28,0,0,5
BRDA:33,1,0,0
BRDA:43,2,0,0
BRDA:53,3,0,0
BRDA:63,4,0,4
BRDA:70,5,0,0
BRF:6
BRH:2
end_of_record
TN:
SF:apps\ci-worker\src\sandbox\node-permission-sandbox.ts
FN:50,<instance_members_initializer>
FN:52,isAvailable
FN:61,describeThreatModel
FN:84,run
FN:90,fail
FN:180,exitCode
FNF:6
FNH:6
FNDA:12,<instance_members_initializer>
FNDA:10,isAvailable
FNDA:1,describeThreatModel
FNDA:6,run
FNDA:2,fail
FNDA:4,exitCode
DA:27,1
DA:28,1
DA:29,1
DA:30,1
DA:31,1
DA:39,1
DA:41,1
DA:47,1
DA:49,1
DA:50,1
DA:52,1
DA:55,10
DA:56,10
DA:57,10
DA:58,0
DA:59,10
DA:61,1
DA:62,1
DA:63,1
DA:64,1
DA:65,1
DA:66,1
DA:67,1
DA:68,1
DA:69,1
DA:70,1
DA:71,1
DA:72,1
DA:73,1
DA:74,1
DA:75,1
DA:76,1
DA:77,1
DA:78,1
DA:79,1
DA:80,1
DA:81,1
DA:82,1
DA:84,1
DA:85,6
DA:86,6
DA:87,6
DA:88,6
DA:90,6
DA:91,2
DA:92,2
DA:93,2
DA:94,2
DA:95,2
DA:96,2
DA:97,2
DA:98,2
DA:99,2
DA:100,2
DA:101,2
DA:103,6
DA:104,0
DA:105,0
DA:107,0
DA:108,0
DA:110,6
DA:111,6
DA:112,1
DA:113,1
DA:115,5
DA:116,5
DA:117,6
DA:118,1
DA:119,1
DA:121,4
DA:122,4
DA:123,4
DA:124,0
DA:125,0
DA:127,0
DA:128,0
DA:130,4
DA:132,4
DA:136,4
DA:137,6
DA:139,6
DA:140,6
DA:141,6
DA:142,6
DA:143,6
DA:144,6
DA:145,6
DA:146,6
DA:147,6
DA:148,6
DA:149,6
DA:151,6
DA:152,6
DA:153,6
DA:156,6
DA:157,6
DA:158,6
DA:159,6
DA:160,6
DA:161,6
DA:162,6
DA:164,6
DA:165,6
DA:166,6
DA:168,6
DA:169,9
DA:170,6
DA:171,6
DA:172,0
DA:173,6
DA:175,6
DA:176,0
DA:177,0
DA:178,6
DA:180,6
DA:181,4
DA:182,4
DA:183,6
DA:184,4
DA:186,4
DA:188,4
DA:189,4
DA:190,4
DA:191,4
DA:192,4
DA:193,4
DA:194,6
DA:195,6
DA:196,6
DA:197,6
DA:198,6
DA:199,6
DA:200,6
DA:201,0
DA:202,4
DA:203,4
DA:204,4
DA:205,6
DA:206,1
LF:139
LH:126
BRDA:50,0,0,12
BRDA:52,1,0,10
BRDA:56,2,0,0
BRDA:57,3,0,0
BRDA:61,4,0,1
BRDA:84,5,0,6
BRDA:87,6,0,2
BRDA:103,7,0,0
BRDA:111,8,0,5
BRDA:111,9,0,1
BRDA:116,10,0,4
BRDA:117,11,0,1
BRDA:119,12,0,4
BRDA:123,13,0,0
BRDA:136,14,0,0
BRDA:137,15,0,0
BRDA:156,16,0,0
BRDA:183,17,0,4
BRDA:194,18,0,0
BRDA:200,19,0,4
BRDA:200,20,0,0
BRDA:90,21,0,2
BRDA:168,22,0,9
BRDA:180,23,0,4
BRDA:182,24,0,4
BRDA:182,25,0,0
BRF:26
BRH:16
end_of_record
TN:
SF:apps\ci-worker\src\sandbox\types.ts
FN:107,parseTestOutput
FNF:1
FNH:1
FNDA:5,parseTestOutput
DA:107,1
DA:108,5
DA:109,17
DA:110,17
DA:111,5
DA:112,5
DA:114,5
DA:115,5
DA:116,5
DA:117,5
DA:118,5
DA:119,5
DA:120,5
DA:121,5
DA:123,17
DA:124,0
DA:125,0
DA:126,17
DA:128,0
DA:129,17
DA:130,0
DA:131,0
LF:22
LH:17
BRDA:107,0,0,5
BRDA:108,1,0,17
BRDA:110,2,0,12
BRDA:110,3,0,5
BRDA:118,4,0,0
BRDA:121,5,0,0
BRDA:123,6,0,0
BRDA:126,7,0,0
BRDA:129,8,0,0
BRF:9
BRH:4
end_of_record
TN:
SF:apps\settlement-worker\src\gateway-client.ts
FN:97,defaultSleep
FN:108,triggerScoring
FN:201,requestRootSignature
FN:251,logTriggerOutcome
FNF:4
FNH:3
FNDA:0,defaultSleep
FNDA:16,triggerScoring
FNDA:7,requestRootSignature
FNDA:8,logTriggerOutcome
DA:41,1
DA:42,1
DA:88,1
DA:91,1
DA:93,1
DA:94,1
DA:95,1
DA:97,1
DA:98,0
DA:108,16
DA:109,16
DA:110,16
DA:111,16
DA:112,16
DA:114,16
DA:115,16
DA:116,16
DA:117,16
DA:121,16
DA:126,16
DA:128,16
DA:129,16
DA:131,16
DA:132,21
DA:134,21
DA:135,21
DA:136,21
DA:137,21
DA:138,21
DA:139,21
DA:140,21
DA:141,21
DA:142,21
DA:144,20
DA:145,7
DA:146,7
DA:147,7
DA:148,7
DA:149,7
DA:150,7
DA:151,7
DA:153,13
DA:155,20
DA:156,2
DA:157,2
DA:158,18
DA:159,5
DA:160,5
DA:164,6
DA:165,17
DA:166,1
DA:167,1
DA:168,1
DA:169,1
DA:170,0
DA:171,1
DA:173,7
DA:175,7
DA:176,6
DA:177,6
DA:179,1
DA:180,1
DA:201,7
DA:202,7
DA:203,7
DA:204,7
DA:205,7
DA:206,7
DA:208,7
DA:209,7
DA:210,7
DA:211,7
DA:212,7
DA:213,7
DA:214,7
DA:218,7
DA:219,7
DA:221,7
DA:222,3
DA:223,3
DA:224,3
DA:225,3
DA:226,3
DA:227,3
DA:228,3
DA:230,3
DA:231,3
DA:232,7
DA:233,1
DA:234,1
DA:235,1
DA:236,7
DA:251,1
DA:252,8
DA:253,8
DA:254,8
DA:255,8
DA:256,8
DA:257,8
DA:258,3
DA:259,3
DA:260,3
DA:261,3
DA:262,3
DA:263,8
DA:264,2
DA:265,2
DA:266,2
DA:267,2
DA:268,2
DA:269,8
DA:270,1
DA:271,1
DA:272,1
DA:274,1
DA:275,1
DA:276,8
DA:277,1
DA:278,1
DA:279,1
DA:281,1
DA:282,1
DA:283,8
DA:284,1
DA:285,8
DA:286,8
LF:126
LH:124
BRDA:108,0,0,16
BRDA:112,1,0,1
BRDA:112,2,0,15
BRDA:114,3,0,4
BRDA:115,4,0,12
BRDA:116,5,0,15
BRDA:117,6,0,14
BRDA:126,7,0,14
BRDA:131,8,0,21
BRDA:142,9,0,20
BRDA:144,10,0,7
BRDA:151,11,0,13
BRDA:155,12,0,2
BRDA:157,13,0,18
BRDA:157,14,0,11
BRDA:158,15,0,5
BRDA:160,16,0,17
BRDA:160,17,0,6
BRDA:165,18,0,1
BRDA:168,19,0,0
BRDA:169,20,0,0
BRDA:171,21,0,7
BRDA:175,22,0,1
BRDA:175,23,0,6
BRDA:177,24,0,1
BRDA:153,25,0,4
BRDA:201,26,0,7
BRDA:205,27,0,0
BRDA:219,28,0,6
BRDA:221,29,0,3
BRDA:225,30,0,1
BRDA:232,31,0,1
BRDA:234,32,0,0
BRDA:251,33,0,8
BRDA:257,34,0,3
BRDA:263,35,0,2
BRDA:269,36,0,1
BRDA:276,37,0,1
BRDA:283,38,0,1
BRF:39
BRH:35
end_of_record
TN:
SF:apps\settlement-worker\src\worker.ts
FN:62,markSettlementFailed
FN:69,publishSettlementRejected
FN:78,subscribeAuditSignals
FN:139,attemptScoring
FN:174,subscribeTrustScore
FN:204,subscribeScopeDecisions
FN:229,subscribeEscrowEvents
FN:311,claimSettlement
FN:342,commitSettlement
FN:407,sealAndSignMerkleRoot
FN:461,attemptPayout
FN:554,reconcilePendingPayouts
FN:618,reconcileMissingScores
FN:638,subscribeSettlementRequests
FN:769,recoverAbandonedSettlement
FN:856,reconcileAbandonedSettlements
FN:896,start
FN:945,shutdown
FNF:18
FNH:12
FNDA:0,markSettlementFailed
FNDA:0,publishSettlementRejected
FNDA:2,subscribeAuditSignals
FNDA:4,attemptScoring
FNDA:2,subscribeTrustScore
FNDA:2,subscribeScopeDecisions
FNDA:2,subscribeEscrowEvents
FNDA:17,claimSettlement
FNDA:0,commitSettlement
FNDA:0,sealAndSignMerkleRoot
FNDA:7,attemptPayout
FNDA:6,reconcilePendingPayouts
FNDA:6,reconcileMissingScores
FNDA:2,subscribeSettlementRequests
FNDA:0,recoverAbandonedSettlement
FNDA:2,reconcileAbandonedSettlements
FNDA:2,start
FNDA:0,shutdown
DA:21,1
DA:22,1
DA:24,1
DA:25,1
DA:26,1
DA:27,1
DA:28,1
DA:29,1
DA:30,1
DA:37,1
DA:38,1
DA:39,1
DA:41,1
DA:42,1
DA:43,1
DA:44,1
DA:45,1
DA:46,1
DA:47,1
DA:48,1
DA:49,1
DA:50,1
DA:52,1
DA:53,1
DA:55,1
DA:56,1
DA:57,1
DA:58,1
DA:59,1
DA:62,0
DA:63,0
DA:64,0
DA:65,0
DA:66,0
DA:67,0
DA:69,0
DA:70,0
DA:71,0
DA:72,0
DA:73,0
DA:74,0
DA:75,0
DA:78,2
DA:79,2
DA:80,2
DA:81,2
DA:82,2
DA:86,1
DA:87,2
DA:88,2
DA:89,2
DA:90,2
DA:94,2
DA:96,2
DA:97,2
DA:98,2
DA:102,2
DA:103,2
DA:105,2
DA:106,2
DA:107,1
DA:108,2
DA:109,0
DA:114,0
DA:115,0
DA:126,1
DA:127,2
DA:128,2
DA:139,4
DA:140,4
DA:142,4
DA:143,4
DA:144,4
DA:145,4
DA:146,4
DA:147,0
DA:148,4
DA:150,4
DA:151,4
DA:157,4
DA:158,1
DA:159,1
DA:160,1
DA:161,1
DA:162,1
DA:163,1
DA:164,0
DA:165,1
DA:166,1
DA:167,4
DA:174,2
DA:175,2
DA:176,3
DA:177,3
DA:178,3
DA:180,3
DA:181,3
DA:182,3
DA:183,0
DA:184,0
DA:185,0
DA:187,3
DA:191,3
DA:192,3
DA:193,3
DA:194,0
DA:195,0
DA:196,2
DA:197,2
DA:204,2
DA:205,2
DA:206,0
DA:207,0
DA:208,0
DA:209,0
DA:210,0
DA:211,0
DA:212,2
DA:213,2
DA:229,2
DA:230,2
DA:231,0
DA:237,0
DA:243,0
DA:244,0
DA:245,0
DA:246,0
DA:248,0
DA:249,0
DA:250,0
DA:251,0
DA:252,0
DA:253,0
DA:254,0
DA:255,0
DA:256,0
DA:257,0
DA:258,0
DA:259,0
DA:260,0
DA:261,0
DA:263,0
DA:264,0
DA:267,0
DA:268,0
DA:271,0
DA:272,0
DA:273,0
DA:274,0
DA:275,0
DA:276,0
DA:277,0
DA:278,0
DA:279,0
DA:280,0
DA:281,0
DA:282,0
DA:283,0
DA:284,0
DA:286,0
DA:287,0
DA:288,0
DA:289,0
DA:290,2
DA:291,2
DA:311,17
DA:312,17
DA:313,17
DA:314,17
DA:315,17
DA:321,17
DA:322,17
DA:323,17
DA:324,0
DA:325,0
DA:326,0
DA:328,17
DA:329,10
DA:330,10
DA:331,10
DA:332,7
DA:333,7
DA:342,0
DA:348,0
DA:349,0
DA:351,0
DA:352,0
DA:353,0
DA:356,0
DA:357,0
DA:358,0
DA:359,0
DA:360,0
DA:361,0
DA:362,0
DA:365,0
DA:366,0
DA:377,0
DA:378,0
DA:379,0
DA:383,0
DA:384,0
DA:385,0
DA:387,0
DA:388,0
DA:389,0
DA:390,0
DA:391,0
DA:392,0
DA:393,0
DA:394,0
DA:395,0
DA:407,0
DA:408,0
DA:409,0
DA:410,0
DA:411,0
DA:412,0
DA:416,0
DA:417,0
DA:424,0
DA:425,0
DA:426,0
DA:427,0
DA:428,0
DA:429,0
DA:430,0
DA:431,0
DA:438,0
DA:439,0
DA:440,0
DA:442,0
DA:443,0
DA:461,7
DA:462,7
DA:464,6
DA:465,6
DA:466,6
DA:467,6
DA:468,7
DA:469,7
DA:470,1
DA:471,1
DA:472,1
DA:473,1
DA:474,1
DA:475,1
DA:481,5
DA:482,5
DA:483,5
DA:484,5
DA:485,5
DA:486,7
DA:487,5
DA:488,5
DA:489,5
DA:490,5
DA:491,0
DA:492,7
DA:493,7
DA:494,7
DA:495,0
DA:496,0
DA:497,0
DA:499,5
DA:500,5
DA:503,5
DA:504,5
DA:510,5
DA:512,5
DA:513,5
DA:514,5
DA:515,7
DA:516,0
DA:517,0
DA:520,0
DA:521,0
DA:522,0
DA:523,0
DA:524,0
DA:526,5
DA:527,7
DA:528,7
DA:529,7
DA:532,7
DA:533,7
DA:534,5
DA:535,5
DA:554,6
DA:555,6
DA:556,6
DA:563,6
DA:564,6
DA:566,3
DA:567,3
DA:574,3
DA:575,1
DA:576,1
DA:577,1
DA:580,1
DA:581,1
DA:582,1
DA:583,0
DA:584,0
DA:585,0
DA:586,0
DA:587,1
DA:588,1
DA:589,1
DA:590,1
DA:591,1
DA:592,1
DA:593,1
DA:594,2
DA:595,0
DA:596,2
DA:597,2
DA:598,3
DA:618,6
DA:619,6
DA:621,6
DA:622,6
DA:623,6
DA:624,6
DA:625,6
DA:627,2
DA:628,2
DA:629,2
DA:630,0
DA:631,0
DA:632,0
DA:633,0
DA:634,2
DA:635,2
DA:636,2
DA:638,2
DA:639,2
DA:640,0
DA:641,0
DA:642,0
DA:644,0
DA:646,0
DA:647,0
DA:648,0
DA:649,0
DA:651,0
DA:652,0
DA:653,0
DA:654,0
DA:655,0
DA:656,0
DA:657,0
DA:658,0
DA:660,0
DA:661,0
DA:662,0
DA:663,0
DA:664,0
DA:665,0
DA:666,0
DA:667,0
DA:668,0
DA:669,0
DA:670,0
DA:671,0
DA:672,0
DA:673,0
DA:675,0
DA:677,0
DA:678,0
DA:679,0
DA:680,0
DA:682,0
DA:683,0
DA:684,0
DA:685,0
DA:686,0
DA:687,0
DA:688,0
DA:697,0
DA:698,0
DA:699,0
DA:700,0
DA:701,0
DA:703,0
DA:704,0
DA:705,0
DA:706,0
DA:707,0
DA:708,0
DA:709,0
DA:710,0
DA:711,0
DA:712,0
DA:713,0
DA:714,0
DA:716,0
DA:717,0
DA:718,0
DA:719,0
DA:720,0
DA:721,0
DA:722,0
DA:724,0
DA:725,0
DA:726,0
DA:727,0
DA:728,0
DA:730,0
DA:736,0
DA:737,0
DA:738,0
DA:739,0
DA:740,0
DA:741,0
DA:742,0
DA:743,0
DA:744,0
DA:745,0
DA:746,0
DA:747,0
DA:748,2
DA:749,2
DA:769,0
DA:770,0
DA:772,0
DA:773,0
DA:774,0
DA:779,0
DA:780,0
DA:781,0
DA:782,0
DA:783,0
DA:784,0
DA:786,0
DA:787,0
DA:788,0
DA:789,0
DA:790,0
DA:792,0
DA:793,0
DA:794,0
DA:795,0
DA:796,0
DA:798,0
DA:799,0
DA:800,0
DA:801,0
DA:802,0
DA:803,0
DA:804,0
DA:805,0
DA:806,0
DA:807,0
DA:808,0
DA:809,0
DA:811,0
DA:812,0
DA:813,0
DA:814,0
DA:815,0
DA:816,0
DA:817,0
DA:818,0
DA:819,0
DA:820,0
DA:821,0
DA:822,0
DA:823,0
DA:825,0
DA:826,0
DA:827,0
DA:828,0
DA:829,0
DA:830,0
DA:831,0
DA:833,0
DA:834,0
DA:835,0
DA:836,0
DA:837,0
DA:839,0
DA:841,0
DA:842,0
DA:843,0
DA:844,0
DA:845,0
DA:846,0
DA:847,0
DA:856,2
DA:857,2
DA:858,2
DA:859,2
DA:860,2
DA:862,0
DA:863,0
DA:864,0
DA:865,0
DA:866,0
DA:867,0
DA:868,0
DA:869,0
DA:872,1
DA:882,1
DA:890,1
DA:891,1
DA:892,1
DA:893,1
DA:894,1
DA:896,2
DA:897,2
DA:903,2
DA:909,2
DA:910,2
DA:911,2
DA:912,2
DA:913,2
DA:914,2
DA:915,0
DA:916,0
DA:918,0
DA:919,0
DA:921,2
DA:922,2
DA:923,2
DA:924,2
DA:925,2
DA:927,2
DA:928,2
DA:929,2
DA:930,2
DA:931,2
DA:933,2
DA:934,2
DA:945,0
DA:946,0
DA:947,0
DA:948,0
DA:949,0
DA:950,0
DA:951,0
DA:952,0
DA:953,0
DA:955,1
DA:956,1
DA:958,1
DA:959,0
DA:960,0
DA:961,0
DA:962,0
DA:963,0
LF:551
LH:230
BRDA:44,0,0,0
BRDA:45,1,0,0
BRDA:46,2,0,0
BRDA:47,3,0,0
BRDA:958,4,0,0
BRDA:78,5,0,2
BRDA:79,6,0,2
BRDA:81,7,0,1
BRDA:81,8,0,0
BRDA:82,9,0,1
BRDA:87,10,0,0
BRDA:88,11,0,0
BRDA:89,12,0,0
BRDA:90,13,0,0
BRDA:98,14,0,1
BRDA:102,15,0,1
BRDA:106,16,0,1
BRDA:108,17,0,0
BRDA:115,18,0,1
BRDA:139,19,0,4
BRDA:140,20,0,0
BRDA:157,21,0,1
BRDA:174,22,0,2
BRDA:175,23,0,3
BRDA:178,24,0,0
BRDA:182,25,0,0
BRDA:191,26,0,0
BRDA:193,27,0,0
BRDA:204,28,0,2
BRDA:229,29,0,2
BRDA:311,30,0,17
BRDA:323,31,0,0
BRDA:328,32,0,10
BRDA:331,33,0,7
BRDA:461,34,0,7
BRDA:462,35,0,1
BRDA:462,36,0,6
BRDA:468,37,0,1
BRDA:469,38,0,1
BRDA:475,39,0,5
BRDA:486,40,0,5
BRDA:490,41,0,0
BRDA:492,42,0,5
BRDA:493,43,0,5
BRDA:494,44,0,5
BRDA:494,45,0,0
BRDA:497,46,0,5
BRDA:515,47,0,0
BRDA:524,48,0,5
BRDA:527,49,0,0
BRDA:532,50,0,5
BRDA:533,51,0,5
BRDA:554,52,0,6
BRDA:564,53,0,3
BRDA:574,54,0,1
BRDA:593,55,0,2
BRDA:618,56,0,6
BRDA:619,57,0,0
BRDA:625,58,0,4
BRDA:625,59,0,2
BRDA:638,60,0,2
BRDA:856,61,0,2
BRDA:860,62,0,0
BRDA:896,63,0,2
BRDA:914,64,0,0
BRF:65
BRH:41
end_of_record
TN:
SF:apps\webhook-ingest\src\server.ts
FN:30,onError
FN:51,pingRedis
FN:87,verifyGitHubSignature
FN:131,resolveContractId
FN:157,allowList
FN:161,errorResponseBuilder
FN:309,start
FNF:7
FNH:2
FNDA:0,onError
FNDA:0,pingRedis
FNDA:11,verifyGitHubSignature
FNDA:4,resolveContractId
FNDA:0,allowList
FNDA:0,errorResponseBuilder
FNDA:0,start
DA:1,1
DA:2,1
DA:4,1
DA:5,1
DA:6,1
DA:7,1
DA:8,1
DA:9,1
DA:16,1
DA:17,1
DA:19,1
DA:20,1
DA:21,1
DA:22,1
DA:28,1
DA:29,1
DA:30,1
DA:32,1
DA:33,1
DA:39,1
DA:43,1
DA:44,1
DA:45,1
DA:46,1
DA:47,0
DA:48,0
DA:49,1
DA:51,0
DA:52,0
DA:53,0
DA:54,0
DA:55,0
DA:56,0
DA:57,0
DA:58,0
DA:59,0
DA:60,0
DA:61,0
DA:62,0
DA:63,0
DA:64,0
DA:65,0
DA:66,0
DA:67,0
DA:68,0
DA:69,0
DA:70,0
DA:73,1
DA:74,9
DA:75,9
DA:76,9
DA:77,9
DA:79,9
DA:80,9
DA:81,9
DA:82,9
DA:87,1
DA:88,11
DA:89,0
DA:90,0
DA:91,11
DA:92,11
DA:93,11
DA:94,11
DA:96,11
DA:97,11
DA:98,11
DA:99,3
DA:100,3
DA:101,11
DA:115,1
DA:131,4
DA:132,4
DA:133,4
DA:134,4
DA:135,4
DA:136,4
DA:140,4
DA:141,4
DA:142,4
DA:143,4
DA:152,1
DA:153,1
DA:154,1
DA:155,1
DA:156,1
DA:157,1
DA:158,0
DA:159,0
DA:160,0
DA:161,1
DA:162,0
DA:163,0
DA:164,0
DA:165,0
DA:166,1
DA:169,1
DA:170,9
DA:171,9
DA:172,9
DA:173,9
DA:174,9
DA:175,0
DA:176,0
DA:177,9
DA:179,1
DA:186,1
DA:187,0
DA:188,0
DA:190,0
DA:191,0
DA:192,0
DA:193,0
DA:194,0
DA:195,0
DA:196,0
DA:198,0
DA:199,0
DA:200,0
DA:202,0
DA:203,0
DA:204,0
DA:205,0
DA:206,0
DA:207,0
DA:208,0
DA:210,1
DA:211,0
DA:212,0
DA:213,0
DA:215,1
DA:216,9
DA:217,9
DA:219,9
DA:220,2
DA:221,2
DA:232,9
DA:233,9
DA:234,3
DA:235,3
DA:236,3
DA:238,4
DA:244,9
DA:245,9
DA:246,1
DA:247,1
DA:248,1
DA:249,1
DA:250,1
DA:253,9
DA:254,9
DA:255,1
DA:256,1
DA:257,1
DA:258,1
DA:259,1
DA:261,2
DA:262,2
DA:263,2
DA:264,9
DA:267,0
DA:268,0
DA:269,0
DA:270,0
DA:271,0
DA:272,0
DA:274,9
DA:278,1
DA:279,1
DA:280,1
DA:281,1
DA:282,1
DA:284,1
DA:285,1
DA:287,9
DA:289,9
DA:290,9
DA:291,9
DA:292,9
DA:293,9
DA:294,9
DA:295,9
DA:296,9
DA:298,9
DA:299,9
DA:301,1
DA:302,1
DA:303,1
DA:304,1
DA:305,1
DA:306,1
DA:307,1
DA:309,0
DA:310,0
DA:317,0
DA:318,0
DA:319,0
DA:320,0
DA:321,0
DA:322,0
DA:323,0
DA:324,0
DA:326,1
DA:327,0
DA:328,0
LF:205
LH:132
BRDA:21,0,0,0
BRDA:326,1,0,0
BRDA:43,2,0,1
BRDA:45,3,0,0
BRDA:46,4,0,0
BRDA:73,5,0,9
BRDA:79,6,0,9
BRDA:87,7,0,11
BRDA:88,8,0,0
BRDA:98,9,0,3
BRDA:131,10,0,4
BRDA:142,11,0,2
BRDA:142,12,0,2
BRDA:169,13,0,9
BRDA:174,14,0,0
BRDA:215,15,0,9
BRDA:217,16,0,0
BRDA:219,17,0,2
BRDA:221,18,0,7
BRDA:232,19,0,1
BRDA:233,20,0,3
BRDA:236,21,0,4
BRDA:244,22,0,0
BRDA:244,23,0,0
BRDA:245,24,0,3
BRDA:245,25,0,1
BRDA:250,26,0,3
BRDA:253,27,0,2
BRDA:254,28,0,1
BRDA:259,29,0,2
BRDA:264,30,0,0
BRDA:272,31,0,2
BRDA:274,32,0,1
BRDA:287,33,0,0
BRDA:287,34,0,0
BRDA:293,35,0,0
BRDA:294,36,0,1
BRDA:294,37,0,0
BRDA:294,38,0,0
BRDA:298,39,0,0
BRDA:299,40,0,1
BRF:41
BRH:25
end_of_record
TN:
SF:packages\config\src\db.ts
FN:45,findCaBundle
FN:60,needsPinnedCa
FN:71,buildDbConfig
FNF:3
FNH:1
FNDA:0,findCaBundle
FNDA:0,needsPinnedCa
FNDA:70,buildDbConfig
DA:28,1
DA:29,1
DA:43,1
DA:45,0
DA:48,0
DA:49,0
DA:50,0
DA:51,0
DA:52,0
DA:53,0
DA:54,0
DA:55,0
DA:56,0
DA:57,0
DA:60,0
DA:61,0
DA:62,0
DA:71,1
DA:72,70
DA:73,70
DA:74,70
DA:75,70
DA:92,70
DA:93,0
DA:94,0
DA:98,70
DA:99,70
DA:100,70
DA:102,0
DA:104,0
DA:105,0
DA:107,0
DA:108,70
DA:109,0
DA:110,0
DA:111,0
DA:113,0
DA:114,0
DA:116,0
DA:117,0
DA:118,0
DA:119,0
DA:120,0
DA:121,0
LF:44
LH:13
BRDA:71,0,0,70
BRDA:92,1,0,0
BRDA:100,2,0,0
BRDA:108,3,0,0
BRF:4
BRH:1
end_of_record
TN:
SF:packages\config\src\index.ts
FN:29,loadDotEnv
FN:284,loadConfig
FN:301,getDatabaseUrl
FN:310,createLogger
FN:314,mixin
FNF:5
FNH:5
FNDA:46,loadDotEnv
FNDA:46,loadConfig
FNDA:34,getDatabaseUrl
FNDA:37,createLogger
FNDA:500,mixin
DA:4,1
DA:5,1
DA:6,1
DA:7,1
DA:8,1
DA:9,1
DA:26,1
DA:29,1
DA:30,46
DA:31,20
DA:34,20
DA:35,20
DA:36,46
DA:38,46
DA:39,2280
DA:40,2280
DA:41,960
DA:42,960
DA:43,960
DA:44,374
DA:45,374
DA:46,374
DA:47,374
DA:48,374
DA:49,20
DA:52,1
DA:53,1
DA:54,1
DA:57,1
DA:58,1
DA:59,1
DA:60,1
DA:61,1
DA:62,1
DA:65,1
DA:71,1
DA:72,1
DA:86,1
DA:87,1
DA:90,1
DA:104,1
DA:114,1
DA:117,1
DA:118,1
DA:119,1
DA:122,1
DA:123,1
DA:124,1
DA:125,1
DA:126,1
DA:127,1
DA:133,1
DA:134,1
DA:135,1
DA:153,1
DA:154,1
DA:155,1
DA:161,1
DA:166,1
DA:171,1
DA:178,1
DA:184,1
DA:185,1
DA:191,1
DA:200,1
DA:216,1
DA:219,1
DA:220,1
DA:221,1
DA:222,1
DA:223,1
DA:236,1
DA:241,1
DA:246,1
DA:251,1
DA:252,1
DA:253,1
DA:262,1
DA:266,1
DA:273,1
DA:274,1
DA:279,1
DA:280,1
DA:284,1
DA:287,46
DA:288,46
DA:289,46
DA:290,0
DA:291,0
DA:292,0
DA:295,0
DA:296,0
DA:297,46
DA:298,46
DA:301,1
DA:302,34
DA:303,34
DA:304,0
DA:306,34
DA:310,1
DA:311,37
DA:312,37
DA:313,37
DA:314,37
DA:315,500
DA:316,500
DA:317,500
DA:318,37
DA:319,37
DA:322,1
DA:325,1
DA:329,1
LF:112
LH:106
BRDA:29,0,0,46
BRDA:30,1,0,26
BRDA:30,2,0,33
BRDA:30,3,0,26
BRDA:30,4,0,20
BRDA:36,5,0,0
BRDA:36,6,0,20
BRDA:38,7,0,2280
BRDA:40,8,0,1920
BRDA:40,9,0,960
BRDA:40,10,0,1320
BRDA:40,11,0,1884
BRDA:40,12,0,960
BRDA:43,13,0,586
BRDA:43,14,0,374
BRDA:48,15,0,20
BRDA:284,16,0,46
BRDA:289,17,0,0
BRDA:301,18,0,34
BRDA:303,19,0,0
BRDA:310,20,0,37
BRDA:310,21,0,16
BRDA:314,22,0,500
BRDA:316,23,0,44
BRDA:316,24,0,456
BRF:25
BRH:22
end_of_record
TN:
SF:packages\config\src\secrets.ts
FN:52,isPlaceholderSecret
FN:63,findInsecureSecrets
FN:89,assertProductionSecrets
FNF:3
FNH:3
FNDA:22,isPlaceholderSecret
FNDA:6,findInsecureSecrets
FNDA:19,assertProductionSecrets
DA:37,1
DA:38,1
DA:39,1
DA:40,1
DA:41,1
DA:42,1
DA:43,1
DA:44,1
DA:45,1
DA:52,1
DA:53,22
DA:54,19
DA:55,22
DA:56,17
DA:57,17
DA:63,1
DA:64,6
DA:65,6
DA:66,6
DA:67,6
DA:68,6
DA:89,1
DA:90,19
DA:91,19
DA:92,19
DA:93,19
DA:94,19
DA:95,19
DA:97,3
DA:98,3
DA:100,6
DA:101,19
DA:102,19
DA:106,19
DA:108,19
DA:109,2
DA:110,2
DA:111,2
DA:112,0
DA:113,0
LF:40
LH:38
BRDA:52,0,0,22
BRDA:53,1,0,20
BRDA:53,2,0,3
BRDA:53,3,0,19
BRDA:55,4,0,2
BRDA:55,5,0,17
BRDA:63,6,0,6
BRDA:67,7,0,11
BRDA:89,8,0,19
BRDA:94,9,0,18
BRDA:95,10,0,16
BRDA:95,11,0,3
BRDA:98,12,0,6
BRDA:98,13,0,1
BRDA:98,14,0,2
BRDA:100,15,0,0
BRDA:102,16,0,2
BRDA:102,17,0,0
BRDA:108,18,0,6
BRDA:108,19,0,2
BRDA:111,20,0,0
BRF:21
BRH:18
end_of_record
TN:
SF:packages\event-bus\src\index.ts
FN:61,consumerLagSeconds
FN:66,parentContextOf
FN:70,buildEnvelope
FN:91,<instance_members_initializer>
FN:93,publish
FN:139,subscribe
FN:157,<instance_members_initializer>
FN:173,RedisStreamsBus
FN:177,publish
FN:197,subscribe
FN:230,processEntry
FN:330,reclaimStale
FN:361,poll
FN:438,close
FN:447,<instance_members_initializer>
FN:462,KafkaBus
FN:473,ensureProducerConnected
FN:502,ensureTopics
FN:526,publish
FN:565,runWithRetries
FN:585,attempts
FN:602,sendToDlq
FN:644,subscribe
FN:663,eachMessage
FN:731,close
FN:766,eventBusOptionsFromConfig
FN:804,provisionTopics
FN:809,createEventBus
FNF:28
FNH:27
FNDA:18,consumerLagSeconds
FNDA:18,parentContextOf
FNDA:35,buildEnvelope
FNDA:23,<instance_members_initializer>
FNDA:32,publish
FNDA:17,subscribe
FNDA:2,<instance_members_initializer>
FNDA:2,RedisStreamsBus
FNDA:1,publish
FNDA:1,subscribe
FNDA:5,processEntry
FNDA:382,reclaimStale
FNDA:1,poll
FNDA:1,close
FNDA:7,<instance_members_initializer>
FNDA:7,KafkaBus
FNDA:6,ensureProducerConnected
FNDA:4,ensureTopics
FNDA:2,publish
FNDA:3,runWithRetries
FNDA:4,attempts
FNDA:3,sendToDlq
FNDA:4,subscribe
FNDA:4,eachMessage
FNDA:0,close
FNDA:23,eventBusOptionsFromConfig
FNDA:12,provisionTopics
FNDA:20,createEventBus
DA:5,1
DA:7,1
DA:8,1
DA:9,1
DA:10,1
DA:11,1
DA:13,1
DA:22,1
DA:61,18
DA:62,18
DA:63,18
DA:66,18
DA:67,18
DA:68,18
DA:70,1
DA:71,35
DA:72,35
DA:73,35
DA:74,35
DA:75,35
DA:76,35
DA:78,35
DA:79,35
DA:80,35
DA:81,35
DA:82,35
DA:83,35
DA:84,35
DA:85,35
DA:86,35
DA:90,1
DA:91,1
DA:93,1
DA:94,32
DA:95,32
DA:96,32
DA:98,32
DA:99,32
DA:100,32
DA:101,32
DA:102,32
DA:103,32
DA:104,32
DA:106,32
DA:107,11
DA:108,11
DA:109,11
DA:110,11
DA:111,11
DA:113,11
DA:114,11
DA:115,11
DA:116,11
DA:117,11
DA:118,11
DA:119,11
DA:120,11
DA:121,11
DA:122,11
DA:123,11
DA:124,11
DA:125,11
DA:126,0
DA:127,0
DA:128,0
DA:129,11
DA:130,11
DA:131,11
DA:132,11
DA:133,11
DA:134,11
DA:135,32
DA:136,32
DA:137,32
DA:139,1
DA:142,17
DA:143,17
DA:144,16
DA:145,16
DA:146,16
DA:147,17
DA:148,17
DA:149,2
DA:150,2
DA:151,17
DA:152,1
DA:156,1
DA:157,1
DA:158,2
DA:159,2
DA:160,2
DA:161,2
DA:162,2
DA:171,2
DA:173,1
DA:174,2
DA:175,2
DA:177,1
DA:178,1
DA:179,1
DA:181,1
DA:182,1
DA:183,1
DA:184,1
DA:185,1
DA:186,1
DA:187,1
DA:189,1
DA:190,1
DA:191,1
DA:192,1
DA:193,1
DA:194,1
DA:195,1
DA:197,1
DA:198,1
DA:199,1
DA:201,1
DA:202,1
DA:203,1
DA:204,1
DA:205,1
DA:206,1
DA:207,0
DA:208,0
DA:209,0
DA:210,1
DA:211,1
DA:217,1
DA:219,1
DA:220,1
DA:222,1
DA:224,1
DA:225,1
DA:226,1
DA:227,1
DA:230,1
DA:231,5
DA:232,5
DA:233,5
DA:234,5
DA:235,5
DA:236,5
DA:237,5
DA:238,5
DA:242,1
DA:243,1
DA:244,1
DA:245,4
DA:247,4
DA:248,4
DA:249,4
DA:251,4
DA:252,4
DA:253,4
DA:255,4
DA:256,4
DA:257,4
DA:258,4
DA:259,4
DA:260,4
DA:261,4
DA:262,4
DA:264,4
DA:265,4
DA:266,8
DA:267,8
DA:268,8
DA:269,8
DA:270,8
DA:271,2
DA:272,2
DA:273,8
DA:274,6
DA:275,6
DA:276,6
DA:277,4
DA:278,4
DA:279,4
DA:280,6
DA:281,8
DA:282,4
DA:283,0
DA:284,0
DA:285,4
DA:286,4
DA:287,4
DA:289,5
DA:290,2
DA:291,2
DA:292,2
DA:294,2
DA:296,2
DA:297,2
DA:298,2
DA:299,2
DA:301,2
DA:302,2
DA:303,2
DA:304,2
DA:305,2
DA:306,2
DA:307,2
DA:308,2
DA:309,2
DA:310,2
DA:311,2
DA:312,2
DA:313,2
DA:314,2
DA:315,2
DA:316,2
DA:317,2
DA:318,2
DA:319,2
DA:321,4
DA:322,5
DA:330,1
DA:331,382
DA:332,382
DA:333,382
DA:334,382
DA:335,382
DA:336,382
DA:337,382
DA:338,382
DA:339,382
DA:340,382
DA:341,382
DA:342,382
DA:343,382
DA:344,382
DA:345,382
DA:347,1
DA:348,1
DA:349,1
DA:351,1
DA:352,1
DA:353,1
DA:354,382
DA:357,381
DA:358,381
DA:359,382
DA:361,1
DA:362,1
DA:363,1
DA:364,1
DA:365,1
DA:366,1
DA:367,1
DA:371,1
DA:372,1
DA:373,380
DA:374,380
DA:376,380
DA:377,380
DA:378,380
DA:379,380
DA:380,380
DA:381,380
DA:382,380
DA:383,380
DA:384,380
DA:385,380
DA:386,380
DA:387,380
DA:389,380
DA:390,1
DA:391,1
DA:392,1
DA:393,1
DA:395,380
DA:396,379
DA:397,379
DA:398,1
DA:399,1
DA:400,1
DA:401,0
DA:402,0
DA:403,0
DA:404,0
DA:405,0
DA:406,1
DA:407,1
DA:408,1
DA:409,1
DA:423,379
DA:424,379
DA:425,379
DA:426,1
DA:427,1
DA:428,1
DA:429,1
DA:430,1
DA:431,380
DA:432,0
DA:433,0
DA:434,0
DA:435,380
DA:436,1
DA:438,1
DA:439,1
DA:440,1
DA:441,1
DA:442,1
DA:446,1
DA:447,1
DA:448,7
DA:449,7
DA:450,7
DA:451,7
DA:458,7
DA:459,7
DA:460,7
DA:462,1
DA:463,7
DA:467,1
DA:468,1
DA:469,6
DA:470,6
DA:471,7
DA:473,1
DA:474,6
DA:475,0
DA:476,0
DA:477,0
DA:478,6
DA:502,1
DA:503,4
DA:504,4
DA:507,0
DA:508,0
DA:509,0
DA:510,0
DA:511,0
DA:512,0
DA:513,0
DA:514,0
DA:515,0
DA:516,0
DA:517,0
DA:518,0
DA:519,0
DA:522,0
DA:523,0
DA:524,4
DA:526,1
DA:527,2
DA:528,2
DA:530,2
DA:531,2
DA:532,2
DA:533,2
DA:534,2
DA:535,2
DA:536,2
DA:538,2
DA:546,2
DA:547,2
DA:548,2
DA:549,2
DA:550,2
DA:551,1
DA:552,1
DA:553,1
DA:554,1
DA:555,1
DA:556,2
DA:557,2
DA:558,2
DA:565,1
DA:566,3
DA:567,3
DA:568,3
DA:569,3
DA:570,3
DA:571,3
DA:573,3
DA:574,7
DA:575,7
DA:576,7
DA:577,7
DA:578,7
DA:579,1
DA:580,7
DA:581,6
DA:582,6
DA:583,6
DA:584,4
DA:585,4
DA:586,4
DA:587,6
DA:588,7
DA:589,2
DA:590,3
DA:602,1
DA:603,3
DA:604,3
DA:605,3
DA:606,3
DA:607,3
DA:608,3
DA:609,3
DA:610,3
DA:611,3
DA:613,3
DA:615,3
DA:616,3
DA:617,3
DA:618,3
DA:620,3
DA:621,3
DA:622,3
DA:623,3
DA:627,3
DA:628,3
DA:631,3
DA:632,3
DA:633,3
DA:634,3
DA:635,3
DA:636,3
DA:637,3
DA:638,3
DA:639,3
DA:640,3
DA:641,3
DA:642,3
DA:644,1
DA:647,4
DA:648,4
DA:653,4
DA:656,4
DA:658,4
DA:659,4
DA:660,4
DA:662,4
DA:663,4
DA:664,4
DA:665,4
DA:666,4
DA:669,4
DA:670,4
DA:671,4
DA:673,4
DA:674,4
DA:675,4
DA:676,4
DA:679,1
DA:680,1
DA:681,1
DA:682,1
DA:683,1
DA:684,1
DA:685,1
DA:686,1
DA:688,3
DA:689,3
DA:690,3
DA:692,3
DA:694,3
DA:695,3
DA:696,3
DA:697,3
DA:698,3
DA:699,3
DA:700,3
DA:701,3
DA:703,3
DA:704,3
DA:705,3
DA:706,3
DA:707,3
DA:708,3
DA:709,3
DA:711,4
DA:712,2
DA:713,2
DA:714,2
DA:715,2
DA:716,2
DA:717,2
DA:718,2
DA:719,1
DA:720,4
DA:721,4
DA:723,4
DA:724,0
DA:725,0
DA:726,0
DA:727,0
DA:728,0
DA:729,4
DA:731,1
DA:732,0
DA:733,0
DA:734,0
DA:735,0
DA:736,0
DA:737,0
DA:738,0
DA:739,0
DA:740,0
DA:741,0
DA:742,0
DA:743,0
DA:744,0
DA:745,0
DA:746,0
DA:747,0
DA:748,0
DA:749,1
DA:766,1
DA:770,23
DA:771,23
DA:778,23
DA:779,2
DA:780,2
DA:781,2
DA:782,2
DA:783,2
DA:784,23
DA:785,1
DA:786,1
DA:787,20
DA:788,20
DA:804,12
DA:805,12
DA:806,0
DA:807,0
DA:809,1
DA:822,20
DA:823,19
DA:824,19
DA:825,1
DA:826,0
DA:827,0
DA:828,20
DA:829,0
DA:830,0
DA:831,20
DA:832,1
DA:833,1
DA:834,0
DA:835,0
DA:837,1
LF:546
LH:482
BRDA:61,0,0,18
BRDA:66,1,0,18
BRDA:67,2,0,7
BRDA:70,3,0,35
BRDA:91,4,0,23
BRDA:93,5,0,32
BRDA:94,6,0,9
BRDA:94,7,0,9
BRDA:106,8,0,11
BRDA:108,9,0,11
BRDA:113,10,0,11
BRDA:125,11,0,0
BRDA:122,12,0,11
BRDA:139,13,0,17
BRDA:143,14,0,16
BRDA:148,15,0,2
BRDA:157,16,0,2
BRDA:173,17,0,2
BRDA:177,18,0,1
BRDA:197,19,0,1
BRDA:198,20,0,0
BRDA:206,21,0,0
BRDA:224,22,0,1
BRDA:230,23,0,5
BRDA:238,24,0,1
BRDA:244,25,0,4
BRDA:289,26,0,2
BRDA:291,27,0,0
BRDA:292,28,0,0
BRDA:292,29,0,0
BRDA:319,30,0,4
BRDA:255,31,0,4
BRDA:265,32,0,8
BRDA:270,33,0,2
BRDA:273,34,0,6
BRDA:276,35,0,4
BRDA:282,36,0,0
BRDA:268,37,0,8
BRDA:269,38,0,2
BRDA:278,39,0,4
BRDA:330,40,0,382
BRDA:345,41,0,1
BRDA:354,42,0,381
BRDA:348,43,0,1
BRDA:361,44,0,1
BRDA:372,45,0,380
BRDA:389,46,0,1
BRDA:395,47,0,379
BRDA:397,48,0,1
BRDA:400,49,0,0
BRDA:425,50,0,1
BRDA:431,51,0,0
BRDA:391,52,0,1
BRDA:423,53,0,379
BRDA:438,54,0,1
BRDA:447,55,0,7
BRDA:462,56,0,7
BRDA:463,57,0,1
BRDA:468,58,0,6
BRDA:473,59,0,6
BRDA:474,60,0,0
BRDA:502,61,0,4
BRDA:504,62,0,0
BRDA:503,63,0,8
BRDA:526,64,0,2
BRDA:527,65,0,1
BRDA:527,66,0,1
BRDA:550,67,0,1
BRDA:555,68,0,0
BRDA:565,69,0,3
BRDA:573,70,0,7
BRDA:578,71,0,1
BRDA:580,72,0,6
BRDA:583,73,0,4
BRDA:588,74,0,2
BRDA:576,75,0,7
BRDA:577,76,0,1
BRDA:585,77,0,4
BRDA:602,78,0,3
BRDA:610,79,0,0
BRDA:611,80,0,0
BRDA:611,81,0,0
BRDA:627,82,0,2
BRDA:627,83,0,1
BRDA:628,84,0,2
BRDA:628,85,0,1
BRDA:641,86,0,2
BRDA:644,87,0,4
BRDA:648,88,0,0
BRDA:663,89,0,4
BRDA:670,90,0,0
BRDA:676,91,0,1
BRDA:686,92,0,3
BRDA:711,93,0,2
BRDA:718,94,0,1
BRDA:694,95,0,3
BRDA:705,96,0,2
BRDA:766,97,0,23
BRDA:771,98,0,1
BRDA:778,99,0,21
BRDA:778,100,0,2
BRDA:784,101,0,20
BRDA:784,102,0,1
BRDA:781,103,0,5
BRDA:804,104,0,12
BRDA:805,105,0,0
[...]
FNDA:17,normalizeRow
FNDA:6,chainHash
FNDA:17,<instance_members_initializer>
FNDA:17,LedgerClient
FNDA:5,append
FNDA:5,run
FNDA:0,appendWith
FNDA:4,appendWithOutbox
FNDA:13,getChain
FNDA:2,verifyChainDetailed
FNDA:2,verifyChain
FNDA:3,leafBytes
FNDA:2,computeAndStoreRoot
FNDA:3,storeRootSignature
FNDA:6,getRoot
FNDA:0,getInclusionProof
FNDA:0,close
DA:1,1
DA:2,1
DA:4,1
DA:5,1
DA:6,1
DA:7,1
DA:8,1
DA:15,1
DA:18,1
DA:34,17
DA:35,17
DA:36,17
DA:37,17
DA:38,17
DA:39,17
DA:40,17
DA:41,17
DA:42,17
DA:43,17
DA:44,17
DA:45,17
DA:46,17
DA:56,1
DA:57,6
DA:58,6
DA:59,6
DA:60,6
DA:76,1
DA:77,1
DA:79,1
DA:83,17
DA:84,17
DA:87,1
DA:88,5
DA:89,5
DA:90,5
DA:91,5
DA:92,5
DA:93,5
DA:94,5
DA:95,5
DA:96,5
DA:97,5
DA:98,5
DA:100,5
DA:103,5
DA:104,5
DA:105,5
DA:106,5
DA:107,5
DA:108,5
DA:109,5
DA:111,5
DA:112,5
DA:113,5
DA:114,0
DA:115,5
DA:116,5
DA:117,5
DA:118,5
DA:119,5
DA:120,5
DA:121,5
DA:122,5
DA:123,5
DA:125,5
DA:126,5
DA:127,5
DA:128,0
DA:129,0
DA:130,5
DA:131,5
DA:132,5
DA:133,5
DA:136,1
DA:137,0
DA:138,0
DA:139,0
DA:140,0
DA:141,0
DA:142,0
DA:143,0
DA:144,0
DA:145,0
DA:146,0
DA:147,0
DA:148,0
DA:149,0
DA:150,0
DA:151,0
DA:152,0
DA:153,0
DA:154,0
DA:155,0
DA:158,1
DA:159,4
DA:160,4
DA:161,4
DA:162,4
DA:163,4
DA:164,4
DA:165,4
DA:166,4
DA:167,4
DA:168,4
DA:169,4
DA:170,4
DA:171,4
DA:172,4
DA:174,4
DA:175,4
DA:176,4
DA:177,4
DA:178,4
DA:179,4
DA:180,4
DA:181,4
DA:182,4
DA:183,4
DA:184,4
DA:185,4
DA:186,4
DA:187,4
DA:188,4
DA:189,4
DA:190,4
DA:191,4
DA:192,4
DA:195,0
DA:196,0
DA:198,0
DA:199,0
DA:200,0
DA:201,0
DA:202,0
DA:203,0
DA:204,0
DA:205,0
DA:206,0
DA:207,0
DA:208,0
DA:209,0
DA:210,0
DA:211,0
DA:212,0
DA:213,4
DA:214,4
DA:215,4
DA:216,4
DA:217,4
DA:220,1
DA:221,13
DA:222,13
DA:223,13
DA:224,13
DA:225,13
DA:226,13
DA:243,1
DA:244,2
DA:245,2
DA:246,2
DA:247,2
DA:249,2
DA:251,2
DA:252,2
DA:253,0
DA:254,0
DA:255,0
DA:256,0
DA:257,0
DA:259,2
DA:262,0
DA:263,2
DA:264,2
DA:265,2
DA:266,1
DA:267,1
DA:268,1
DA:269,1
DA:275,0
DA:276,0
DA:277,0
DA:278,1
DA:279,1
DA:280,1
DA:281,2
DA:283,2
DA:284,2
DA:286,2
DA:287,2
DA:290,1
DA:291,2
DA:292,2
DA:304,1
DA:305,3
DA:306,3
DA:307,3
DA:308,3
DA:309,3
DA:310,3
DA:311,3
DA:312,3
DA:313,3
DA:314,3
DA:317,1
DA:318,2
DA:319,2
DA:320,2
DA:321,2
DA:322,2
DA:323,2
DA:325,2
DA:326,2
DA:340,2
DA:341,2
DA:343,2
DA:344,2
DA:360,1
DA:367,3
DA:368,3
DA:369,3
DA:376,3
DA:377,3
DA:378,3
DA:379,3
DA:380,3
DA:381,3
DA:382,3
DA:383,3
DA:384,3
DA:385,3
DA:386,3
DA:389,1
DA:397,6
DA:398,6
DA:399,6
DA:401,6
DA:402,6
DA:403,6
DA:404,5
DA:405,5
DA:406,5
DA:407,5
DA:408,6
DA:409,6
DA:410,6
DA:411,6
DA:412,6
DA:413,6
DA:414,6
DA:423,1
DA:424,0
DA:425,0
DA:426,0
DA:427,0
DA:428,0
DA:429,0
DA:430,0
DA:431,0
DA:432,0
DA:433,0
DA:435,1
DA:436,0
DA:437,0
DA:438,1
DA:440,1
DA:441,1
DA:452,1
LF:268
LH:208
BRDA:34,0,0,17
BRDA:40,1,0,0
BRDA:43,2,0,0
BRDA:56,3,0,6
BRDA:77,4,0,17
BRDA:79,5,0,17
BRDA:87,6,0,5
BRDA:113,7,0,0
BRDA:127,8,0,0
BRDA:100,9,0,5
BRDA:158,10,0,4
BRDA:185,11,0,0
BRDA:192,12,0,0
BRDA:220,13,0,13
BRDA:225,14,0,8
BRDA:243,15,0,2
BRDA:252,16,0,0
BRDA:259,17,0,0
BRDA:265,18,0,1
BRDA:269,19,0,0
BRDA:290,20,0,2
BRDA:304,21,0,3
BRDA:317,22,0,2
BRDA:323,23,0,0
BRDA:321,24,0,3
BRDA:360,25,0,3
BRDA:389,26,0,6
BRDA:403,27,0,1
BRDA:403,28,0,5
BRDA:408,29,0,0
BRDA:408,30,0,5
BRDA:409,31,0,1
BRDA:410,32,0,1
BRDA:411,33,0,1
BRDA:412,34,0,4
BRDA:412,35,0,1
BRF:36
BRH:25
end_of_record
TN:
SF:packages\ledger-client\src\legacy-anchor.ts
FN:69,isLegacyRow
FN:74,selectLegacyRows
FN:79,NoLegacyRowsError
FN:92,buildLegacyAnchorPayload
FN:137,verifyLegacyAnchor
FN:180,canonicalAnchorBytes
FN:205,reportLegacySegment
FNF:7
FNH:7
FNDA:67,isLegacyRow
FNDA:9,selectLegacyRows
FNDA:1,NoLegacyRowsError
FNDA:8,buildLegacyAnchorPayload
FNDA:5,verifyLegacyAnchor
FNDA:2,canonicalAnchorBytes
FNDA:5,reportLegacySegment
DA:42,1
DA:43,1
DA:44,1
DA:47,1
DA:69,1
DA:70,67
DA:71,67
DA:74,1
DA:75,9
DA:76,9
DA:78,1
DA:79,1
DA:80,1
DA:81,1
DA:82,1
DA:83,1
DA:92,1
DA:93,8
DA:94,8
DA:95,8
DA:96,8
DA:97,8
DA:99,7
DA:100,7
DA:102,7
DA:103,7
DA:104,7
DA:107,7
DA:108,7
DA:109,7
DA:110,7
DA:111,7
DA:112,7
DA:118,7
DA:119,7
DA:137,1
DA:138,5
DA:139,5
DA:140,5
DA:141,5
DA:142,5
DA:144,5
DA:145,15
DA:146,15
DA:149,1
DA:150,1
DA:151,1
DA:152,14
DA:153,15
DA:154,1
DA:155,1
DA:156,1
DA:157,1
DA:158,1
DA:159,15
DA:165,5
DA:166,5
DA:167,1
DA:168,1
DA:169,1
DA:170,1
DA:172,5
DA:173,5
DA:174,5
DA:175,5
DA:176,5
DA:177,5
DA:180,1
DA:181,2
DA:182,2
DA:205,1
DA:206,5
DA:207,5
DA:208,5
DA:210,5
DA:211,5
DA:212,4
DA:213,1
DA:214,3
DA:215,3
DA:217,5
DA:218,5
DA:219,5
DA:220,5
DA:221,5
DA:222,5
DA:223,5
DA:224,4
DA:225,1
DA:226,5
DA:227,5
DA:228,5
LF:92
LH:92
BRDA:69,0,0,67
BRDA:70,1,0,21
BRDA:74,2,0,9
BRDA:75,3,0,18
BRDA:79,4,0,1
BRDA:92,5,0,8
BRDA:97,6,0,1
BRDA:97,7,0,7
BRDA:99,8,0,21
BRDA:100,9,0,21
BRDA:107,10,0,21
BRDA:108,11,0,21
BRDA:137,12,0,5
BRDA:144,13,0,15
BRDA:146,14,0,1
BRDA:151,15,0,14
BRDA:153,16,0,1
BRDA:166,17,0,1
BRDA:142,18,0,15
BRDA:165,19,0,15
BRDA:180,20,0,2
BRDA:205,21,0,5
BRDA:211,22,0,4
BRDA:212,23,0,1
BRDA:213,24,0,3
BRDA:223,25,0,4
BRDA:224,26,0,1
BRDA:206,27,0,7
BRDA:208,28,0,11
BRDA:215,29,0,4
BRDA:222,30,0,8
BRF:31
BRH:31
end_of_record
TN:
SF:packages\ledger-client\src\merkle.ts
FN:48,sha256
FN:55,hashLeaf
FN:61,hashNode
FN:91,buildLevels
FN:115,computeRoot
FN:128,buildInclusionProof
FN:172,verifyInclusionProof
FNF:7
FNH:7
FNDA:2917,sha256
FNDA:1168,hashLeaf
FNDA:1749,hashNode
FNDA:88,buildLevels
FNDA:33,computeRoot
FNDA:58,buildInclusionProof
FNDA:55,verifyInclusionProof
DA:43,1
DA:45,1
DA:46,1
DA:48,2917
DA:49,2917
DA:50,2917
DA:51,2917
DA:52,2917
DA:55,1
DA:56,1168
DA:57,1168
DA:58,1168
DA:61,1
DA:62,1749
DA:63,1749
DA:66,1
DA:91,88
DA:92,88
DA:94,87
DA:95,87
DA:97,88
DA:98,264
DA:99,264
DA:100,1705
DA:101,1566
DA:102,1705
DA:104,139
DA:105,139
DA:106,1705
DA:107,264
DA:108,264
DA:109,264
DA:111,87
DA:112,87
DA:115,1
DA:116,33
DA:117,33
DA:118,33
DA:128,1
DA:129,58
DA:130,3
DA:131,3
DA:132,3
DA:133,3
DA:135,55
DA:136,55
DA:137,55
DA:139,58
DA:140,200
DA:141,200
DA:142,200
DA:144,200
DA:145,190
DA:146,190
DA:147,190
DA:148,190
DA:149,190
DA:153,200
DA:154,200
DA:156,55
DA:157,55
DA:158,55
DA:159,55
DA:160,55
DA:161,55
DA:162,55
DA:163,55
DA:172,1
DA:173,55
DA:174,55
DA:175,55
DA:176,55
DA:177,55
DA:178,55
DA:180,55
DA:182,55
DA:183,179
DA:184,179
DA:185,178
DA:186,179
DA:187,179
DA:191,53
DA:192,53
LF:83
LH:83
BRDA:48,0,0,2917
BRDA:50,1,0,7583
BRDA:55,2,0,1168
BRDA:56,3,0,1167
BRDA:56,4,0,1
BRDA:61,5,0,1749
BRDA:91,6,0,88
BRDA:92,7,0,1
BRDA:92,8,0,87
BRDA:97,9,0,264
BRDA:99,10,0,1705
BRDA:100,11,0,1566
BRDA:102,12,0,139
BRDA:109,13,0,87
BRDA:115,14,0,33
BRDA:128,15,0,58
BRDA:129,16,0,57
BRDA:129,17,0,3
BRDA:133,18,0,55
BRDA:139,19,0,200
BRDA:142,20,0,85
BRDA:142,21,0,115
BRDA:144,22,0,190
BRDA:147,23,0,85
BRDA:147,24,0,105
BRDA:154,25,0,55
BRDA:172,26,0,55
BRDA:177,27,0,54
BRDA:177,28,0,1
BRDA:178,29,0,0
BRDA:180,30,0,54
BRDA:180,31,0,1
BRDA:180,32,0,54
BRDA:182,33,0,179
BRDA:184,34,0,1
BRDA:184,35,0,178
BRDA:186,36,0,77
BRDA:186,37,0,101
BRDA:187,38,0,53
BRF:39
BRH:38
end_of_record
TN:
SF:packages\oracle\src\index.ts
FN:47,OracleStore
FN:50,recordAudit
FN:83,recordScore
FN:110,evaluate
FN:178,findEscrowPayment
FNF:5
FNH:5
FNDA:46,OracleStore
FNDA:10,recordAudit
FNDA:16,recordScore
FNDA:28,evaluate
FNDA:6,findEscrowPayment
DA:44,1
DA:46,1
DA:47,1
DA:50,1
DA:51,10
DA:52,10
DA:53,10
DA:54,10
DA:55,10
DA:62,10
DA:63,10
DA:64,10
DA:83,1
DA:84,16
DA:85,16
DA:86,16
DA:87,16
DA:88,16
DA:89,16
DA:90,16
DA:99,16
DA:100,16
DA:101,16
DA:110,1
DA:111,28
DA:112,28
DA:114,28
DA:115,28
DA:122,28
DA:123,28
DA:125,28
DA:126,28
DA:127,28
DA:129,28
DA:130,28
DA:131,28
DA:132,28
DA:133,28
DA:134,28
DA:135,28
DA:136,28
DA:137,28
DA:139,28
DA:140,28
DA:141,28
DA:142,28
DA:143,28
DA:144,28
DA:149,28
DA:150,3
DA:151,28
DA:152,5
DA:153,5
DA:154,28
DA:155,3
DA:156,28
DA:157,3
DA:158,3
DA:160,28
DA:161,28
DA:178,1
DA:179,6
DA:180,6
DA:181,6
DA:182,6
DA:185,6
DA:186,6
DA:187,6
DA:188,4
DA:189,4
DA:192,4
DA:193,6
DA:194,6
DA:195,6
DA:196,1
LF:75
LH:75
BRDA:47,0,0,46
BRDA:50,1,0,10
BRDA:83,2,0,16
BRDA:99,3,0,12
BRDA:110,4,0,28
BRDA:127,5,0,0
BRDA:131,6,0,26
BRDA:132,7,0,26
BRDA:133,8,0,26
BRDA:135,9,0,26
BRDA:135,10,0,3
BRDA:135,11,0,25
BRDA:136,12,0,26
BRDA:136,13,0,3
BRDA:136,14,0,25
BRDA:140,15,0,2
BRDA:141,16,0,5
BRDA:142,17,0,5
BRDA:143,18,0,5
BRDA:144,19,0,4
BRDA:149,20,0,3
BRDA:151,21,0,25
BRDA:151,22,0,5
BRDA:154,23,0,3
BRDA:156,24,0,25
BRDA:156,25,0,3
BRDA:178,26,0,6
BRDA:187,27,0,2
BRDA:187,28,0,4
BRDA:193,29,0,1
BRF:30
BRH:29
end_of_record
TN:
SF:packages\razorpay-adapter\src\index.ts
FN:256,createRazorpayAdapter
FN:271,isLiveRazorpayConfig
FN:276,createPayoutAdapter
FN:300,hmacMatches
FN:311,signCheckout
FN:315,signWebhook
FN:333,readContractId
FN:341,toPaymentResult
FN:355,toWebhookEvent
FN:365,paymentEntityOf
FN:370,orderEntityOf
FN:375,payoutEntityOf
FN:379,toPayoutResult
FN:398,parseRetryAfterMs
FN:407,sleep
FN:428,requestWithRetry
FN:499,RazorpayApiError
FN:521,<instance_members_initializer>
FN:525,RazorpayPaymentAdapter
FN:531,request
FN:535,createOrder
FN:564,fetchPayment
FN:569,capturePayment
FN:585,refundPayment
FN:599,verifyCheckoutSignature
FN:609,verifyWebhook
FN:650,<instance_members_initializer>
FN:653,RazorpayXPayoutAdapter
FN:658,request
FN:667,initiatePayout
FN:698,fetchPayout
FN:726,FakeRazorpayAdapter
FN:728,createOrder
FN:752,simulateAuthorization
FN:767,fetchPayment
FN:783,capturePayment
FN:802,refundPayment
FN:812,verifyCheckoutSignature
FN:822,verifyWebhook
FN:852,<instance_members_initializer>
FN:856,initiatePayout
FN:880,fetchPayout
FNF:42
FNH:36
FNDA:33,createRazorpayAdapter
FNDA:8,isLiveRazorpayConfig
FNDA:7,createPayoutAdapter
FNDA:32,hmacMatches
FNDA:8,signCheckout
FNDA:24,signWebhook
FNDA:4,readContractId
FNDA:0,toPaymentResult
FNDA:13,toWebhookEvent
FNDA:6,paymentEntityOf
FNDA:5,orderEntityOf
FNDA:11,payoutEntityOf
FNDA:4,toPayoutResult
FNDA:3,parseRetryAfterMs
FNDA:7,sleep
FNDA:8,requestWithRetry
FNDA:11,RazorpayApiError
FNDA:5,<instance_members_initializer>
FNDA:5,RazorpayPaymentAdapter
FNDA:0,request
FNDA:0,createOrder
FNDA:0,fetchPayment
FNDA:0,capturePayment
FNDA:0,refundPayment
FNDA:9,verifyCheckoutSignature
FNDA:8,verifyWebhook
FNDA:3,<instance_members_initializer>
FNDA:3,RazorpayXPayoutAdapter
FNDA:8,request
FNDA:2,initiatePayout
FNDA:6,fetchPayout
FNDA:40,FakeRazorpayAdapter
FNDA:6,createOrder
FNDA:3,simulateAuthorization
FNDA:2,fetchPayment
FNDA:2,capturePayment
FNDA:1,refundPayment
FNDA:2,verifyCheckoutSignature
FNDA:19,verifyWebhook
FNDA:10,<instance_members_initializer>
FNDA:10,initiatePayout
FNDA:2,fetchPayout
DA:32,1
DA:34,1
DA:37,1
DA:45,1
DA:46,1
DA:48,1
DA:256,1
DA:257,33
DA:258,33
DA:259,31
DA:260,29
DA:261,25
DA:262,7
DA:263,5
DA:264,33
DA:265,30
DA:266,30
DA:267,3
DA:268,3
DA:271,1
DA:272,8
DA:273,8
DA:276,1
DA:277,7
DA:278,7
DA:279,6
DA:280,6
DA:281,6
DA:282,1
DA:283,1
DA:284,7
DA:285,6
DA:286,6
DA:287,1
DA:288,1
DA:300,32
DA:301,32
DA:302,32
DA:303,32
DA:304,32
DA:305,32
DA:306,32
DA:307,4
DA:308,4
DA:309,32
DA:311,8
DA:312,8
DA:313,8
DA:315,24
DA:316,24
DA:317,24
DA:318,24
DA:319,24
DA:326,1
DA:327,1
DA:328,1
DA:329,1
DA:333,4
DA:334,4
DA:335,4
DA:336,0
DA:337,0
DA:338,4
DA:339,4
DA:341,0
DA:342,0
DA:343,0
DA:344,0
DA:345,0
DA:346,0
DA:347,0
DA:348,0
DA:349,0
DA:350,0
DA:351,0
DA:352,0
DA:355,13
DA:356,13
DA:357,13
DA:358,13
DA:359,13
DA:360,13
DA:361,13
DA:362,13
DA:365,1
DA:366,6
DA:367,6
DA:370,1
DA:371,5
DA:372,5
DA:375,1
DA:376,11
DA:377,11
DA:379,4
DA:380,4
DA:381,4
DA:382,4
DA:383,4
DA:384,4
DA:385,4
DA:386,4
DA:387,4
DA:388,4
DA:398,3
DA:399,3
DA:400,3
DA:401,3
DA:402,0
DA:403,0
DA:404,0
DA:405,0
DA:407,7
DA:408,7
DA:409,7
DA:428,8
DA:436,8
DA:437,8
DA:439,8
DA:440,15
DA:441,15
DA:442,15
DA:443,15
DA:444,15
DA:445,15
DA:446,15
DA:447,15
DA:448,15
DA:449,15
DA:450,15
DA:451,15
DA:452,15
DA:455,3
DA:456,3
DA:457,3
DA:458,2
DA:459,2
DA:460,2
DA:461,1
DA:462,1
DA:464,12
DA:465,12
DA:466,12
DA:467,15
DA:468,15
DA:470,0
DA:472,15
DA:474,15
DA:475,15
DA:476,15
DA:477,15
DA:478,15
DA:479,15
DA:480,15
DA:482,15
DA:483,15
DA:485,15
DA:486,15
DA:487,15
DA:488,5
DA:492,0
DA:493,8
DA:498,1
DA:499,1
DA:500,11
DA:501,11
DA:502,11
DA:503,11
DA:504,11
DA:505,11
DA:506,11
DA:507,11
DA:508,1
DA:520,1
DA:521,1
DA:522,5
DA:523,5
DA:525,1
DA:526,5
DA:527,5
DA:528,5
DA:529,5
DA:531,1
DA:532,0
DA:533,0
DA:535,1
DA:541,0
DA:542,0
DA:543,0
DA:544,0
DA:547,0
DA:550,0
DA:551,0
DA:552,0
DA:554,0
DA:555,0
DA:556,0
DA:557,0
DA:558,0
DA:559,0
DA:560,0
DA:561,0
DA:562,0
DA:564,1
DA:565,0
DA:566,0
DA:567,0
DA:569,1
DA:573,0
DA:577,0
DA:578,0
DA:579,0
DA:580,0
DA:581,0
DA:582,0
DA:583,0
DA:585,1
DA:586,0
DA:587,0
DA:588,0
DA:589,0
DA:590,0
DA:591,0
DA:592,0
DA:593,0
DA:594,0
DA:595,0
DA:596,0
DA:597,0
DA:599,1
DA:603,9
DA:604,9
DA:605,6
DA:606,6
DA:607,9
DA:609,1
DA:610,8
DA:611,8
DA:612,8
DA:613,8
DA:614,1
DA:615,1
DA:616,8
DA:617,1
DA:618,1
DA:620,6
DA:621,8
DA:622,3
DA:623,3
DA:627,3
DA:628,8
DA:629,8
DA:630,8
DA:631,1
DA:632,1
DA:633,1
DA:634,8
DA:635,1
DA:649,1
DA:650,1
DA:651,3
DA:653,1
DA:654,3
DA:655,3
DA:656,3
DA:658,1
DA:659,8
DA:660,8
DA:661,8
DA:662,8
DA:663,8
DA:664,8
DA:665,8
DA:667,1
DA:673,2
DA:674,2
DA:675,2
DA:676,2
DA:677,2
DA:678,2
DA:679,2
DA:680,2
DA:681,2
DA:682,2
DA:683,2
DA:684,2
DA:685,2
DA:686,2
DA:693,2
DA:694,2
DA:695,1
DA:696,2
DA:698,1
DA:699,6
DA:700,3
DA:701,6
DA:702,1
DA:715,1
DA:718,1
DA:720,1
DA:722,1
DA:723,1
DA:724,1
DA:726,1
DA:728,1
DA:734,6
DA:735,6
DA:736,6
DA:737,6
DA:738,6
DA:739,6
DA:740,6
DA:741,6
DA:742,6
DA:743,6
DA:744,6
DA:745,6
DA:752,1
DA:753,3
DA:754,3
DA:755,3
DA:756,3
DA:757,3
DA:758,3
DA:759,3
DA:760,3
DA:761,3
DA:762,3
DA:763,3
DA:764,3
DA:765,3
DA:767,1
DA:768,2
DA:769,2
DA:772,0
DA:773,0
DA:774,0
DA:775,0
DA:776,0
DA:777,0
DA:778,0
DA:779,0
DA:780,0
DA:781,2
DA:783,1
DA:787,2
DA:788,2
DA:789,2
DA:790,2
DA:791,2
DA:792,2
DA:793,2
DA:794,2
DA:795,2
DA:796,2
DA:797,2
DA:798,2
DA:799,2
DA:800,2
DA:802,1
DA:803,1
DA:804,1
DA:805,1
DA:806,1
DA:807,1
DA:808,1
DA:809,1
DA:810,1
DA:812,1
DA:816,2
DA:817,2
DA:818,2
DA:819,2
DA:820,2
DA:822,1
DA:823,19
DA:824,19
DA:825,19
DA:826,19
DA:827,1
DA:828,1
DA:829,18
DA:830,19
DA:831,7
DA:832,7
DA:833,11
DA:834,19
DA:835,19
DA:836,19
DA:837,0
DA:838,0
DA:839,0
DA:840,19
DA:841,1
DA:851,1
DA:852,1
DA:853,10
DA:854,10
DA:856,1
DA:862,10
DA:863,10
DA:864,10
DA:865,2
DA:866,2
DA:868,8
DA:869,8
DA:870,8
DA:871,8
DA:872,8
DA:873,8
DA:874,8
DA:875,8
DA:876,8
DA:877,8
DA:878,10
DA:880,1
DA:881,2
DA:882,2
DA:883,1
DA:884,1
DA:885,1
DA:886,1
DA:887,1
DA:888,1
DA:889,1
DA:890,2
DA:891,1
LF:426
LH:352
BRDA:256,0,0,33
BRDA:258,1,0,31
BRDA:259,2,0,29
BRDA:260,3,0,25
BRDA:261,4,0,7
BRDA:262,5,0,5
BRDA:264,6,0,30
BRDA:265,7,0,0
BRDA:266,8,0,3
BRDA:271,9,0,8
BRDA:276,10,0,7
BRDA:278,11,0,6
BRDA:279,12,0,6
BRDA:280,13,0,6
BRDA:281,14,0,1
BRDA:282,15,0,1
BRDA:284,16,0,6
BRDA:286,17,0,1
BRDA:300,18,0,32
BRDA:306,19,0,4
BRDA:311,20,0,8
BRDA:315,21,0,24
BRDA:333,22,0,4
BRDA:335,23,0,0
BRDA:335,24,0,0
BRDA:335,25,0,0
BRDA:355,26,0,13
BRDA:357,27,0,0
BRDA:358,28,0,11
BRDA:358,29,0,2
BRDA:359,30,0,0
BRDA:360,31,0,9
BRDA:360,32,0,4
BRDA:365,33,0,6
BRDA:366,34,0,0
BRDA:370,35,0,5
BRDA:371,36,0,0
BRDA:375,37,0,11
BRDA:376,38,0,5
BRDA:376,39,0,6
BRDA:379,40,0,4
BRDA:383,41,0,0
BRDA:384,42,0,0
BRDA:386,43,0,0
BRDA:398,44,0,3
BRDA:399,45,0,0
BRDA:401,46,0,0
BRDA:407,47,0,7
BRDA:408,48,0,7
BRDA:428,49,0,8
BRDA:439,50,0,15
BRDA:449,51,0,2
BRDA:449,52,0,13
BRDA:451,53,0,12
BRDA:452,54,0,3
BRDA:455,55,0,0
BRDA:457,56,0,2
BRDA:460,57,0,1
BRDA:462,58,0,12
BRDA:467,59,0,0
BRDA:468,60,0,0
BRDA:470,61,0,12
BRDA:472,62,0,4
BRDA:472,63,0,8
BRDA:474,64,0,0
BRDA:476,65,0,0
BRDA:482,66,0,4
BRDA:483,67,0,6
BRDA:483,68,0,3
BRDA:483,69,0,5
BRDA:485,70,0,3
BRDA:485,71,0,2
BRDA:486,72,0,2
BRDA:487,73,0,5
BRDA:488,74,0,0
BRDA:499,75,0,11
BRDA:521,76,0,5
BRDA:525,77,0,5
BRDA:599,78,0,9
BRDA:604,79,0,8
BRDA:604,80,0,7
BRDA:604,81,0,3
BRDA:604,82,0,6
BRDA:609,83,0,8
BRDA:613,84,0,1
BRDA:615,85,0,7
BRDA:616,86,0,1
BRDA:618,87,0,6
BRDA:621,88,0,3
BRDA:628,89,0,2
BRDA:628,90,0,1
BRDA:630,91,0,1
BRDA:631,92,0,0
BRDA:650,93,0,3
BRDA:653,94,0,3
BRDA:654,95,0,1
BRDA:658,96,0,8
BRDA:667,97,0,2
BRDA:694,98,0,1
BRDA:698,99,0,6
BRDA:699,100,0,3
BRDA:726,101,0,40
BRDA:728,102,0,6
BRDA:752,103,0,3
BRDA:757,104,0,0
BRDA:758,105,0,0
BRDA:761,106,0,0
BRDA:767,107,0,2
BRDA:769,108,0,0
BRDA:783,109,0,2
BRDA:791,110,0,0
BRDA:796,111,0,0
BRDA:802,112,0,1
BRDA:807,113,0,0
BRDA:812,114,0,2
BRDA:817,115,0,0
BRDA:822,116,0,19
BRDA:826,117,0,1
BRDA:828,118,0,18
BRDA:830,119,0,17
BRDA:830,120,0,11
BRDA:830,121,0,7
BRDA:834,122,0,2
BRDA:834,123,0,9
BRDA:836,124,0,0
BRDA:852,125,0,10
BRDA:856,126,0,10
BRDA:864,127,0,2
BRDA:866,128,0,8
BRDA:880,129,0,2
BRDA:882,130,0,1
BRF:131
BRH:102
end_of_record
TN:
SF:packages\shared\src\index.ts
FNF:0
FNH:0
DA:7,1
DA:45,1
DA:46,1
DA:47,1
DA:48,1
DA:49,1
DA:50,1
DA:51,1
DA:52,1
DA:53,1
DA:54,1
DA:55,1
DA:56,1
DA:57,1
DA:58,1
DA:59,1
DA:60,1
DA:61,1
DA:66,1
DA:67,1
DA:68,1
DA:69,1
DA:70,1
DA:71,1
DA:80,1
DA:81,1
DA:86,1
DA:87,1
DA:88,1
DA:89,1
DA:90,1
DA:94,1
DA:95,1
DA:108,1
DA:109,1
DA:110,1
DA:111,1
DA:112,1
DA:115,1
DA:116,1
DA:117,1
DA:118,1
DA:119,1
DA:120,1
DA:121,1
DA:122,1
DA:123,1
DA:124,1
DA:125,1
DA:128,1
DA:129,1
DA:130,1
DA:131,1
DA:132,1
DA:133,1
DA:134,1
DA:135,1
DA:140,1
DA:141,1
DA:142,1
DA:143,1
DA:144,1
DA:145,1
DA:146,1
DA:147,1
DA:152,1
DA:153,1
DA:154,1
DA:160,1
DA:161,1
DA:162,1
DA:163,1
DA:164,1
DA:169,1
DA:170,1
DA:171,1
DA:172,1
DA:173,1
DA:174,1
DA:175,1
DA:176,1
DA:177,1
DA:182,1
DA:183,1
DA:184,1
DA:185,1
DA:186,1
DA:187,1
DA:192,1
DA:193,1
DA:194,1
DA:195,1
DA:196,1
DA:201,1
DA:202,1
DA:203,1
DA:204,1
DA:205,1
DA:206,1
DA:228,1
DA:229,1
DA:230,1
DA:232,1
DA:233,1
DA:234,1
DA:235,1
DA:236,1
DA:237,1
DA:240,1
DA:241,1
DA:242,1
DA:245,1
DA:246,1
DA:247,1
DA:249,1
DA:250,1
DA:255,1
DA:256,1
DA:257,1
DA:258,1
LF:120
LH:120
BRF:0
BRH:0
end_of_record
TN:
SF:packages\telemetry\src\correlation.ts
FN:9,getCorrelationId
FN:13,runWithCorrelationId
FNF:2
FNH:2
FNDA:561,getCorrelationId
FNDA:168,runWithCorrelationId
DA:1,1
DA:7,1
DA:9,1
DA:10,561
DA:11,561
DA:13,1
DA:14,168
DA:15,168
LF:8
LH:8
BRDA:9,0,0,561
BRDA:10,1,0,71
BRDA:13,2,0,168
BRF:3
BRH:3
end_of_record
TN:
SF:packages\telemetry\src\index.ts
FNF:0
FNH:0
DA:1,1
DA:2,1
DA:3,1
DA:4,1
LF:4
LH:4
BRF:0
BRH:0
end_of_record
TN:
SF:packages\telemetry\src\metrics-server.ts
FN:16,startMetricsServer
FNF:1
FNH:1
FNDA:4,startMetricsServer
DA:1,1
DA:2,1
DA:16,1
DA:17,4
DA:18,0
DA:19,0
DA:20,0
DA:21,0
DA:22,0
DA:23,0
DA:24,0
DA:25,0
DA:26,0
DA:27,0
DA:28,0
DA:29,0
DA:30,0
DA:31,0
DA:32,4
DA:39,4
DA:40,3
DA:41,4
DA:43,4
DA:44,1
DA:45,4
DA:47,4
DA:48,4
LF:27
LH:13
BRDA:16,0,0,4
BRDA:39,1,0,3
BRDA:43,2,0,1
BRF:3
BRH:3
end_of_record
TN:
SF:packages\telemetry\src\metrics.ts
FN:124,getMetricsContentType
FN:125,getMetrics
FNF:2
FNH:2
FNDA:2,getMetricsContentType
FNDA:5,getMetrics
DA:1,1
DA:3,1
DA:4,1
DA:16,1
DA:17,1
DA:18,1
DA:19,1
DA:20,1
DA:21,1
DA:23,1
DA:24,1
DA:25,1
DA:26,1
DA:27,1
DA:28,1
DA:30,1
DA:31,1
DA:32,1
DA:33,1
DA:34,1
DA:35,1
DA:36,1
DA:38,1
DA:39,1
DA:42,1
DA:43,1
DA:44,1
DA:45,1
DA:47,1
DA:48,1
DA:53,1
DA:54,1
DA:55,1
DA:56,1
DA:58,1
DA:59,1
DA:60,1
DA:61,1
DA:62,1
DA:63,1
DA:74,1
DA:75,1
DA:76,1
DA:77,1
DA:78,1
DA:79,1
DA:81,1
DA:82,1
DA:83,1
DA:84,1
DA:85,1
DA:86,1
DA:88,1
DA:89,1
DA:90,1
DA:92,1
DA:93,1
DA:94,1
DA:95,1
DA:97,1
DA:98,1
DA:99,1
DA:100,1
DA:101,1
DA:102,1
DA:103,1
DA:105,1
DA:106,1
DA:107,1
DA:108,1
DA:109,1
DA:110,1
DA:112,1
DA:113,1
DA:114,1
DA:115,1
DA:116,1
DA:117,1
DA:118,1
DA:119,1
DA:120,1
DA:121,1
DA:122,1
DA:123,1
DA:124,1
DA:125,1
DA:126,1
LF:87
LH:87
BRDA:124,0,0,2
BRDA:125,1,0,5
BRF:2
BRH:2
end_of_record
TN:
SF:packages\telemetry\src\telemetry.ts
FN:11,initTelemetry
FNF:1
FNH:1
FNDA:13,initTelemetry
DA:1,1
DA:2,1
DA:3,1
DA:4,1
DA:5,1
DA:6,1
DA:7,1
DA:9,1
DA:11,1
DA:12,13
DA:14,13
DA:15,13
DA:16,13
DA:17,13
DA:19,13
DA:20,13
DA:21,13
DA:22,13
DA:23,13
DA:24,13
DA:25,13
DA:26,13
DA:27,13
DA:28,13
DA:29,13
DA:30,13
DA:32,13
DA:33,13
DA:34,13
DA:37,0
DA:38,0
DA:40,13
DA:41,0
DA:42,13
DA:44,13
DA:45,13
DA:47,1
LF:37
LH:34
BRDA:11,0,0,13
BRDA:12,1,0,0
BRDA:34,2,0,0
BRF:3
BRH:1
end_of_record
