TN:
SF:apps\api-gateway\src\server.ts
FN:112,onError
FN:120,pingRedis
FN:183,serviceCallHeaders
FN:193,callAiService
FN:216,latestAuditPayload
FN:339,keyGenerator
FN:344,allowList
FN:348,errorResponseBuilder
FN:414,keyGenerator
FN:431,invalid
FN:805,denyIfNotSelfOrAdmin
FN:990,stubGeneratedTests
FN:1213,recordPaymentEvent
FN:2634,auditStreamFrame
FN:2703,refuseIfDemoCredentialsInProduction
FN:2718,start
FN:2730,shutdown
FNF:17
FNH:6
FNDA:0,onError
FNDA:1,pingRedis
FNDA:5,serviceCallHeaders
FNDA:4,callAiService
FNDA:0,latestAuditPayload
FNDA:0,keyGenerator
FNDA:0,allowList
FNDA:0,errorResponseBuilder
FNDA:0,keyGenerator
FNDA:1,invalid
FNDA:7,denyIfNotSelfOrAdmin
FNDA:0,stubGeneratedTests
FNDA:2,recordPaymentEvent
FNDA:0,auditStreamFrame
FNDA:0,refuseIfDemoCredentialsInProduction
FNDA:0,start
FNDA:0,shutdown
DA:1,1
DA:13,1
DA:63,1
DA:64,1
DA:66,1
DA:67,1
DA:68,1
DA:72,1
DA:73,1
DA:74,1
DA:75,1
DA:76,1
DA:77,1
DA:78,1
DA:83,1
DA:96,1
DA:97,0
DA:98,0
DA:100,0
DA:101,0
DA:102,0
DA:109,1
DA:110,1
DA:111,1
DA:112,1
DA:115,1
DA:116,8
DA:117,1
DA:120,1
DA:121,1
DA:122,1
DA:128,1
DA:129,1
DA:130,1
DA:131,1
DA:132,1
DA:133,1
DA:134,1
DA:135,1
DA:141,1
DA:149,1
DA:150,0
DA:151,0
DA:154,1
DA:155,1
DA:169,1
DA:170,1
DA:183,5
DA:184,5
DA:185,5
DA:186,5
DA:187,5
DA:188,5
DA:189,5
DA:190,5
DA:193,4
DA:194,4
DA:195,4
DA:196,4
DA:197,4
DA:198,4
DA:199,4
DA:200,4
DA:201,4
DA:202,0
DA:203,0
DA:204,0
DA:205,4
DA:206,4
DA:207,4
DA:208,4
DA:216,0
DA:217,0
DA:218,0
DA:222,0
DA:223,0
DA:224,0
DA:225,0
DA:226,0
DA:230,1
DA:231,1
DA:232,1
DA:233,1
DA:234,1
DA:237,1
DA:238,1
DA:239,0
DA:240,1
DA:241,0
DA:242,1
DA:243,1
DA:244,1
DA:245,1
DA:249,1
DA:250,1
DA:251,1
DA:267,1
DA:268,45
DA:269,45
DA:270,1
DA:271,1
DA:272,1
DA:273,44
DA:274,44
DA:275,45
DA:278,0
DA:279,0
DA:280,0
DA:281,45
DA:290,1
DA:291,3
DA:292,3
DA:293,3
DA:294,3
DA:295,3
DA:296,3
DA:297,3
DA:298,0
DA:299,3
DA:300,3
DA:301,3
DA:302,3
DA:305,1
DA:306,74
DA:307,74
DA:308,74
DA:309,74
DA:311,74
DA:312,74
DA:313,74
DA:314,74
DA:335,1
DA:336,1
DA:337,1
DA:338,1
DA:339,1
DA:340,0
DA:341,0
DA:342,0
DA:343,1
DA:344,1
DA:345,0
DA:346,0
DA:347,0
DA:348,1
DA:349,0
DA:350,0
DA:351,0
DA:352,0
DA:353,1
DA:359,1
DA:362,1
DA:363,2
DA:364,2
DA:365,2
DA:366,2
DA:367,2
DA:368,2
DA:371,1
DA:372,1
DA:373,1
DA:375,1
DA:376,1
DA:377,1
DA:378,1
DA:379,0
DA:380,0
DA:381,0
DA:383,1
DA:384,1
DA:385,1
DA:387,1
DA:388,1
DA:389,1
DA:390,1
DA:391,1
DA:392,1
DA:395,1
DA:396,1
DA:397,1
DA:398,1
DA:407,1
DA:409,1
DA:410,1
DA:411,1
DA:412,1
DA:413,1
DA:414,1
DA:415,1
DA:416,1
DA:417,1
DA:418,1
DA:419,1
DA:420,0
DA:421,0
DA:423,1
DA:424,1
DA:426,1
DA:427,1
DA:431,1
DA:432,1
DA:434,1
DA:435,1
DA:436,1
DA:437,1
DA:438,1
DA:439,1
DA:440,1
DA:441,1
DA:442,1
DA:443,1
DA:444,1
DA:445,1
DA:447,0
DA:448,0
DA:449,0
DA:450,0
DA:451,0
DA:452,0
DA:453,0
DA:455,0
DA:456,0
DA:457,0
DA:458,0
DA:459,0
DA:460,0
DA:461,0
DA:463,0
DA:464,0
DA:465,0
DA:466,0
DA:467,0
DA:468,0
DA:469,0
DA:470,0
DA:471,0
DA:472,0
DA:476,1
DA:477,1
DA:478,1
DA:479,0
DA:480,0
DA:481,0
DA:482,0
DA:483,0
DA:484,0
DA:485,0
DA:486,0
DA:487,1
DA:488,1
DA:490,1
DA:491,1
DA:492,1
DA:494,1
DA:495,1
DA:498,0
DA:499,0
DA:500,0
DA:501,0
DA:502,0
DA:503,0
DA:504,0
DA:505,1
DA:506,1
DA:507,1
DA:517,1
DA:519,1
DA:520,2
DA:521,2
DA:524,2
DA:525,2
DA:527,0
DA:528,0
DA:530,2
DA:531,1
DA:532,1
DA:533,1
DA:534,1
DA:535,1
DA:537,0
DA:538,0
DA:539,0
DA:540,0
DA:542,0
DA:543,0
DA:544,0
DA:545,0
DA:546,0
DA:547,0
DA:548,0
DA:549,0
DA:550,0
DA:551,0
DA:552,2
DA:564,1
DA:567,1
DA:568,1
DA:569,1
DA:570,1
DA:571,1
DA:572,1
DA:576,1
DA:579,1
DA:580,8
DA:581,6
DA:588,6
DA:596,6
DA:597,6
DA:598,0
DA:599,0
DA:600,0
DA:601,0
DA:602,0
DA:603,0
DA:604,6
DA:605,6
DA:612,6
DA:613,6
DA:616,6
DA:617,6
DA:619,6
DA:620,6
DA:621,6
DA:622,6
DA:624,6
DA:625,6
DA:626,6
DA:627,6
DA:628,6
DA:630,6
DA:631,6
DA:632,6
DA:633,6
DA:634,6
DA:636,6
DA:637,6
DA:638,6
DA:639,6
DA:640,6
DA:641,8
DA:642,8
DA:644,1
DA:647,1
DA:648,0
DA:649,0
DA:651,0
DA:652,0
DA:653,0
DA:654,0
DA:655,0
DA:656,0
DA:657,0
DA:658,0
DA:659,0
DA:660,0
DA:662,0
DA:663,0
DA:664,0
DA:665,0
DA:666,0
DA:667,0
DA:668,0
DA:670,0
DA:676,0
DA:678,0
DA:679,0
DA:680,0
DA:681,0
DA:682,0
DA:683,0
DA:684,0
DA:685,0
DA:686,0
DA:687,0
DA:688,0
DA:689,0
DA:690,0
DA:692,0
DA:693,0
DA:695,1
DA:698,1
DA:699,0
DA:700,0
DA:701,0
DA:703,0
DA:704,0
DA:705,0
DA:706,0
DA:707,0
DA:708,0
DA:709,0
DA:711,0
DA:712,0
DA:713,0
DA:714,0
DA:716,0
DA:718,0
DA:719,0
DA:720,0
DA:721,0
DA:722,0
DA:724,0
DA:725,0
DA:726,0
DA:727,0
DA:728,0
DA:729,0
DA:730,0
DA:746,1
DA:749,1
DA:750,6
DA:751,6
DA:754,6
DA:756,6
DA:757,6
DA:759,6
DA:760,6
DA:765,6
DA:766,1
DA:767,1
DA:768,1
DA:769,1
DA:770,1
DA:771,1
DA:773,2
DA:775,2
DA:776,2
DA:777,2
DA:778,2
DA:780,2
DA:781,2
DA:782,2
DA:783,2
DA:784,2
DA:785,6
DA:786,6
DA:805,7
DA:806,7
DA:807,7
DA:808,7
DA:809,7
DA:810,7
DA:811,7
DA:812,7
DA:814,7
DA:815,7
DA:816,7
DA:818,5
DA:819,5
DA:820,5
DA:821,5
DA:822,5
DA:823,5
DA:824,5
DA:825,5
DA:826,5
DA:827,5
DA:829,1
DA:831,1
DA:832,2
DA:833,2
DA:834,1
DA:835,1
DA:837,1
DA:838,1
DA:839,1
DA:840,1
DA:841,1
DA:842,1
DA:843,1
DA:844,1
DA:845,1
DA:846,1
DA:847,1
DA:856,0
DA:857,0
DA:858,0
DA:859,0
DA:861,0
DA:862,0
DA:863,0
DA:864,0
DA:866,0
DA:868,0
DA:869,0
DA:872,0
DA:873,0
DA:875,0
DA:876,0
DA:877,0
DA:878,0
DA:880,0
DA:881,0
DA:882,0
DA:883,0
DA:884,0
DA:885,0
DA:886,0
DA:888,0
DA:889,0
DA:890,0
DA:891,0
DA:892,0
DA:893,0
DA:894,0
DA:895,0
DA:897,1
DA:899,1
DA:900,5
DA:906,5
DA:907,5
DA:908,5
DA:909,5
DA:910,5
DA:911,5
DA:912,5
DA:913,5
DA:914,5
DA:915,3
DA:916,3
DA:918,2
DA:919,2
DA:920,2
DA:921,2
DA:922,2
DA:923,2
DA:924,2
DA:925,0
DA:926,0
DA:927,0
DA:928,0
DA:929,0
DA:930,0
DA:931,0
DA:932,5
DA:933,5
DA:935,1
DA:937,1
DA:938,2
DA:939,2
DA:940,1
DA:941,1
DA:946,1
DA:947,1
DA:948,1
DA:949,1
DA:950,1
DA:951,1
DA:952,1
DA:953,1
DA:954,1
DA:955,1
DA:956,1
DA:961,0
DA:962,0
DA:963,0
DA:964,0
DA:966,0
DA:967,0
DA:968,0
DA:969,2
DA:970,0
DA:971,0
DA:974,0
DA:975,0
DA:976,0
DA:977,0
DA:978,0
DA:979,0
DA:980,0
DA:981,0
DA:990,0
DA:991,0
DA:992,0
DA:993,0
DA:994,0
DA:995,0
DA:996,0
DA:997,0
DA:998,0
DA:999,0
DA:1000,0
DA:1001,0
DA:1002,0
DA:1004,1
DA:1015,1
DA:1016,0
DA:1017,0
DA:1018,0
DA:1019,0
DA:1021,0
DA:1023,0
DA:1024,0
DA:1025,0
DA:1026,0
DA:1027,0
DA:1028,0
DA:1029,0
DA:1030,0
DA:1031,0
DA:1032,0
DA:1033,0
DA:1034,0
DA:1036,0
DA:1037,0
DA:1038,0
DA:1048,0
DA:1049,0
DA:1050,0
DA:1051,0
DA:1052,0
DA:1053,0
DA:1054,0
DA:1055,0
DA:1056,0
DA:1057,0
DA:1059,0
DA:1060,0
DA:1061,0
DA:1062,0
DA:1064,0
DA:1065,0
DA:1066,0
DA:1067,0
DA:1069,0
DA:1078,0
DA:1079,0
DA:1080,0
DA:1081,0
DA:1082,0
DA:1083,0
DA:1084,0
DA:1085,0
DA:1087,0
DA:1089,0
DA:1090,0
DA:1091,0
DA:1092,0
DA:1093,0
DA:1094,0
DA:1095,0
DA:1096,0
DA:1097,0
DA:1098,0
DA:1099,0
DA:1100,0
DA:1101,0
DA:1102,0
DA:1103,0
DA:1105,0
DA:1106,0
DA:1107,0
DA:1108,0
DA:1109,0
DA:1110,0
DA:1111,0
DA:1112,0
DA:1113,0
DA:1114,0
DA:1115,0
DA:1116,0
DA:1117,0
DA:1118,0
DA:1119,0
DA:1120,0
DA:1122,1
DA:1126,1
DA:1127,8
DA:1128,4
DA:1129,4
DA:1130,4
DA:1132,4
DA:1133,4
DA:1134,4
DA:1135,4
DA:1136,4
DA:1137,4
DA:1138,4
DA:1139,4
DA:1140,4
DA:1141,4
DA:1142,4
DA:1143,4
DA:1144,4
DA:1145,4
DA:1146,4
DA:1147,4
DA:1148,4
DA:1149,4
DA:1151,4
DA:1152,4
DA:1153,4
DA:1154,4
DA:1155,4
DA:1156,4
DA:1157,4
DA:1158,4
DA:1160,4
DA:1162,4
DA:1163,4
DA:1164,4
DA:1165,4
DA:1171,4
DA:1172,4
DA:1173,4
DA:1174,4
DA:1175,4
DA:1176,4
DA:1177,0
DA:1178,0
DA:1179,4
DA:1180,4
DA:1181,4
DA:1182,4
DA:1183,4
DA:1184,4
DA:1186,4
DA:1187,4
DA:1188,4
DA:1189,4
DA:1190,4
DA:1191,8
DA:1192,8
DA:1213,2
DA:1221,2
DA:1222,2
DA:1223,2
DA:1224,2
DA:1237,2
DA:1238,2
DA:1239,2
DA:1240,2
DA:1241,2
DA:1242,2
DA:1243,2
DA:1244,2
DA:1245,2
DA:1246,2
DA:1247,2
DA:1248,2
DA:1249,2
DA:1250,0
DA:1251,0
DA:1252,0
DA:1253,0
DA:1254,0
DA:1255,0
DA:1256,2
DA:1269,1
DA:1280,1
DA:1281,0
DA:1282,0
DA:1286,0
DA:1287,0
DA:1289,0
DA:1290,0
DA:1291,0
DA:1292,0
DA:1293,0
DA:1294,0
DA:1295,0
DA:1306,0
DA:1307,0
DA:1311,0
DA:1312,0
DA:1314,0
DA:1315,0
DA:1316,0
DA:1317,0
DA:1318,0
DA:1319,0
DA:1320,0
DA:1321,0
DA:1322,0
DA:1323,0
DA:1324,0
DA:1325,0
DA:1326,0
DA:1327,0
DA:1328,0
DA:1329,0
DA:1330,0
DA:1331,0
DA:1332,0
DA:1334,0
DA:1336,0
DA:1337,0
DA:1338,0
DA:1339,0
DA:1341,0
DA:1342,0
DA:1343,0
DA:1344,0
DA:1345,0
DA:1346,0
DA:1352,0
DA:1353,0
DA:1356,0
DA:1357,0
DA:1359,0
DA:1360,0
DA:1361,0
DA:1362,0
DA:1363,0
DA:1364,0
DA:1365,0
DA:1367,0
DA:1368,0
DA:1369,0
DA:1370,0
DA:1371,0
DA:1372,0
DA:1373,0
DA:1374,0
DA:1375,0
DA:1379,0
DA:1380,0
DA:1381,0
DA:1382,0
DA:1383,0
DA:1399,1
DA:1405,1
DA:1406,0
DA:1407,0
DA:1408,0
DA:1410,0
DA:1411,0
DA:1412,0
DA:1413,0
DA:1414,0
DA:1415,0
DA:1416,0
DA:1417,0
DA:1418,0
DA:1420,0
DA:1421,0
DA:1422,0
DA:1423,0
DA:1424,0
DA:1425,0
DA:1426,0
DA:1427,0
DA:1428,0
DA:1429,0
DA:1430,0
DA:1431,0
DA:1432,0
DA:1438,0
DA:1439,0
DA:1440,0
DA:1441,0
DA:1442,0
DA:1443,0
DA:1444,0
DA:1445,0
DA:1446,0
DA:1447,0
DA:1448,0
DA:1449,0
DA:1450,0
DA:1451,0
DA:1452,0
DA:1453,0
DA:1454,0
DA:1455,0
DA:1458,0
DA:1459,0
DA:1460,0
DA:1461,0
DA:1462,0
DA:1463,0
DA:1464,0
DA:1465,0
DA:1466,0
DA:1467,0
DA:1468,0
DA:1472,0
DA:1473,0
DA:1477,0
DA:1478,0
DA:1480,0
DA:1481,0
DA:1482,0
DA:1483,0
DA:1484,0
DA:1485,0
DA:1486,0
DA:1488,0
DA:1489,0
DA:1490,0
DA:1491,0
DA:1492,0
DA:1493,0
DA:1494,0
DA:1495,0
DA:1497,0
DA:1498,0
DA:1499,0
DA:1500,0
DA:1501,0
DA:1502,0
DA:1503,0
DA:1504,0
DA:1505,0
DA:1506,0
DA:1508,0
DA:1509,0
DA:1510,0
DA:1511,0
DA:1512,0
DA:1515,0
DA:1516,0
DA:1517,0
DA:1518,0
DA:1519,0
DA:1521,0
DA:1522,0
DA:1523,0
DA:1524,0
DA:1525,0
DA:1526,0
DA:1527,0
DA:1528,0
DA:1529,0
DA:1530,0
DA:1531,0
DA:1532,0
DA:1533,0
DA:1535,1
DA:1539,1
DA:1540,5
DA:1541,5
DA:1542,5
DA:1557,5
DA:1558,2
DA:1559,2
DA:1560,2
DA:1561,2
DA:1562,2
DA:1563,2
DA:1564,5
DA:1565,3
DA:1566,3
DA:1567,3
DA:1568,3
DA:1569,3
DA:1570,3
DA:1578,0
DA:1579,0
DA:1580,0
DA:1581,0
DA:1582,0
DA:1583,0
DA:1584,0
DA:1585,0
DA:1586,0
DA:1588,0
DA:1589,0
DA:1590,0
DA:1591,0
DA:1592,0
DA:1593,0
DA:1595,0
DA:1597,0
DA:1598,0
DA:1599,0
DA:1600,0
DA:1601,0
DA:1602,0
DA:1603,0
DA:1604,0
DA:1605,5
DA:1606,5
DA:1630,1
DA:1632,1
DA:1633,12
DA:1634,12
DA:1639,12
DA:1644,12
DA:1645,1
DA:1646,1
DA:1648,11
DA:1650,12
DA:1651,6
DA:1652,6
DA:1653,6
DA:1655,5
DA:1656,5
DA:1657,5
DA:1659,12
DA:1660,12
DA:1661,5
DA:1662,0
DA:1663,0
DA:1664,0
DA:1666,12
DA:1668,12
DA:1669,0
DA:1670,0
DA:1675,5
DA:1676,5
DA:1679,5
DA:1680,5
DA:1682,12
DA:1683,3
DA:1684,3
DA:1685,3
DA:1687,2
DA:1688,2
DA:1689,12
DA:1696,12
DA:1697,12
DA:1698,12
DA:1699,12
DA:1700,12
DA:1701,12
DA:1702,12
DA:1703,12
DA:1704,12
DA:1706,12
DA:1707,1
DA:1708,1
DA:1709,1
DA:1710,1
DA:1711,1
DA:1712,1
DA:1714,12
DA:1715,1
DA:1716,1
DA:1720,1
DA:1721,1
DA:1726,1
DA:1727,1
DA:1728,1
DA:1729,1
DA:1730,1
DA:1731,1
DA:1732,1
DA:1735,1
DA:1736,1
DA:1737,1
DA:1738,1
DA:1739,1
DA:1740,1
DA:1741,12
DA:1742,0
DA:1743,0
DA:1746,0
DA:1747,0
DA:1749,0
DA:1750,0
DA:1751,0
DA:1752,0
DA:1753,0
DA:1754,0
DA:1755,0
DA:1756,0
DA:1757,0
DA:1758,0
DA:1759,0
DA:1760,0
DA:1761,0
DA:1762,0
DA:1763,0
DA:1767,0
DA:1768,0
DA:1770,1
DA:1771,1
DA:1773,1
DA:1785,1
DA:1786,1
DA:1788,1
DA:1790,1
DA:1791,1
DA:1792,1
DA:1793,0
DA:1794,0
DA:1795,0
DA:1796,0
DA:1797,0
DA:1798,1
DA:1799,1
DA:1800,1
DA:1802,1
DA:1805,1
DA:1806,4
DA:1807,4
DA:1808,4
DA:1809,1
DA:1810,1
DA:1812,3
DA:1813,3
DA:1814,2
DA:1815,2
DA:1817,1
DA:1818,1
DA:1828,1
DA:1845,1
DA:1846,1
DA:1848,1
DA:1849,1
DA:1850,1
DA:1851,1
DA:1852,1
DA:1853,0
DA:1859,0
DA:1860,0
DA:1861,0
DA:1863,1
DA:1864,1
DA:1865,1
DA:1866,1
DA:1867,1
DA:1869,0
DA:1873,0
DA:1874,0
DA:1875,0
DA:1876,0
DA:1877,0
DA:1879,0
DA:1881,1
DA:1882,1
DA:1883,1
DA:1884,1
DA:1885,1
DA:1886,1
DA:1887,0
DA:1890,0
DA:1891,1
DA:1892,1
DA:1893,1
DA:1894,1
DA:1895,0
DA:1896,0
DA:1897,1
DA:1898,1
DA:1899,1
DA:1901,1
DA:1906,1
DA:1909,1
DA:1910,0
DA:1911,0
DA:1913,1
DA:1915,1
DA:1916,1
DA:1917,1
DA:1918,1
DA:1919,1
DA:1921,1
DA:1922,1
DA:1924,1
DA:1929,0
DA:1930,0
DA:1931,0
DA:1932,0
DA:1933,0
DA:1934,0
DA:1935,0
DA:1936,0
DA:1938,0
DA:1939,0
DA:1940,0
DA:1941,0
DA:1942,0
DA:1943,0
DA:1944,0
DA:1945,0
DA:1946,0
DA:1947,0
DA:1950,0
DA:1951,0
DA:1953,0
DA:1954,0
DA:1958,0
DA:1959,0
DA:1960,0
DA:1961,0
DA:1963,0
DA:1964,0
DA:1965,0
DA:1966,0
DA:1967,0
DA:1969,0
DA:1970,0
DA:1971,0
DA:1972,0
DA:1973,0
DA:1974,0
DA:1975,0
DA:1976,0
DA:1978,0
DA:1982,0
DA:1983,0
DA:1984,0
DA:1985,0
DA:1987,0
DA:1988,0
DA:1989,0
DA:1990,0
DA:1991,0
DA:1992,0
DA:1993,1
DA:1994,1
DA:1995,1
DA:2006,1
DA:2014,1
DA:2018,1
DA:2019,0
DA:2020,0
DA:2021,0
DA:2023,0
DA:2025,0
DA:2026,0
DA:2027,0
DA:2028,0
DA:2035,0
DA:2036,0
DA:2037,0
DA:2038,0
DA:2039,0
DA:2041,0
DA:2043,0
DA:2044,0
DA:2045,0
DA:2046,0
DA:2047,0
DA:2049,1
DA:2059,1
DA:2060,1
DA:2062,1
DA:2063,1
DA:2064,1
DA:2065,1
DA:2071,0
DA:2072,0
DA:2073,0
DA:2074,0
DA:2075,0
DA:2076,0
DA:2077,0
DA:2078,0
DA:2079,0
DA:2080,0
DA:2081,0
DA:2083,1
DA:2084,1
DA:2085,1
DA:2086,1
DA:2087,1
DA:2088,1
DA:2089,0
DA:2090,0
DA:2091,0
DA:2092,1
DA:2093,1
DA:2095,1
DA:2096,1
DA:2097,1
DA:2098,1
DA:2099,1
DA:2100,1
DA:2101,1
DA:2102,1
DA:2103,1
DA:2107,1
DA:2143,1
DA:2144,1
DA:2145,1
DA:2147,1
DA:2148,1
DA:2149,1
DA:2159,0
DA:2168,0
DA:2170,0
DA:2171,0
DA:2173,0
DA:2174,0
DA:2175,0
DA:2176,0
DA:2178,0
DA:2179,0
DA:2181,0
DA:2182,0
DA:2183,0
DA:2184,0
DA:2185,0
DA:2186,0
DA:2187,1
DA:2188,1
DA:2189,1
DA:2191,1
DA:2192,1
DA:2193,1
DA:2194,1
DA:2195,1
DA:2196,1
DA:2197,0
DA:2198,0
DA:2199,0
DA:2201,0
DA:2202,0
DA:2203,0
DA:2204,0
DA:2205,0
DA:2207,0
DA:2225,0
DA:2226,0
DA:2227,0
DA:2228,0
DA:2229,0
DA:2230,0
DA:2231,0
DA:2232,0
DA:2233,0
DA:2234,0
DA:2235,0
DA:2236,0
DA:2237,0
DA:2238,0
DA:2239,0
DA:2240,0
DA:2241,0
DA:2242,0
DA:2243,0
DA:2245,0
DA:2249,0
DA:2250,0
DA:2251,0
DA:2252,0
DA:2253,0
DA:2254,0
DA:2256,0
DA:2257,0
DA:2258,0
DA:2259,0
DA:2260,0
DA:2262,0
DA:2263,0
DA:2268,0
DA:2269,0
DA:2270,0
DA:2271,0
DA:2272,0
DA:2273,0
DA:2274,0
DA:2275,0
DA:2277,0
DA:2279,0
DA:2280,0
DA:2281,0
DA:2282,0
DA:2283,0
DA:2284,0
DA:2285,0
DA:2286,0
DA:2287,0
DA:2288,0
DA:2289,0
DA:2290,0
DA:2291,0
DA:2292,0
DA:2293,0
DA:2294,0
DA:2295,0
DA:2310,1
DA:2313,1
DA:2314,1
DA:2316,1
DA:2317,1
DA:2318,1
DA:2319,1
DA:2320,1
DA:2321,1
DA:2323,0
DA:2324,0
DA:2329,0
DA:2330,0
DA:2331,0
DA:2332,0
DA:2334,0
DA:2335,1
DA:2336,1
DA:2337,1
DA:2338,1
DA:2340,0
DA:2341,0
DA:2342,0
DA:2343,0
DA:2345,0
DA:2346,0
DA:2347,0
DA:2348,0
DA:2349,0
DA:2350,0
DA:2351,0
DA:2352,0
DA:2356,0
DA:2357,0
DA:2358,0
DA:2359,0
DA:2360,0
DA:2361,1
DA:2370,1
DA:2400,1
DA:2401,1
DA:2403,1
DA:2404,1
DA:2405,1
DA:2406,1
DA:2408,0
DA:2409,0
DA:2411,0
DA:2412,0
DA:2416,0
DA:2417,0
DA:2418,0
DA:2424,1
DA:2425,1
DA:2428,1
DA:2429,1
DA:2430,0
DA:2431,0
DA:2432,0
DA:2433,0
DA:2436,0
DA:2437,0
DA:2438,0
DA:2439,0
DA:2441,0
DA:2442,0
DA:2444,0
DA:2445,0
DA:2446,1
DA:2447,1
DA:2448,1
DA:2449,1
DA:2450,1
DA:2451,1
DA:2452,1
DA:2453,1
DA:2454,1
DA:2455,1
DA:2456,1
DA:2457,0
DA:2458,0
DA:2461,0
DA:2462,0
DA:2463,0
DA:2464,0
DA:2465,0
DA:2466,0
DA:2467,0
DA:2468,0
DA:2469,0
DA:2470,0
DA:2471,1
DA:2472,0
DA:2473,0
DA:2474,0
DA:2475,0
DA:2476,0
DA:2477,0
DA:2478,1
DA:2479,1
DA:2483,0
DA:2484,0
DA:2485,0
DA:2486,1
DA:2490,1
DA:2492,1
DA:2499,1
DA:2500,0
DA:2501,0
DA:2503,0
DA:2504,0
DA:2505,0
DA:2514,0
DA:2521,0
DA:2522,0
DA:2523,0
DA:2524,0
DA:2525,0
DA:2526,0
DA:2527,0
DA:2529,0
DA:2530,0
DA:2531,0
DA:2534,0
DA:2535,0
DA:2536,0
DA:2537,0
DA:2538,0
DA:2539,0
DA:2541,0
DA:2542,0
DA:2543,0
DA:2544,0
DA:2545,0
DA:2546,0
DA:2548,0
DA:2549,0
DA:2551,0
DA:2552,0
DA:2554,0
DA:2555,0
DA:2556,0
DA:2557,0
DA:2558,0
DA:2559,0
DA:2560,0
DA:2561,0
DA:2562,0
DA:2563,0
DA:2564,0
DA:2565,0
DA:2567,0
DA:2568,0
DA:2569,0
DA:2570,0
DA:2571,0
DA:2572,0
DA:2573,0
DA:2575,0
DA:2576,0
DA:2577,0
DA:2578,0
DA:2579,0
DA:2580,0
DA:2582,0
DA:2583,0
DA:2584,0
DA:2585,0
DA:2586,0
DA:2587,0
DA:2589,1
DA:2591,1
DA:2592,0
DA:2593,0
DA:2603,0
DA:2604,0
DA:2605,0
DA:2606,0
DA:2607,0
DA:2608,0
DA:2609,0
DA:2610,0
DA:2611,0
DA:2612,0
DA:2613,0
DA:2615,0
DA:2616,0
DA:2617,0
DA:2618,0
DA:2619,0
DA:2625,1
DA:2626,1
DA:2627,1
DA:2628,1
DA:2629,1
DA:2630,1
DA:2631,1
DA:2634,0
DA:2635,0
DA:2636,0
DA:2637,0
DA:2638,0
DA:2639,0
DA:2640,0
DA:2641,0
DA:2643,1
DA:2645,1
DA:2646,0
DA:2647,0
DA:2649,0
DA:2654,0
DA:2660,0
DA:2661,0
DA:2662,0
DA:2663,0
DA:2664,0
DA:2665,0
DA:2666,0
DA:2667,0
DA:2668,0
DA:2669,0
DA:2670,0
DA:2671,0
DA:2672,0
DA:2673,0
DA:2674,0
DA:2675,0
DA:2681,0
DA:2682,0
DA:2683,0
DA:2685,0
DA:2686,0
DA:2687,0
DA:2688,0
DA:2689,0
DA:2700,1
DA:2701,1
DA:2703,0
DA:2704,0
DA:2705,0
DA:2706,0
DA:2707,0
DA:2708,0
DA:2709,0
DA:2710,0
DA:2711,0
DA:2713,0
DA:2714,0
DA:2715,0
DA:2716,0
DA:2718,0
DA:2719,0
DA:2720,0
DA:2721,0
DA:2722,0
DA:2723,0
DA:2724,0
DA:2725,0
DA:2726,0
DA:2727,0
DA:2728,0
DA:2730,0
DA:2731,0
DA:2732,0
DA:2733,0
DA:2734,0
DA:2735,0
DA:2736,0
DA:2737,0
DA:2739,1
DA:2740,1
DA:2742,1
DA:2743,0
DA:2744,0
DA:2747,1
LF:1639
LH:690
BRDA:74,0,0,0
BRDA:75,1,0,0
BRDA:76,2,0,0
BRDA:96,3,0,0
BRDA:96,4,0,0
BRDA:238,5,0,0
BRDA:240,6,0,0
BRDA:2742,7,0,0
BRDA:115,8,0,8
BRDA:116,9,0,0
BRDA:116,10,0,0
BRDA:120,11,0,1
BRDA:121,12,0,0
BRDA:122,13,0,1
BRDA:129,14,0,0
BRDA:130,15,0,1
BRDA:183,16,0,5
BRDA:186,17,0,0
BRDA:193,18,0,4
BRDA:194,19,0,0
BRDA:201,20,0,0
BRDA:267,21,0,45
BRDA:269,22,0,1
BRDA:272,23,0,44
BRDA:275,24,0,0
BRDA:290,25,0,3
BRDA:297,26,0,0
BRDA:300,27,0,0
BRDA:300,28,0,0
BRDA:300,29,0,0
BRDA:295,30,0,3
BRDA:305,31,0,74
BRDA:311,32,0,74
BRDA:362,33,0,2
BRDA:371,34,0,1
BRDA:378,35,0,0
BRDA:385,36,0,0
BRDA:387,37,0,0
BRDA:388,38,0,0
BRDA:395,39,0,1
BRDA:417,40,0,1
BRDA:418,41,0,0
BRDA:419,42,0,0
BRDA:432,43,0,0
BRDA:445,44,0,0
BRDA:431,45,0,1
BRDA:476,46,0,1
BRDA:478,47,0,0
BRDA:490,48,0,1
BRDA:495,49,0,0
BRDA:505,50,0,0
BRDA:519,51,0,2
BRDA:525,52,0,0
BRDA:530,53,0,1
BRDA:535,54,0,0
BRDA:579,55,0,8
BRDA:580,56,0,6
BRDA:597,57,0,0
BRDA:597,58,0,0
BRDA:604,59,0,0
BRDA:749,60,0,6
BRDA:750,61,0,6
BRDA:760,62,0,3
BRDA:765,63,0,1
BRDA:771,64,0,2
BRDA:805,65,0,7
BRDA:812,66,0,0
BRDA:815,67,0,0
BRDA:816,68,0,6
BRDA:816,69,0,2
BRDA:816,70,0,5
BRDA:831,71,0,2
BRDA:832,72,0,0
BRDA:833,73,0,1
BRDA:847,74,0,0
BRDA:899,75,0,5
BRDA:914,76,0,3
BRDA:916,77,0,2
BRDA:924,78,0,0
BRDA:937,79,0,2
BRDA:938,80,0,0
BRDA:939,81,0,1
BRDA:956,82,0,0
BRDA:969,83,0,0
BRDA:1126,84,0,8
BRDA:1127,85,0,4
BRDA:1175,86,0,0
BRDA:1175,87,0,0
BRDA:1176,88,0,0
BRDA:1213,89,0,2
BRDA:1238,90,0,0
BRDA:1239,91,0,0
BRDA:1244,92,0,0
BRDA:1245,93,0,0
BRDA:1249,94,0,0
BRDA:1539,95,0,5
BRDA:1540,96,0,5
BRDA:1542,97,0,0
BRDA:1557,98,0,4
BRDA:1557,99,0,2
BRDA:1563,100,0,3
BRDA:1564,101,0,1
BRDA:1564,102,0,3
BRDA:1570,103,0,0
BRDA:1632,104,0,12
BRDA:1633,105,0,1
BRDA:1634,106,0,2
BRDA:1644,107,0,1
BRDA:1646,108,0,11
BRDA:1650,109,0,6
BRDA:1653,110,0,5
BRDA:1659,111,0,5
BRDA:1659,112,0,0
BRDA:1660,113,0,5
BRDA:1660,114,0,5
BRDA:1661,115,0,0
BRDA:1668,116,0,0
BRDA:1668,117,0,0
BRDA:1670,118,0,5
BRDA:1682,119,0,3
BRDA:1685,120,0,2
BRDA:1689,121,0,0
BRDA:1703,122,0,2
BRDA:1703,123,0,0
BRDA:1704,124,0,2
BRDA:1706,125,0,1
BRDA:1714,126,0,0
BRDA:1714,127,0,1
BRDA:1741,128,0,0
BRDA:1768,129,0,1
BRDA:1785,130,0,1
BRDA:1805,131,0,4
BRDA:1808,132,0,1
BRDA:1810,133,0,3
BRDA:1813,134,0,2
BRDA:1815,135,0,1
BRDA:1845,136,0,1
BRDA:1852,137,0,0
BRDA:1852,138,0,0
BRDA:1867,139,0,0
BRDA:1886,140,0,0
BRDA:1891,141,0,0
BRDA:1892,142,0,0
BRDA:1892,143,0,0
BRDA:1894,144,0,0
BRDA:1894,145,0,0
BRDA:1895,146,0,0
BRDA:1906,147,0,1
BRDA:1909,148,0,0
BRDA:1922,149,0,0
BRDA:1924,150,0,0
BRDA:1993,151,0,0
BRDA:2059,152,0,1
BRDA:2065,153,0,0
BRDA:2084,154,0,0
BRDA:2085,155,0,0
BRDA:2086,156,0,0
BRDA:2088,157,0,0
BRDA:2089,158,0,0
BRDA:2090,159,0,0
BRDA:2093,160,0,0
BRDA:2143,161,0,1
BRDA:2149,162,0,0
BRDA:2188,163,0,0
BRDA:2194,164,0,0
BRDA:2195,165,0,0
BRDA:2196,166,0,0
BRDA:2313,167,0,1
BRDA:2321,168,0,0
BRDA:2338,169,0,0
BRDA:2400,170,0,1
BRDA:2406,171,0,0
BRDA:2429,172,0,0
BRDA:2446,173,0,0
BRDA:2452,174,0,0
BRDA:2453,175,0,0
BRDA:2454,176,0,0
BRDA:2456,177,0,0
BRDA:2469,178,0,0
BRDA:2471,179,0,0
BRDA:2476,180,0,0
BRDA:2479,181,0,0
BRF:182
BRH:80
end_of_record
TN:
SF:apps\api-gateway\src\middleware\auth.ts
FN:26,isPublicPath
FN:41,isStreamPath
FN:72,registerAuth
FN:119,hashPassword
FN:124,verifyPassword
FNF:5
FNH:4
FNDA:74,isPublicPath
FNDA:15,isStreamPath
FNDA:8,registerAuth
FNDA:0,hashPassword
FNDA:1,verifyPassword
DA:1,1
DA:23,1
DA:24,1
DA:26,74
DA:27,74
DA:28,74
DA:29,69
DA:30,69
DA:41,15
DA:42,15
DA:43,15
DA:72,1
DA:78,8
DA:80,8
DA:81,74
DA:86,57
DA:87,74
DA:88,42
DA:89,42
DA:90,42
DA:91,42
DA:93,15
DA:94,15
DA:95,55
DA:96,0
DA:97,0
DA:98,0
DA:99,0
DA:100,0
DA:101,0
DA:102,55
DA:103,15
DA:104,9
DA:105,9
DA:106,9
DA:107,9
DA:108,9
DA:109,9
DA:110,9
DA:111,9
DA:112,55
DA:113,6
DA:114,6
DA:115,8
DA:116,8
DA:119,1
DA:120,0
DA:121,0
DA:124,1
DA:125,1
DA:126,1
LF:51
LH:43
BRDA:26,0,0,74
BRDA:28,1,0,5
BRDA:28,2,0,69
BRDA:29,3,0,69
BRDA:41,4,0,15
BRDA:72,5,0,8
BRDA:80,6,0,74
BRDA:81,7,0,17
BRDA:81,8,0,57
BRDA:87,9,0,42
BRDA:87,10,0,42
BRDA:91,11,0,55
BRDA:91,12,0,15
BRDA:95,13,0,0
BRDA:102,14,0,15
BRDA:103,15,0,9
BRDA:104,16,0,9
BRDA:112,17,0,6
BRDA:124,18,0,1
BRF:19
BRH:18
end_of_record
TN:
SF:apps\api-gateway\src\middleware\idempotency.ts
FN:22,inMemoryCacheSize
FN:37,evictStale
FN:63,withIdempotency
FN:202,request.log.warn.key.key
FNF:4
FNH:4
FNDA:1,inMemoryCacheSize
FNDA:10607,evictStale
FNDA:10632,withIdempotency
FNDA:46,request.log.warn.key.key
DA:11,1
DA:12,1
DA:19,1
DA:22,1
DA:23,1
DA:24,1
DA:37,10607
DA:38,10607
DA:39,10607
DA:40,56035608
DA:41,56035608
DA:42,10607
DA:43,603
DA:44,603
DA:45,10604
DA:46,1206
DA:47,603
DA:48,603
DA:49,603
DA:50,603
DA:63,10632
DA:64,10632
DA:65,10632
DA:66,10632
DA:67,10632
DA:68,10632
DA:69,10632
DA:70,10632
DA:72,10632
DA:73,19
DA:74,16
DA:75,16
DA:77,10613
DA:80,10613
DA:81,10632
DA:83,6
DA:84,6
DA:85,6
DA:86,6
DA:87,6
DA:88,6
DA:89,6
DA:91,6
DA:94,10607
DA:95,10607
DA:96,10607
DA:97,10607
DA:98,10607
DA:99,10607
DA:102,10607
DA:103,10607
DA:104,10607
DA:108,10607
DA:109,10607
DA:111,10608
DA:113,10605
DA:114,10605
DA:115,10605
DA:116,10605
DA:123,1
DA:124,1
DA:125,1
DA:126,1
DA:127,1
DA:128,1
DA:129,1
DA:131,10604
DA:132,10604
DA:135,10604
DA:136,10604
DA:137,10604
DA:140,10605
DA:141,10605
DA:142,10605
DA:143,0
DA:144,0
DA:146,10604
DA:147,10604
DA:148,10632
DA:150,1
DA:151,1
DA:152,1
DA:153,1
DA:154,1
DA:157,1
DA:158,1
DA:159,1
DA:160,1
DA:161,0
DA:162,0
DA:163,0
DA:164,0
DA:179,2
DA:180,10605
DA:181,48
DA:182,48
DA:183,48
DA:186,48
DA:187,48
DA:188,48
DA:189,1
DA:190,1
DA:191,1
DA:192,1
DA:193,1
DA:194,1
DA:195,1
DA:196,1
DA:197,48
DA:198,0
DA:199,0
DA:200,0
DA:201,47
DA:202,46
DA:203,46
DA:206,1
DA:207,10632
DA:208,10632
DA:209,10632
DA:210,10605
DA:211,0
DA:212,0
DA:213,0
DA:214,0
DA:215,1
DA:216,1
DA:217,1
DA:218,1
LF:128
LH:115
BRDA:22,0,0,1
BRDA:37,1,0,10607
BRDA:39,2,0,56035608
BRDA:40,3,0,0
BRDA:42,4,0,10004
BRDA:42,5,0,10604
BRDA:42,6,0,603
BRDA:45,7,0,1206
BRDA:46,8,0,603
BRDA:49,9,0,603
BRDA:63,10,0,10632
BRDA:69,11,0,26
BRDA:70,12,0,10613
BRDA:70,13,0,19
BRDA:72,14,0,19
BRDA:73,15,0,16
BRDA:75,16,0,10615
BRDA:75,17,0,10613
BRDA:81,18,0,6
BRDA:81,19,0,10613
BRDA:81,20,0,6
BRDA:91,21,0,10608
BRDA:91,22,0,10607
BRDA:111,23,0,10605
BRDA:115,24,0,10604
BRDA:116,25,0,1
BRDA:129,26,0,10604
BRDA:140,27,0,0
BRDA:141,28,0,10604
BRDA:142,29,0,0
BRDA:144,30,0,10604
BRDA:148,31,0,10605
BRDA:148,32,0,1
BRDA:153,33,0,0
BRDA:160,34,0,0
BRDA:164,35,0,2
BRDA:180,36,0,48
BRDA:188,37,0,1
BRDA:188,38,0,1
BRDA:197,39,0,0
BRDA:200,40,0,47
BRDA:201,41,0,1
BRDA:201,42,0,46
BRDA:203,43,0,1
BRDA:209,44,0,10605
BRDA:209,45,0,1
BRDA:210,46,0,0
BRDA:214,47,0,1
BRDA:85,48,0,6
BRDA:95,49,0,10607
BRDA:202,50,0,46
BRF:51
BRH:44
end_of_record
TN:
SF:apps\api-gateway\src\middleware\pdf.ts
FN:23,extractPdfText
FNF:1
FNH:0
FNDA:0,extractPdfText
DA:1,1
DA:12,1
DA:13,1
DA:14,1
DA:23,0
DA:24,0
DA:25,0
DA:26,0
DA:27,0
DA:28,0
DA:30,0
DA:32,0
DA:33,0
DA:34,0
DA:35,0
DA:36,0
DA:37,0
DA:39,0
DA:40,0
DA:41,0
DA:42,0
DA:43,0
LF:22
LH:4
BRF:0
BRH:0
end_of_record
TN:
SF:apps\api-gateway\src\middleware\rbac.ts
FN:29,isServiceCaller
FN:34,requireRole
FN:67,requireKycVerified
FN:108,logSecurityAudit
FNF:4
FNH:4
FNDA:38,isServiceCaller
FNDA:30,requireRole
FNDA:24,requireKycVerified
FNDA:6,logSecurityAudit
DA:29,38
DA:30,38
DA:31,38
DA:34,1
DA:35,30
DA:36,25
DA:38,5
DA:40,6
DA:41,1
DA:42,1
DA:43,1
DA:44,1
DA:45,1
DA:47,6
DA:48,1
DA:49,1
DA:50,1
DA:51,1
DA:52,1
DA:53,25
DA:54,30
DA:67,1
DA:68,24
DA:69,13
DA:71,7
DA:73,8
DA:74,1
DA:75,1
DA:77,6
DA:78,6
DA:79,6
DA:80,8
DA:81,1
DA:82,1
DA:83,1
DA:84,1
DA:85,1
DA:86,4
DA:87,8
DA:90,1
DA:91,1
DA:92,1
DA:93,1
DA:94,1
DA:95,1
DA:97,8
DA:98,3
DA:99,3
DA:100,3
DA:101,3
DA:102,3
DA:103,3
DA:104,13
DA:105,24
DA:108,6
DA:109,6
DA:110,6
DA:117,6
DA:118,6
DA:119,6
DA:120,6
DA:122,6
DA:123,6
DA:124,6
DA:125,0
DA:126,0
DA:127,6
LF:67
LH:65
BRDA:29,0,0,38
BRDA:34,1,0,30
BRDA:35,2,0,25
BRDA:36,3,0,20
BRDA:36,4,0,6
BRDA:36,5,0,5
BRDA:40,6,0,1
BRDA:45,7,0,4
BRDA:47,8,0,1
BRDA:67,9,0,24
BRDA:68,10,0,13
BRDA:69,11,0,6
BRDA:69,12,0,8
BRDA:69,13,0,7
BRDA:73,14,0,1
BRDA:75,15,0,6
BRDA:79,16,0,5
BRDA:80,17,0,1
BRDA:85,18,0,4
BRDA:87,19,0,1
BRDA:95,20,0,4
BRDA:97,21,0,3
BRDA:108,22,0,6
BRDA:122,23,0,0
BRDA:122,24,0,0
BRDA:122,25,0,0
BRDA:124,26,0,0
BRF:27
BRH:23
end_of_record
TN:
SF:apps\ci-worker\src\ast-analyzer.ts
FN:108,decisionCountFor
FN:138,functionName
FN:168,collectHalstead
FN:172,addOperator
FN:173,addOperand
FN:176,enter
FN:345,countSourceLines
FN:383,analyzeAST
FN:420,enter
FN:449,enter
FN:499,computeMaintainabilityIndex
FNF:11
FNH:11
FNDA:310,decisionCountFor
FNDA:16,functionName
FNDA:25,collectHalstead
FNDA:106,addOperator
FNDA:127,addOperand
FNDA:310,enter
FNDA:25,countSourceLines
FNDA:26,analyzeAST
FNDA:310,enter
FNDA:310,enter
FNDA:25,computeMaintainabilityIndex
DA:1,1
DA:38,1
DA:44,2
DA:45,2
DA:46,4
DA:47,4
DA:48,2
DA:49,2
DA:50,2
DA:51,0
DA:52,0
DA:53,0
DA:54,1
DA:91,1
DA:92,1
DA:93,1
DA:94,1
DA:95,1
DA:96,1
DA:97,1
DA:98,1
DA:99,1
DA:108,310
DA:109,310
DA:110,310
DA:111,310
DA:112,310
DA:113,310
DA:114,310
DA:115,310
DA:116,310
DA:117,310
DA:118,14
DA:119,310
DA:120,3
DA:121,310
DA:122,4
DA:123,310
DA:124,289
DA:125,310
DA:126,310
DA:128,1
DA:129,1
DA:130,1
DA:131,1
DA:132,1
DA:133,1
DA:134,1
DA:135,1
DA:138,16
DA:139,16
DA:141,16
DA:143,12
DA:144,1
DA:145,0
DA:146,1
DA:149,2
DA:150,16
DA:151,16
DA:152,16
DA:154,0
DA:155,0
DA:168,25
DA:169,25
DA:170,25
DA:172,25
DA:173,25
DA:175,25
DA:176,25
DA:177,310
DA:179,310
DA:181,310
DA:182,99
DA:183,99
DA:184,310
DA:185,0
DA:186,0
DA:187,310
DA:188,310
DA:189,310
DA:190,28
DA:191,28
DA:192,310
DA:193,310
DA:194,0
DA:195,0
DA:196,310
DA:197,0
DA:198,0
DA:199,310
DA:200,0
DA:201,0
DA:202,310
DA:203,0
DA:204,0
DA:207,310
DA:208,310
DA:209,310
DA:210,310
DA:211,310
DA:212,14
DA:213,14
DA:216,310
DA:217,12
DA:218,12
DA:219,310
DA:223,12
DA:224,12
DA:225,310
DA:226,310
DA:227,310
DA:228,6
DA:229,6
DA:230,310
DA:231,310
DA:232,1
DA:233,1
DA:234,310
DA:235,0
DA:236,0
DA:237,310
DA:238,0
DA:239,0
DA:240,310
DA:241,0
DA:242,0
DA:243,310
DA:244,310
DA:245,0
DA:246,0
DA:249,310
DA:250,8
DA:251,8
DA:252,8
DA:253,310
DA:254,3
DA:255,3
DA:256,310
DA:257,0
DA:258,0
DA:259,310
DA:260,0
DA:261,0
DA:262,310
DA:263,1
DA:264,1
DA:265,310
DA:266,1
DA:267,1
DA:268,310
DA:269,0
DA:270,0
DA:271,310
DA:272,1
DA:273,1
DA:274,310
DA:275,3
DA:276,3
DA:277,310
DA:278,1
DA:279,1
DA:280,310
DA:281,1
DA:282,1
DA:283,310
DA:284,0
DA:285,0
DA:286,310
DA:287,24
DA:288,24
DA:289,310
DA:290,0
DA:291,0
DA:292,310
DA:293,0
DA:294,0
DA:295,310
DA:296,0
DA:297,0
DA:298,310
DA:299,0
DA:300,0
DA:301,310
DA:302,310
DA:303,13
DA:304,13
DA:305,310
DA:306,2
DA:307,2
DA:308,310
DA:309,310
DA:310,1
DA:311,1
DA:312,310
DA:313,79
DA:314,310
DA:315,310
DA:316,25
DA:318,25
DA:319,25
DA:320,25
DA:321,25
DA:323,25
DA:324,25
DA:325,25
DA:327,25
DA:328,25
DA:329,25
DA:330,25
DA:331,25
DA:332,25
DA:333,25
DA:334,25
DA:335,25
DA:336,25
DA:345,25
DA:346,25
DA:348,23
DA:349,23
DA:351,25
DA:352,2
DA:353,2
DA:354,2
DA:355,2
DA:356,2
DA:358,23
DA:359,25
DA:360,69
DA:361,69
DA:362,69
DA:366,69
DA:367,2
DA:368,2
DA:369,2
DA:370,52
DA:371,52
DA:372,23
DA:373,23
DA:383,1
DA:384,26
DA:386,26
DA:387,26
DA:388,26
DA:389,26
DA:390,26
DA:391,26
DA:392,26
DA:393,26
DA:394,26
DA:395,26
DA:396,26
DA:397,1
DA:398,1
DA:399,1
DA:400,1
DA:401,1
DA:402,1
DA:403,1
DA:404,1
DA:405,1
DA:406,1
DA:407,1
DA:408,1
DA:409,1
DA:410,1
DA:415,25
DA:416,25
DA:417,25
DA:419,25
DA:420,25
DA:421,310
DA:423,310
DA:424,16
DA:425,16
DA:426,16
DA:427,16
DA:428,16
DA:429,16
DA:430,16
DA:432,310
DA:433,310
DA:435,20
DA:437,20
DA:438,20
DA:439,20
DA:440,20
DA:441,20
DA:442,310
DA:443,25
DA:447,25
DA:448,25
DA:449,25
DA:450,310
DA:451,310
DA:452,310
DA:453,310
DA:454,310
DA:455,25
DA:457,25
DA:458,25
DA:459,25
DA:460,26
DA:461,26
DA:464,26
DA:467,26
DA:468,26
DA:469,26
DA:470,26
DA:471,26
DA:472,26
DA:474,26
DA:475,26
DA:476,26
DA:477,26
DA:478,26
DA:479,26
DA:480,26
DA:481,26
DA:482,26
DA:483,26
DA:484,26
DA:485,26
DA:486,26
DA:499,1
DA:500,25
DA:501,25
DA:502,25
DA:503,25
DA:504,25
DA:506,23
DA:507,23
DA:508,23
DA:509,23
DA:510,23
DA:511,23
DA:512,23
DA:514,23
DA:515,23
LF:338
LH:298
BRDA:38,0,0,2
BRDA:45,1,0,4
BRDA:46,2,0,2
BRDA:47,3,0,2
BRDA:47,4,0,2
BRDA:50,5,0,0
BRDA:52,6,0,0
BRDA:108,7,0,310
BRDA:110,8,0,8
BRDA:111,9,0,11
BRDA:112,10,0,11
BRDA:113,11,0,11
BRDA:114,12,0,12
BRDA:115,13,0,13
BRDA:116,14,0,13
BRDA:117,15,0,14
BRDA:119,16,0,3
BRDA:120,17,0,2
BRDA:120,18,0,1
BRDA:121,19,0,4
BRDA:122,20,0,2
BRDA:122,21,0,1
BRDA:122,22,0,0
BRDA:123,23,0,289
BRDA:138,24,0,16
BRDA:141,25,0,13
BRDA:141,26,0,13
BRDA:141,27,0,12
BRDA:141,28,0,3
BRDA:143,29,0,1
BRDA:144,30,0,0
BRDA:146,31,0,2
BRDA:150,32,0,2
BRDA:150,33,0,12
BRDA:150,34,0,2
BRDA:150,35,0,0
BRDA:151,36,0,0
BRDA:151,37,0,0
BRDA:152,38,0,0
BRDA:152,39,0,0
BRDA:168,40,0,25
BRDA:325,41,0,23
BRDA:325,42,0,2
BRDA:172,43,0,106
BRDA:172,44,0,81
BRDA:173,45,0,127
BRDA:173,46,0,89
BRDA:176,47,0,310
BRDA:181,48,0,99
BRDA:184,49,0,0
BRDA:187,50,0,22
BRDA:188,51,0,28
BRDA:189,52,0,28
BRDA:192,53,0,0
BRDA:193,54,0,0
BRDA:196,55,0,0
BRDA:199,56,0,0
BRDA:202,57,0,0
BRDA:207,58,0,9
BRDA:208,59,0,13
BRDA:209,60,0,14
BRDA:210,61,0,14
BRDA:211,62,0,14
BRDA:216,63,0,12
BRDA:219,64,0,12
BRDA:223,65,0,11
BRDA:225,66,0,6
BRDA:226,67,0,6
BRDA:227,68,0,6
BRDA:230,69,0,1
BRDA:231,70,0,1
BRDA:232,71,0,0
BRDA:234,72,0,0
BRDA:237,73,0,0
BRDA:240,74,0,0
BRDA:243,75,0,0
BRDA:244,76,0,0
BRDA:249,77,0,8
BRDA:251,78,0,3
BRDA:253,79,0,3
BRDA:256,80,0,0
BRDA:259,81,0,0
BRDA:262,82,0,1
BRDA:265,83,0,1
BRDA:268,84,0,0
BRDA:271,85,0,1
BRDA:274,86,0,3
BRDA:275,87,0,2
BRDA:275,88,0,1
BRDA:277,89,0,1
BRDA:280,90,0,1
BRDA:283,91,0,0
BRDA:286,92,0,24
BRDA:289,93,0,0
BRDA:292,94,0,0
BRDA:295,95,0,0
BRDA:298,96,0,0
BRDA:301,97,0,13
BRDA:302,98,0,13
BRDA:305,99,0,2
BRDA:308,100,0,1
BRDA:309,101,0,1
BRDA:312,102,0,79
BRDA:320,103,0,81
BRDA:321,104,0,89
BRDA:345,105,0,25
BRDA:346,106,0,2
BRDA:346,107,0,23
BRDA:351,108,0,2
BRDA:352,109,0,0
BRDA:356,110,0,23
BRDA:359,111,0,69
BRDA:362,112,0,15
BRDA:362,113,0,54
BRDA:366,114,0,2
BRDA:367,115,0,0
BRDA:367,116,0,0
BRDA:369,117,0,52
BRDA:371,118,0,23
BRDA:383,119,0,26
BRDA:384,120,0,2
BRDA:384,121,0,24
BRDA:396,122,0,1
BRDA:408,123,0,0
BRDA:410,124,0,25
BRDA:460,125,0,14
BRDA:460,126,0,11
BRDA:461,127,0,14
BRDA:461,128,0,11
BRDA:467,129,0,0
BRDA:420,130,0,310
BRDA:423,131,0,16
BRDA:427,132,0,0
BRDA:433,133,0,290
BRDA:433,134,0,20
BRDA:440,135,0,0
BRDA:449,136,0,310
BRDA:450,137,0,294
BRDA:450,138,0,16
BRDA:451,139,0,0
BRDA:458,140,0,16
BRDA:460,141,0,16
BRDA:499,142,0,25
BRDA:504,143,0,23
BRDA:504,144,0,2
BRDA:504,145,0,23
BRF:146
BRH:109
end_of_record
TN:
SF:apps\ci-worker\src\audit-store.ts
FN:38,AuditStoreUnavailableError
FN:46,<instance_members_initializer>
FN:48,PostgresAuditStore
FN:52,save
FN:67,close
FN:74,<instance_members_initializer>
FN:76,save
FNF:7
FNH:2
FNDA:0,AuditStoreUnavailableError
FNDA:0,<instance_members_initializer>
FNDA:0,PostgresAuditStore
FNDA:0,save
FNDA:0,close
FNDA:2,<instance_members_initializer>
FNDA:2,save
DA:1,1
DA:37,1
DA:38,1
DA:39,0
DA:40,0
DA:41,0
DA:42,1
DA:45,1
DA:46,1
DA:48,1
DA:49,0
DA:50,0
DA:52,1
DA:53,0
DA:54,0
DA:55,0
DA:57,0
DA:58,0
DA:59,0
DA:60,0
DA:61,0
DA:62,0
DA:63,0
DA:64,0
DA:65,0
DA:67,1
DA:68,0
DA:69,0
DA:70,1
DA:73,1
DA:74,1
DA:76,1
DA:77,2
DA:78,2
DA:79,1
LF:35
LH:16
BRDA:46,0,0,0
BRDA:74,1,0,2
BRDA:76,2,0,2
BRF:3
BRH:2
end_of_record
TN:
SF:apps\ci-worker\src\sandbox-runner.ts
FNF:0
FNH:0
DA:1,1
LF:1
LH:1
BRF:0
BRH:0
end_of_record
TN:
SF:apps\ci-worker\src\security-auditor.ts
FN:66,loadRules
FN:90,performStaticScan
FN:94,record
FN:130,computeSecurityScore
FN:143,performSecurityScan
FN:183,performDualLayerScan
FNF:6
FNH:6
FNDA:1,loadRules
FNDA:4,performStaticScan
FNDA:4,record
FNDA:4,computeSecurityScore
FNDA:1,performSecurityScan
FNDA:3,performDualLayerScan
DA:1,1
DA:64,1
DA:66,1
DA:69,1
DA:70,1
DA:71,1
DA:73,1
DA:75,1
DA:76,1
DA:78,1
DA:79,22
DA:80,22
DA:81,1
DA:90,1
DA:91,4
DA:92,4
DA:94,4
DA:95,4
DA:96,4
DA:97,2
DA:98,2
DA:99,2
DA:100,2
DA:101,2
DA:102,2
DA:103,2
DA:104,2
DA:105,2
DA:106,4
DA:108,4
DA:110,4
DA:112,88
DA:113,154
DA:114,154
DA:117,88
DA:118,88
DA:119,88
DA:120,2
DA:121,2
DA:122,2
DA:123,88
DA:125,4
DA:126,4
DA:127,4
DA:130,1
DA:131,4
DA:132,4
DA:133,4
DA:134,4
DA:135,4
DA:143,1
DA:144,1
DA:145,1
DA:146,1
DA:148,1
DA:149,1
DA:150,1
DA:151,1
DA:152,1
DA:153,1
DA:154,1
DA:183,3
DA:184,3
DA:185,3
DA:186,3
DA:187,3
DA:188,3
DA:190,3
DA:191,3
DA:193,3
DA:194,3
DA:196,3
DA:197,3
DA:198,3
DA:199,3
DA:200,3
DA:201,3
DA:202,3
DA:203,3
DA:204,3
DA:205,3
DA:207,0
DA:208,0
DA:209,0
DA:211,0
DA:212,3
DA:213,3
DA:214,3
DA:215,3
DA:216,0
DA:217,0
DA:218,3
DA:219,3
DA:220,3
DA:224,3
DA:225,3
DA:226,3
DA:227,3
DA:228,3
DA:230,3
DA:231,3
DA:233,3
DA:234,3
DA:235,3
DA:236,3
DA:237,3
DA:238,3
DA:239,3
DA:240,3
LF:109
LH:103
BRDA:66,0,0,1
BRDA:78,1,0,22
BRDA:80,2,0,16
BRDA:80,3,0,6
BRDA:90,4,0,4
BRDA:110,5,0,88
BRDA:112,6,0,154
BRDA:113,7,0,2
BRDA:117,8,0,64
BRDA:117,9,0,24
BRDA:119,10,0,2
BRDA:119,11,0,2
BRDA:94,12,0,4
BRDA:96,13,0,2
BRDA:125,14,0,1
BRDA:125,15,0,0
BRDA:125,16,0,0
BRDA:125,17,0,0
BRDA:130,18,0,4
BRDA:131,19,0,2
BRDA:132,20,0,2
BRDA:143,21,0,1
BRDA:150,22,0,0
BRDA:145,23,0,2
BRDA:146,24,0,2
BRDA:183,25,0,3
BRDA:201,26,0,0
BRDA:205,27,0,0
BRDA:214,28,0,0
BRDA:215,29,0,0
BRDA:237,30,0,0
BRDA:238,31,0,0
BRF:32
BRH:22
end_of_record
TN:
SF:apps\ci-worker\src\source-fetcher.ts
FN:39,SourceUnavailableError
FN:63,isAuditableSourcePath
FN:76,parseGitHubSlug
FN:91,isCommitSha
FN:117,<instance_members_initializer>
FN:122,GitHubSourceFetcher
FN:129,fetchSource
FN:194,getJson
FN:238,decodeBlob
FN:259,createSourceFetcher
FNF:10
FNH:10
FNDA:8,SourceUnavailableError
FNDA:30,isAuditableSourcePath
FNDA:25,parseGitHubSlug
FNDA:21,isCommitSha
FNDA:15,<instance_members_initializer>
FNDA:15,GitHubSourceFetcher
FNDA:15,fetchSource
FNDA:24,getJson
FNDA:11,decodeBlob
FNDA:3,createSourceFetcher
DA:38,1
DA:39,1
DA:40,8
DA:41,8
DA:42,8
DA:43,1
DA:58,1
DA:61,1
DA:63,1
DA:64,30
DA:65,30
DA:66,30
DA:67,20
DA:68,20
DA:76,1
DA:77,25
DA:79,24
DA:80,24
DA:81,24
DA:82,25
DA:84,20
DA:86,25
DA:87,19
DA:88,19
DA:91,1
DA:92,21
DA:93,21
DA:116,1
DA:117,1
DA:118,15
DA:119,15
DA:120,15
DA:122,1
DA:123,15
DA:124,15
DA:125,15
DA:126,15
DA:127,15
DA:129,1
DA:130,15
DA:131,15
DA:132,1
DA:133,1
DA:134,1
DA:135,1
DA:137,15
DA:140,1
DA:141,1
DA:143,1
DA:144,1
DA:146,13
DA:148,13
DA:149,10
DA:150,15
DA:152,15
DA:155,1
DA:156,1
DA:158,1
DA:159,1
DA:161,9
DA:162,15
DA:163,1
DA:164,1
DA:165,1
DA:166,1
DA:168,8
DA:169,8
DA:171,15
DA:172,11
DA:173,11
DA:174,11
DA:176,11
DA:177,11
DA:178,1
DA:179,1
DA:180,1
DA:181,1
DA:182,10
DA:183,10
DA:185,15
DA:186,0
DA:187,0
DA:188,0
DA:189,0
DA:191,7
DA:192,15
DA:194,1
DA:195,24
DA:196,24
DA:197,24
DA:198,24
DA:199,24
DA:201,24
DA:202,24
DA:203,24
DA:204,24
DA:205,24
DA:206,24
DA:207,24
DA:208,1
DA:209,1
DA:210,1
DA:211,1
DA:213,24
DA:214,1
DA:215,1
DA:217,1
DA:218,1
DA:219,24
DA:220,1
DA:221,1
DA:223,1
DA:224,1
DA:225,24
DA:226,0
DA:227,0
DA:229,21
DA:230,21
DA:231,24
DA:232,0
DA:233,0
DA:234,24
DA:235,1
DA:238,11
DA:239,11
DA:240,11
DA:241,11
DA:242,0
DA:243,0
DA:244,11
DA:245,11
DA:246,11
DA:247,0
DA:248,0
DA:249,11
DA:259,1
DA:260,3
DA:261,1
DA:262,1
LF:139
LH:127
BRDA:39,0,0,8
BRDA:63,1,0,30
BRDA:64,2,0,7
BRDA:64,3,0,23
BRDA:65,4,0,1
BRDA:65,5,0,22
BRDA:66,6,0,2
BRDA:66,7,0,20
BRDA:64,8,0,157
BRDA:67,9,0,50
BRDA:76,10,0,25
BRDA:77,11,0,1
BRDA:77,12,0,24
BRDA:82,13,0,4
BRDA:82,14,0,20
BRDA:86,15,0,19
BRDA:86,16,0,1
BRDA:86,17,0,19
BRDA:91,18,0,21
BRDA:117,19,0,15
BRDA:122,20,0,15
BRDA:125,21,0,14
BRDA:126,22,0,1
BRDA:129,23,0,15
BRDA:131,24,0,1
BRDA:133,25,0,0
BRDA:135,26,0,14
BRDA:137,27,0,1
BRDA:141,28,0,0
BRDA:144,29,0,13
BRDA:148,30,0,10
BRDA:150,31,0,10
BRDA:150,32,0,0
BRDA:152,33,0,10
BRDA:152,34,0,1
BRDA:159,35,0,9
BRDA:162,36,0,1
BRDA:166,37,0,8
BRDA:171,38,0,11
BRDA:174,39,0,0
BRDA:177,40,0,1
BRDA:181,41,0,10
BRDA:183,42,0,7
BRDA:185,43,0,0
BRDA:189,44,0,7
BRDA:161,45,0,14
BRDA:171,46,0,3
BRDA:194,47,0,24
BRDA:199,48,0,2
BRDA:206,49,0,23
BRDA:207,50,0,1
BRDA:209,51,0,0
BRDA:211,52,0,23
BRDA:213,53,0,1
BRDA:218,54,0,22
BRDA:219,55,0,1
BRDA:224,56,0,21
BRDA:225,57,0,0
BRDA:227,58,0,21
BRDA:231,59,0,0
BRDA:238,60,0,11
BRDA:240,61,0,0
BRDA:241,62,0,0
BRDA:246,63,0,0
BRDA:259,64,0,3
BRDA:260,65,0,2
BRDA:260,66,0,1
BRF:67
BRH:56
end_of_record
TN:
SF:apps\ci-worker\src\worker.ts
FN:25,getAuditStore
FN:36,processCodePush
FN:255,main
FN:310,shutdown
FNF:4
FNH:1
FNDA:0,getAuditStore
FNDA:4,processCodePush
FNDA:0,main
FNDA:0,shutdown
DA:1,1
DA:20,1
DA:21,1
DA:22,1
DA:24,1
DA:25,0
DA:26,0
DA:27,0
DA:28,0
DA:29,0
DA:30,0
DA:36,4
DA:37,4
DA:38,4
DA:39,4
DA:40,4
DA:49,4
DA:50,4
DA:51,4
DA:57,4
DA:58,0
DA:59,0
DA:60,0
DA:61,0
DA:65,0
DA:66,0
DA:67,0
DA:73,4
DA:79,1
DA:80,0
DA:81,0
DA:82,0
DA:83,1
DA:85,1
DA:86,1
DA:92,1
DA:93,1
DA:104,3
DA:105,4
DA:106,3
DA:107,3
DA:108,3
DA:109,3
DA:110,3
DA:111,3
DA:112,3
DA:113,3
DA:114,0
DA:115,0
DA:116,0
DA:117,0
DA:118,3
DA:119,3
DA:120,3
DA:121,3
DA:122,3
DA:123,3
DA:124,3
DA:126,3
DA:127,3
DA:128,4
DA:129,4
DA:130,4
DA:131,4
DA:132,3
DA:133,3
DA:134,3
DA:135,3
DA:136,3
DA:137,3
DA:138,3
DA:139,3
DA:140,3
DA:141,3
DA:142,3
DA:143,3
DA:144,3
DA:145,3
DA:146,3
DA:147,3
DA:150,3
DA:151,3
DA:152,3
DA:155,3
DA:156,3
DA:157,3
DA:158,3
DA:169,3
DA:170,3
DA:171,3
DA:172,3
DA:173,3
DA:174,3
DA:175,3
DA:176,3
DA:177,3
DA:178,3
DA:179,3
DA:180,3
DA:181,3
DA:182,3
DA:183,3
DA:184,3
DA:187,3
DA:190,3
DA:191,3
DA:192,3
DA:193,0
DA:194,0
DA:195,0
DA:200,4
DA:201,4
DA:203,4
DA:204,4
DA:205,4
DA:206,4
DA:207,4
DA:208,4
DA:209,4
DA:210,4
DA:211,4
DA:212,4
DA:216,4
DA:217,4
DA:218,4
DA:219,4
DA:220,4
DA:221,4
DA:222,4
DA:227,4
DA:229,2
DA:230,2
DA:231,4
DA:235,3
DA:236,3
DA:237,4
DA:255,0
DA:256,0
DA:261,0
DA:262,0
DA:263,0
DA:264,0
DA:265,0
DA:266,0
DA:267,0
DA:269,0
DA:270,0
DA:277,0
DA:279,0
DA:282,0
DA:283,0
DA:285,0
DA:286,0
DA:287,0
DA:288,0
DA:289,0
DA:290,0
DA:291,0
DA:292,0
DA:296,0
DA:297,0
DA:298,0
DA:299,0
DA:300,0
DA:301,0
DA:302,0
DA:303,0
DA:304,0
DA:305,0
DA:307,0
DA:308,0
DA:310,0
DA:311,0
DA:312,0
DA:313,0
DA:315,1
DA:316,1
DA:318,1
DA:319,0
DA:320,0
DA:321,0
DA:322,0
DA:323,0
LF:183
LH:116
BRDA:318,0,0,0
BRDA:36,1,0,4
BRDA:57,2,0,3
BRDA:57,3,0,1
BRDA:57,4,0,0
BRDA:57,5,0,0
BRDA:57,6,0,0
BRDA:73,7,0,3
BRDA:73,8,0,1
BRDA:79,9,0,0
BRDA:79,10,0,0
BRDA:93,11,0,3
BRDA:105,12,0,3
BRDA:113,13,0,0
BRDA:120,14,0,0
BRDA:128,15,0,3
BRDA:128,16,0,0
BRDA:129,17,0,0
BRDA:130,18,0,0
BRDA:131,19,0,3
BRDA:192,20,0,0
BRDA:193,21,0,0
BRDA:194,22,0,0
BRDA:218,23,0,3
BRDA:218,24,0,0
BRDA:227,25,0,3
BRDA:227,26,0,0
BRDA:227,27,0,2
BRDA:231,28,0,3
BRDA:235,29,0,0
BRF:30
BRH:13
end_of_record
TN:
SF:apps\ci-worker\src\workspace-builder.ts
FN:127,TestBundleUnavailableError
FN:178,stripCodeFences
FN:184,fetchTestBundle
FN:230,buildWorkspace
FN:272,cleanup
FNF:5
FNH:4
FNDA:6,TestBundleUnavailableError
FNDA:0,stripCodeFences
FNDA:5,fetchTestBundle
FNDA:16,buildWorkspace
FNDA:10,cleanup
DA:1,1
DA:45,1
DA:48,1
DA:100,1
DA:126,1
DA:127,1
DA:128,6
DA:129,6
DA:130,6
DA:131,1
DA:133,1
DA:134,1
DA:135,1
DA:136,1
DA:137,1
DA:140,1
DA:141,1
DA:142,1
DA:143,1
DA:144,1
DA:153,1
DA:166,1
DA:178,0
DA:179,0
DA:180,0
DA:181,0
DA:184,5
DA:185,5
DA:186,5
DA:187,5
DA:188,5
DA:189,5
DA:190,5
DA:191,5
DA:193,5
DA:194,5
DA:195,5
DA:196,5
DA:197,5
DA:198,5
DA:199,5
DA:200,5
DA:201,5
DA:202,5
DA:203,5
DA:204,5
DA:205,5
DA:207,0
DA:208,0
DA:209,0
DA:210,0
DA:211,0
DA:212,0
DA:213,0
DA:215,0
DA:216,0
DA:217,0
DA:218,0
DA:220,0
DA:221,0
DA:222,0
DA:223,0
DA:230,16
DA:231,16
DA:232,16
DA:233,16
DA:234,16
DA:235,16
DA:236,16
DA:237,16
DA:238,16
DA:240,16
DA:241,1
DA:242,1
DA:243,1
DA:244,1
DA:246,15
DA:247,15
DA:248,16
DA:249,7
DA:250,7
DA:251,16
DA:252,3
DA:253,3
DA:254,8
DA:255,5
DA:256,5
DA:257,0
DA:262,10
DA:263,10
DA:264,13
DA:265,0
DA:266,0
DA:268,0
DA:269,0
DA:271,10
DA:272,10
DA:274,10
DA:275,10
DA:276,10
DA:278,10
DA:279,10
DA:280,10
DA:281,10
DA:282,10
DA:283,10
DA:284,10
DA:285,10
DA:286,10
DA:287,10
DA:288,10
DA:289,10
DA:290,10
DA:291,10
DA:292,10
DA:293,10
DA:295,10
DA:296,10
DA:297,10
DA:305,10
DA:306,10
DA:307,10
DA:308,10
DA:309,13
DA:310,0
DA:311,0
DA:312,0
DA:313,16
LF:128
LH:101
BRDA:127,0,0,6
BRDA:184,1,0,5
BRDA:196,2,0,3
BRDA:196,3,0,2
BRDA:198,4,0,0
BRDA:202,5,0,0
BRDA:205,6,0,0
BRDA:230,7,0,16
BRDA:240,8,0,1
BRDA:244,9,0,15
BRDA:248,10,0,7
BRDA:251,11,0,8
BRDA:251,12,0,3
BRDA:254,13,0,5
BRDA:256,14,0,0
BRDA:257,15,0,13
BRDA:257,16,0,10
BRDA:264,17,0,0
BRDA:269,18,0,10
BRDA:309,19,0,0
BRDA:272,20,0,10
BRDA:272,21,0,10
BRF:22
BRH:16
end_of_record
TN:
SF:apps\ci-worker\src\sandbox\docker-sandbox.ts
FN:38,shellQuote
FN:43,execFileCapture
FN:80,<instance_members_initializer>
FN:82,isAvailable
FN:89,describeThreatModel
FN:108,run
FN:114,fail
FNF:7
FNH:5
FNDA:0,shellQuote
FNDA:10,execFileCapture
FNDA:5,<instance_members_initializer>
FNDA:10,isAvailable
FNDA:0,describeThreatModel
FNDA:4,run
FNDA:4,fail
DA:1,1
DA:27,1
DA:38,0
DA:39,0
DA:40,0
DA:43,10
DA:44,10
DA:45,10
DA:46,10
DA:47,10
DA:48,10
DA:49,10
DA:50,10
DA:51,10
DA:52,10
DA:54,10
DA:55,10
DA:56,10
DA:57,10
DA:58,0
DA:59,10
DA:61,10
DA:62,10
DA:63,0
DA:64,0
DA:65,10
DA:66,0
DA:68,10
DA:69,0
DA:70,0
DA:71,10
DA:72,10
DA:73,10
DA:74,10
DA:75,10
DA:76,10
DA:77,10
DA:79,1
DA:80,1
DA:82,1
DA:83,10
DA:84,10
DA:85,10
DA:86,10
DA:87,10
DA:89,1
DA:90,0
DA:91,0
DA:92,0
DA:93,0
DA:94,0
DA:95,0
DA:96,0
DA:97,0
DA:98,0
DA:99,0
DA:100,0
DA:101,0
DA:102,0
DA:103,0
DA:104,0
DA:105,0
DA:106,0
DA:108,1
DA:109,4
DA:110,4
DA:111,4
DA:112,4
DA:114,4
DA:115,4
DA:116,4
DA:117,4
DA:118,4
DA:119,4
DA:120,4
DA:121,4
DA:122,4
DA:123,4
DA:124,4
DA:125,4
DA:127,4
DA:128,0
DA:129,0
DA:132,4
DA:133,4
DA:135,4
DA:136,4
DA:137,0
DA:138,0
DA:139,0
DA:140,0
DA:141,0
DA:143,0
DA:144,0
DA:145,0
DA:146,0
DA:147,0
DA:148,0
DA:149,0
DA:150,0
DA:151,0
DA:152,0
DA:153,0
DA:154,0
DA:156,4
DA:157,4
DA:158,4
DA:159,0
DA:160,0
DA:161,0
DA:162,0
DA:163,0
DA:165,0
DA:166,0
DA:167,0
DA:168,0
DA:169,0
DA:170,0
DA:171,0
DA:172,0
DA:176,0
DA:177,0
DA:178,0
DA:190,0
DA:195,0
DA:199,0
DA:203,0
DA:207,0
DA:208,0
DA:209,0
DA:210,0
DA:216,0
DA:217,0
DA:218,0
DA:219,0
DA:220,0
DA:222,0
DA:223,0
DA:224,0
DA:230,0
DA:231,0
DA:232,0
DA:233,0
DA:235,0
DA:236,0
DA:237,0
DA:239,4
DA:241,4
DA:242,0
DA:244,0
DA:245,0
DA:246,0
DA:247,0
DA:248,0
DA:249,0
DA:250,4
DA:251,4
DA:252,4
DA:253,4
DA:254,4
DA:255,4
DA:256,4
DA:257,0
DA:258,4
DA:259,4
DA:260,4
DA:261,4
DA:262,1
LF:168
LH:76
BRDA:43,0,0,10
BRDA:48,1,0,10
BRDA:65,2,0,0
BRDA:54,3,0,10
BRDA:72,4,0,10
BRDA:74,5,0,0
BRDA:80,6,0,5
BRDA:82,7,0,10
BRDA:108,8,0,4
BRDA:127,9,0,0
BRDA:136,10,0,0
BRDA:158,11,0,0
BRDA:233,12,0,0
BRDA:241,13,0,0
BRDA:256,14,0,0
BRDA:259,15,0,0
BRDA:114,16,0,4
BRF:17
BRH:8
end_of_record
TN:
SF:apps\ci-worker\src\sandbox\index.ts
FN:28,selectSandboxRunner
FN:63,runInSandbox
FNF:2
FNH:2
FNDA:5,selectSandboxRunner
FNDA:4,runInSandbox
DA:1,1
DA:28,5
DA:29,5
DA:30,5
DA:31,5
DA:33,5
DA:34,0
DA:35,0
DA:36,0
DA:38,0
DA:39,0
DA:40,0
DA:41,0
DA:43,5
DA:44,0
DA:45,0
DA:46,0
DA:48,0
DA:49,0
DA:50,0
DA:51,0
DA:53,5
DA:54,0
DA:55,0
DA:63,4
DA:64,4
DA:65,4
DA:66,4
DA:67,4
DA:68,4
DA:69,4
DA:70,4
DA:71,0
DA:72,0
DA:73,0
DA:74,0
DA:75,0
DA:76,0
DA:77,0
DA:78,0
DA:79,0
DA:80,0
DA:81,0
DA:82,0
DA:83,0
DA:84,4
DA:85,4
LF:47
LH:18
BRDA:28,0,0,5
BRDA:33,1,0,0
BRDA:43,2,0,0
BRDA:53,3,0,0
BRDA:63,4,0,4
BRDA:70,5,0,0
BRF:6
BRH:2
end_of_record
TN:
SF:apps\ci-worker\src\sandbox\node-permission-sandbox.ts
FN:50,<instance_members_initializer>
FN:52,isAvailable
FN:61,describeThreatModel
FN:84,run
FN:90,fail
FN:180,exitCode
FNF:6
FNH:6
FNDA:12,<instance_members_initializer>
FNDA:10,isAvailable
FNDA:1,describeThreatModel
FNDA:6,run
FNDA:2,fail
FNDA:4,exitCode
DA:1,1
DA:41,1
DA:47,1
DA:49,1
DA:50,1
DA:52,1
DA:55,10
DA:56,10
DA:57,10
DA:58,0
DA:59,10
DA:61,1
DA:62,1
DA:63,1
DA:64,1
DA:65,1
DA:66,1
DA:67,1
DA:68,1
DA:69,1
DA:70,1
DA:71,1
DA:72,1
DA:73,1
DA:74,1
DA:75,1
DA:76,1
DA:77,1
DA:78,1
DA:79,1
DA:80,1
DA:81,1
DA:82,1
DA:84,1
DA:85,6
DA:86,6
DA:87,6
DA:88,6
DA:90,6
DA:91,2
DA:92,2
DA:93,2
DA:94,2
DA:95,2
DA:96,2
DA:97,2
DA:98,2
DA:99,2
DA:100,2
DA:101,2
DA:103,6
DA:104,0
DA:105,0
DA:107,0
DA:108,0
DA:110,6
DA:111,6
DA:112,1
DA:113,1
DA:115,5
DA:116,5
DA:117,6
DA:118,1
DA:119,1
DA:121,4
DA:122,4
DA:123,4
DA:124,0
DA:125,0
DA:127,0
DA:128,0
DA:130,4
DA:132,4
DA:136,4
DA:137,6
DA:139,6
DA:140,6
DA:141,6
DA:142,6
DA:143,6
DA:144,6
DA:145,6
DA:146,6
DA:147,6
DA:148,6
DA:149,6
DA:151,6
DA:152,6
DA:153,6
DA:156,6
DA:157,6
DA:158,6
DA:159,6
DA:160,6
DA:161,6
DA:162,6
DA:164,6
DA:165,6
DA:166,6
DA:168,6
DA:169,11
DA:170,6
DA:171,6
DA:172,0
DA:173,6
DA:175,6
DA:176,0
DA:177,0
DA:178,6
DA:180,6
DA:181,4
DA:182,4
DA:183,6
DA:184,4
DA:186,4
DA:188,4
DA:189,4
DA:190,4
DA:191,4
DA:192,4
DA:193,4
DA:194,6
DA:195,6
DA:196,6
DA:197,6
DA:198,6
DA:199,6
DA:200,6
DA:201,0
DA:202,4
DA:203,4
DA:204,4
DA:205,6
DA:206,1
LF:134
LH:121
BRDA:50,0,0,12
BRDA:52,1,0,10
BRDA:56,2,0,0
BRDA:57,3,0,0
BRDA:61,4,0,1
BRDA:84,5,0,6
BRDA:87,6,0,2
BRDA:103,7,0,0
BRDA:111,8,0,5
BRDA:111,9,0,1
BRDA:116,10,0,4
BRDA:117,11,0,1
BRDA:119,12,0,4
BRDA:123,13,0,0
BRDA:136,14,0,0
BRDA:137,15,0,0
BRDA:156,16,0,0
BRDA:183,17,0,4
BRDA:194,18,0,0
BRDA:200,19,0,4
BRDA:200,20,0,0
BRDA:90,21,0,2
BRDA:168,22,0,11
BRDA:180,23,0,4
BRDA:182,24,0,4
BRDA:182,25,0,0
BRF:26
BRH:16
end_of_record
TN:
SF:apps\ci-worker\src\sandbox\types.ts
FN:92,parseTestOutput
FNF:1
FNH:1
FNDA:5,parseTestOutput
DA:92,1
DA:93,5
DA:94,17
DA:95,17
DA:96,5
DA:97,5
DA:99,5
DA:100,5
DA:101,5
DA:102,5
DA:103,5
DA:104,5
DA:105,5
DA:106,5
DA:108,17
DA:109,0
DA:110,0
DA:111,17
DA:113,0
DA:114,17
DA:115,0
DA:116,0
LF:22
LH:17
BRDA:92,0,0,5
BRDA:93,1,0,17
BRDA:95,2,0,12
BRDA:95,3,0,5
BRDA:103,4,0,0
BRDA:106,5,0,0
BRDA:108,6,0,0
BRDA:111,7,0,0
BRDA:114,8,0,0
BRF:9
BRH:4
end_of_record
TN:
SF:apps\settlement-worker\src\gateway-client.ts
FN:97,defaultSleep
FN:108,triggerScoring
FN:201,requestRootSignature
FN:251,logTriggerOutcome
FNF:4
FNH:3
FNDA:0,defaultSleep
FNDA:13,triggerScoring
FNDA:7,requestRootSignature
FNDA:5,logTriggerOutcome
DA:1,1
DA:88,1
DA:91,1
DA:93,1
DA:94,1
DA:95,1
DA:97,1
DA:98,0
DA:108,13
DA:109,13
DA:110,13
DA:111,13
DA:112,13
DA:114,13
DA:115,13
DA:116,13
DA:117,13
DA:121,13
DA:126,13
DA:128,13
DA:129,13
DA:131,13
DA:132,18
DA:134,18
DA:135,18
DA:136,18
DA:137,18
DA:138,18
DA:139,18
DA:140,18
DA:141,18
DA:142,18
DA:144,18
DA:145,5
DA:146,5
DA:147,5
DA:148,5
DA:149,5
DA:150,5
DA:151,5
DA:153,12
DA:155,17
DA:156,2
DA:157,2
DA:158,17
DA:159,4
DA:160,4
DA:164,6
DA:165,17
DA:166,1
DA:167,1
DA:168,1
DA:169,1
DA:170,0
DA:171,1
DA:173,7
DA:175,7
DA:176,6
DA:177,6
DA:179,1
DA:180,1
DA:201,7
DA:202,7
DA:203,7
DA:204,7
DA:205,7
DA:206,7
DA:208,7
DA:209,7
DA:210,7
DA:211,7
DA:212,7
DA:213,7
DA:214,7
DA:218,7
DA:219,7
DA:221,7
DA:222,3
DA:223,3
DA:224,3
DA:225,3
DA:226,3
DA:227,3
DA:228,3
DA:230,3
DA:231,3
DA:232,7
DA:233,1
DA:234,1
DA:235,1
DA:236,7
DA:251,1
DA:252,5
DA:253,5
DA:254,5
DA:255,5
DA:256,5
DA:257,5
DA:258,1
DA:259,1
DA:260,1
DA:261,1
DA:262,1
DA:263,5
DA:264,1
DA:265,1
DA:266,1
DA:267,1
DA:268,1
DA:269,5
DA:270,1
DA:271,1
DA:272,1
DA:274,1
DA:275,1
DA:276,5
DA:277,1
DA:278,1
DA:279,1
DA:281,1
DA:282,1
DA:283,5
DA:284,1
DA:285,5
DA:286,5
LF:125
LH:123
BRDA:108,0,0,13
BRDA:112,1,0,1
BRDA:112,2,0,12
BRDA:114,3,0,1
BRDA:115,4,0,9
BRDA:116,5,0,12
BRDA:117,6,0,11
BRDA:126,7,0,11
BRDA:131,8,0,18
BRDA:142,9,0,17
BRDA:144,10,0,5
BRDA:151,11,0,17
BRDA:151,12,0,12
BRDA:155,13,0,2
BRDA:157,14,0,10
BRDA:158,15,0,4
BRDA:160,16,0,6
BRDA:165,17,0,1
BRDA:168,18,0,0
BRDA:169,19,0,0
BRDA:171,20,0,7
BRDA:175,21,0,1
BRDA:175,22,0,6
BRDA:177,23,0,1
BRDA:153,24,0,4
BRDA:201,25,0,7
BRDA:205,26,0,0
BRDA:219,27,0,6
BRDA:221,28,0,3
BRDA:225,29,0,1
BRDA:232,30,0,1
BRDA:234,31,0,0
BRDA:251,32,0,5
BRDA:257,33,0,1
BRDA:263,34,0,1
BRDA:269,35,0,1
BRDA:276,36,0,1
BRDA:283,37,0,1
BRF:38
BRH:34
end_of_record
TN:
SF:apps\settlement-worker\src\worker.ts
FN:58,markSettlementFailed
FN:65,publishSettlementRejected
FN:74,subscribeAuditSignals
FN:131,subscribeTrustScore
FN:161,subscribeScopeDecisions
FN:186,subscribeEscrowEvents
FN:268,claimSettlement
FN:299,commitSettlement
FN:364,sealAndSignMerkleRoot
FN:402,subscribeSettlementRequests
FN:507,start
FNF:11
FNH:7
FNDA:0,markSettlementFailed
FNDA:0,publishSettlementRejected
FNDA:1,subscribeAuditSignals
FNDA:1,subscribeTrustScore
FNDA:1,subscribeScopeDecisions
FNDA:1,subscribeEscrowEvents
FNDA:17,claimSettlement
FNDA:0,commitSettlement
FNDA:0,sealAndSignMerkleRoot
FNDA:1,subscribeSettlementRequests
FNDA:1,start
DA:1,1
DA:36,1
DA:37,1
DA:38,1
DA:40,1
DA:41,1
DA:42,1
DA:43,1
DA:44,1
DA:45,1
DA:46,1
DA:48,1
DA:49,1
DA:51,1
DA:52,1
DA:53,1
DA:54,1
DA:55,1
DA:58,0
DA:59,0
DA:60,0
DA:61,0
DA:62,0
DA:63,0
DA:65,0
DA:66,0
DA:67,0
DA:68,0
DA:69,0
DA:70,0
DA:71,0
DA:74,1
DA:75,1
DA:76,2
DA:77,2
DA:78,2
DA:82,1
DA:83,2
DA:84,2
DA:85,2
DA:86,2
DA:90,2
DA:92,2
DA:93,2
DA:94,2
DA:98,2
DA:99,2
DA:101,2
DA:102,2
DA:103,1
DA:104,2
DA:105,0
DA:110,0
DA:111,0
DA:122,1
DA:123,1
DA:124,1
DA:131,1
DA:132,1
DA:133,1
DA:134,1
DA:135,1
DA:137,1
DA:138,1
DA:139,1
DA:140,0
DA:141,0
DA:142,0
DA:144,1
DA:148,1
DA:149,1
DA:150,1
DA:151,0
DA:152,0
DA:153,1
DA:154,1
DA:161,1
DA:162,1
DA:163,0
DA:164,0
DA:165,0
DA:166,0
DA:167,0
DA:168,0
DA:169,1
DA:170,1
DA:186,1
DA:187,1
DA:188,0
DA:194,0
DA:200,0
DA:201,0
DA:202,0
DA:203,0
DA:205,0
DA:206,0
DA:207,0
DA:208,0
DA:209,0
DA:210,0
DA:211,0
DA:212,0
DA:213,0
DA:214,0
DA:215,0
DA:216,0
DA:217,0
DA:218,0
DA:220,0
DA:221,0
DA:224,0
DA:225,0
DA:228,0
DA:229,0
DA:230,0
DA:231,0
DA:232,0
DA:233,0
DA:234,0
DA:235,0
DA:236,0
DA:237,0
DA:238,0
DA:239,0
DA:240,0
DA:241,0
DA:243,0
DA:244,0
DA:245,0
DA:246,0
DA:247,1
DA:248,1
DA:268,17
DA:269,17
DA:270,17
DA:271,17
DA:272,17
DA:278,17
DA:279,17
DA:280,17
DA:281,0
DA:282,0
DA:283,0
DA:285,17
DA:286,10
DA:287,10
DA:288,10
DA:289,7
DA:290,7
DA:299,0
DA:305,0
DA:306,0
DA:308,0
DA:309,0
DA:310,0
DA:313,0
DA:314,0
DA:315,0
DA:316,0
DA:317,0
DA:318,0
DA:319,0
DA:322,0
DA:323,0
DA:334,0
DA:335,0
DA:336,0
DA:340,0
DA:341,0
DA:342,0
DA:344,0
DA:345,0
DA:346,0
DA:347,0
DA:348,0
DA:349,0
DA:350,0
DA:351,0
DA:352,0
DA:364,0
DA:365,0
DA:366,0
DA:367,0
DA:368,0
DA:369,0
DA:373,0
DA:374,0
DA:381,0
DA:382,0
DA:383,0
DA:384,0
DA:385,0
DA:386,0
DA:387,0
DA:388,0
DA:395,0
DA:396,0
DA:397,0
DA:399,0
DA:400,0
DA:402,1
DA:403,1
DA:404,0
DA:405,0
DA:406,0
DA:408,0
DA:410,0
DA:411,0
DA:412,0
DA:413,0
DA:415,0
DA:416,0
DA:417,0
DA:418,0
DA:419,0
DA:420,0
DA:421,0
DA:422,0
DA:424,0
DA:425,0
DA:426,0
DA:427,0
DA:428,0
DA:429,0
DA:430,0
DA:431,0
DA:432,0
DA:433,0
DA:434,0
DA:435,0
DA:436,0
DA:437,0
DA:439,0
DA:441,0
DA:442,0
DA:443,0
DA:444,0
DA:446,0
DA:447,0
DA:448,0
DA:449,0
DA:450,0
DA:451,0
DA:452,0
DA:461,0
DA:462,0
DA:463,0
DA:464,0
DA:465,0
DA:467,0
DA:468,0
DA:469,0
DA:470,0
DA:471,0
DA:472,0
DA:473,0
DA:474,0
DA:475,0
DA:476,0
DA:477,0
DA:478,0
DA:480,0
DA:481,0
DA:482,0
DA:483,0
DA:484,0
DA:485,0
DA:486,0
DA:488,0
DA:489,0
DA:490,0
DA:491,0
DA:492,0
DA:494,0
DA:495,0
DA:496,0
DA:497,0
DA:498,0
DA:499,0
DA:500,0
DA:501,0
DA:502,0
DA:503,0
DA:504,1
DA:505,1
DA:507,1
DA:508,1
DA:514,1
DA:515,1
DA:516,1
DA:517,1
DA:518,1
DA:519,1
DA:520,0
DA:521,0
DA:523,0
DA:524,0
DA:526,1
DA:527,1
DA:528,1
DA:529,1
DA:530,1
DA:532,1
DA:533,1
DA:535,1
DA:536,0
DA:537,0
DA:538,0
DA:539,0
DA:540,0
LF:310
LH:97
BRDA:43,0,0,0
BRDA:44,1,0,0
BRDA:45,2,0,0
BRDA:535,3,0,0
BRDA:74,4,0,1
BRDA:75,5,0,2
BRDA:77,6,0,1
BRDA:77,7,0,0
BRDA:78,8,0,1
BRDA:83,9,0,0
BRDA:84,10,0,0
BRDA:85,11,0,0
BRDA:86,12,0,0
BRDA:94,13,0,1
BRDA:98,14,0,1
BRDA:102,15,0,1
BRDA:104,16,0,0
BRDA:111,17,0,1
BRDA:131,18,0,1
BRDA:132,19,0,1
BRDA:135,20,0,0
BRDA:139,21,0,0
BRDA:148,22,0,0
BRDA:150,23,0,0
BRDA:161,24,0,1
BRDA:186,25,0,1
BRDA:268,26,0,17
BRDA:280,27,0,0
BRDA:285,28,0,10
BRDA:288,29,0,7
BRDA:402,30,0,1
BRDA:507,31,0,1
BRDA:519,32,0,0
BRF:33
BRH:17
end_of_record
TN:
SF:apps\webhook-ingest\src\server.ts
FN:28,onError
FN:54,verifyGitHubSignature
FN:98,resolveContractId
FN:226,start
FNF:4
FNH:2
FNDA:0,onError
FNDA:11,verifyGitHubSignature
FNDA:4,resolveContractId
FNDA:0,start
DA:1,1
DA:2,1
DA:17,1
DA:18,1
DA:19,1
DA:20,1
DA:26,1
DA:27,1
DA:28,1
DA:30,1
DA:31,1
DA:37,1
DA:40,1
DA:41,9
DA:42,9
DA:43,9
DA:44,9
DA:46,9
DA:47,9
DA:48,9
DA:49,9
DA:54,1
DA:55,11
DA:56,0
DA:57,0
DA:58,11
DA:59,11
DA:60,11
DA:61,11
DA:63,11
DA:64,11
DA:65,11
DA:66,3
DA:67,3
DA:68,11
DA:82,1
DA:98,4
DA:99,4
DA:100,4
DA:101,4
DA:102,4
DA:103,4
DA:107,4
DA:108,4
DA:109,4
DA:110,4
DA:113,1
DA:114,9
DA:115,9
DA:116,9
DA:117,9
DA:118,9
DA:119,0
DA:120,0
DA:121,9
DA:123,1
DA:125,1
DA:127,1
DA:128,0
DA:129,0
DA:130,0
DA:132,1
DA:133,9
DA:134,9
DA:136,9
DA:137,2
DA:138,2
DA:149,9
DA:150,9
DA:151,3
DA:152,3
DA:153,3
DA:155,4
DA:161,9
DA:162,9
DA:163,1
DA:164,1
DA:165,1
DA:166,1
DA:167,1
DA:170,9
DA:171,9
DA:172,1
DA:173,1
DA:174,1
DA:175,1
DA:176,1
DA:178,2
DA:179,2
DA:180,2
DA:181,9
DA:184,0
DA:185,0
DA:186,0
DA:187,0
DA:188,0
DA:189,0
DA:191,9
DA:195,1
DA:196,1
DA:197,1
DA:198,1
DA:199,1
DA:201,1
DA:202,1
DA:204,9
DA:206,9
DA:207,9
DA:208,9
DA:209,9
DA:210,9
DA:211,9
DA:212,9
DA:213,9
DA:215,9
DA:216,9
DA:218,1
DA:219,1
DA:220,1
DA:221,1
DA:222,1
DA:223,1
DA:224,1
DA:226,0
DA:227,0
DA:234,0
DA:235,0
DA:236,0
DA:237,0
DA:238,0
DA:239,0
DA:240,0
DA:241,0
DA:243,1
DA:244,0
DA:245,0
LF:136
LH:111
BRDA:19,0,0,0
BRDA:243,1,0,0
BRDA:40,2,0,9
BRDA:46,3,0,9
BRDA:54,4,0,11
BRDA:55,5,0,0
BRDA:65,6,0,3
BRDA:98,7,0,4
BRDA:109,8,0,2
BRDA:109,9,0,2
BRDA:113,10,0,9
BRDA:118,11,0,0
BRDA:132,12,0,9
BRDA:134,13,0,0
BRDA:136,14,0,2
BRDA:138,15,0,7
BRDA:149,16,0,1
BRDA:150,17,0,3
BRDA:153,18,0,4
BRDA:161,19,0,0
BRDA:161,20,0,0
BRDA:162,21,0,3
BRDA:162,22,0,1
BRDA:167,23,0,3
BRDA:170,24,0,2
BRDA:171,25,0,1
BRDA:176,26,0,2
BRDA:181,27,0,0
BRDA:189,28,0,2
BRDA:191,29,0,1
BRDA:204,30,0,0
BRDA:204,31,0,0
BRDA:210,32,0,0
BRDA:211,33,0,1
BRDA:211,34,0,0
BRDA:211,35,0,0
BRDA:215,36,0,0
BRDA:216,37,0,1
BRF:38
BRH:24
end_of_record
TN:
SF:packages\config\src\correlation.ts
FN:1,(empty-report)
FNF:1
FNH:0
FNDA:0,(empty-report)
DA:1,0
DA:7,0
DA:9,0
DA:10,0
DA:11,0
DA:13,0
DA:14,0
DA:15,0
LF:8
LH:0
BRDA:1,0,0,0
BRF:1
BRH:0
end_of_record
TN:
SF:packages\config\src\db.ts
FN:45,findCaBundle
FN:60,needsPinnedCa
FN:71,buildDbConfig
FNF:3
FNH:1
FNDA:0,findCaBundle
FNDA:0,needsPinnedCa
FNDA:45,buildDbConfig
DA:1,1
DA:43,1
DA:45,0
DA:48,0
DA:49,0
DA:50,0
DA:51,0
DA:52,0
DA:53,0
DA:54,0
DA:55,0
DA:56,0
DA:57,0
DA:60,0
DA:61,0
DA:62,0
DA:71,1
DA:72,45
DA:73,45
DA:74,45
DA:75,45
DA:92,45
DA:93,0
DA:94,0
DA:98,45
DA:99,45
DA:100,45
DA:102,0
DA:104,0
DA:105,0
DA:107,0
DA:108,45
DA:109,0
DA:110,0
DA:111,0
DA:113,0
DA:114,0
DA:116,0
DA:117,0
DA:118,0
DA:119,0
DA:120,0
DA:121,0
LF:43
LH:12
BRDA:71,0,0,45
BRDA:92,1,0,0
BRDA:100,2,0,0
BRDA:108,3,0,0
BRF:4
BRH:1
end_of_record
TN:
SF:packages\config\src\index.ts
FN:29,loadDotEnv
FN:243,loadConfig
FN:260,getDatabaseUrl
FN:269,createLogger
FN:273,mixin
FNF:5
FNH:5
FNDA:27,loadDotEnv
FNDA:27,loadConfig
FNDA:19,getDatabaseUrl
FNDA:11,createLogger
FNDA:68,mixin
DA:1,1
DA:26,1
DA:29,1
DA:30,27
DA:31,13
DA:34,13
DA:35,13
DA:36,27
DA:38,27
DA:39,1625
DA:40,1625
DA:41,572
DA:42,572
DA:43,572
DA:44,230
DA:45,230
DA:46,230
DA:47,230
DA:48,230
DA:49,13
DA:52,1
DA:53,1
DA:54,1
DA:57,1
DA:58,1
DA:59,1
DA:60,1
DA:61,1
DA:62,1
DA:65,1
DA:71,1
DA:72,1
DA:86,1
DA:87,1
DA:90,1
DA:104,1
DA:114,1
DA:117,1
DA:118,1
DA:119,1
DA:122,1
DA:123,1
DA:124,1
DA:125,1
DA:126,1
DA:127,1
DA:133,1
DA:134,1
DA:135,1
DA:153,1
DA:154,1
DA:155,1
DA:160,1
DA:165,1
DA:171,1
DA:172,1
DA:188,1
DA:191,1
DA:192,1
DA:193,1
DA:194,1
DA:195,1
DA:208,1
DA:213,1
DA:218,1
DA:223,1
DA:224,1
DA:225,1
DA:234,1
DA:238,1
DA:239,1
DA:243,1
DA:246,27
DA:247,27
DA:248,27
DA:249,0
DA:250,0
DA:251,0
DA:254,0
DA:255,0
DA:256,27
DA:257,27
DA:260,1
DA:261,19
DA:262,19
DA:263,0
DA:265,19
DA:269,1
DA:270,11
DA:271,11
DA:272,11
DA:273,11
DA:274,68
DA:275,68
DA:276,68
DA:277,11
DA:278,11
LF:97
LH:91
BRDA:29,0,0,27
BRDA:30,1,0,14
BRDA:30,2,0,15
BRDA:30,3,0,14
BRDA:30,4,0,13
BRDA:36,5,0,0
BRDA:36,6,0,13
BRDA:38,7,0,1625
BRDA:40,8,0,1417
BRDA:40,9,0,572
BRDA:40,10,0,1053
BRDA:40,11,0,1382
BRDA:40,12,0,572
BRDA:43,13,0,342
BRDA:43,14,0,230
BRDA:48,15,0,13
BRDA:243,16,0,27
BRDA:248,17,0,0
BRDA:260,18,0,19
BRDA:262,19,0,0
BRDA:269,20,0,11
BRDA:269,21,0,0
BRDA:273,22,0,68
BRDA:275,23,0,34
BRDA:275,24,0,34
BRF:25
BRH:21
end_of_record
TN:
SF:packages\config\src\secrets.ts
FN:52,isPlaceholderSecret
FN:63,findInsecureSecrets
FN:89,assertProductionSecrets
FNF:3
FNH:3
FNDA:22,isPlaceholderSecret
FNDA:6,findInsecureSecrets
FNDA:15,assertProductionSecrets
DA:37,1
DA:38,1
DA:39,1
DA:40,1
DA:41,1
DA:42,1
DA:43,1
DA:44,1
DA:45,1
DA:52,1
DA:53,22
DA:54,19
DA:55,22
DA:56,17
DA:57,17
DA:63,1
DA:64,6
DA:65,6
DA:66,6
DA:67,6
DA:68,6
DA:89,1
DA:90,15
DA:91,15
DA:92,15
DA:93,15
DA:94,15
DA:95,15
DA:97,3
DA:98,3
DA:100,6
DA:101,15
DA:102,15
DA:106,15
DA:108,15
DA:109,2
DA:110,2
DA:111,2
DA:112,0
DA:113,0
LF:40
LH:38
BRDA:52,0,0,22
BRDA:53,1,0,20
BRDA:53,2,0,3
BRDA:53,3,0,19
BRDA:55,4,0,2
BRDA:55,5,0,17
BRDA:63,6,0,6
BRDA:67,7,0,11
BRDA:89,8,0,15
BRDA:94,9,0,14
BRDA:95,10,0,12
BRDA:95,11,0,3
BRDA:98,12,0,6
BRDA:98,13,0,1
BRDA:98,14,0,2
BRDA:100,15,0,0
BRDA:102,16,0,2
BRDA:102,17,0,0
BRDA:108,18,0,6
BRDA:108,19,0,2
BRDA:111,20,0,0
BRF:21
BRH:18
end_of_record
TN:
SF:packages\event-bus\src\index.ts
FN:52,consumerLagSeconds
FN:57,parentContextOf
FN:61,buildEnvelope
FN:82,<instance_members_initializer>
FN:84,publish
FN:130,subscribe
FN:148,<instance_members_initializer>
FN:155,RedisStreamsBus
FN:159,publish
FN:179,subscribe
FN:203,poll
FN:341,close
FN:350,<instance_members_initializer>
FN:365,KafkaBus
FN:376,ensureProducerConnected
FN:405,ensureTopics
FN:429,publish
FN:468,runWithRetries
FN:496,attempts
FN:513,sendToDlq
FN:554,subscribe
FN:573,eachMessage
FN:641,close
FN:676,eventBusOptionsFromConfig
FN:714,provisionTopics
FN:719,createEventBus
FNF:26
FNH:24
FNDA:13,consumerLagSeconds
FNDA:13,parentContextOf
FNDA:32,buildEnvelope
FNDA:17,<instance_members_initializer>
FNDA:30,publish
FNDA:12,subscribe
FNDA:1,<instance_members_initializer>
FNDA:1,RedisStreamsBus
FNDA:0,publish
FNDA:1,subscribe
FNDA:1,poll
FNDA:1,close
FNDA:7,<instance_members_initializer>
FNDA:7,KafkaBus
FNDA:6,ensureProducerConnected
FNDA:4,ensureTopics
FNDA:2,publish
FNDA:3,runWithRetries
FNDA:4,attempts
FNDA:3,sendToDlq
FNDA:4,subscribe
FNDA:4,eachMessage
FNDA:0,close
FNDA:16,eventBusOptionsFromConfig
FNDA:8,provisionTopics
FNDA:13,createEventBus
DA:1,1
DA:13,1
DA:52,13
DA:53,13
DA:54,13
DA:57,13
DA:58,13
DA:59,13
DA:61,1
DA:62,32
DA:63,32
DA:64,32
DA:65,32
DA:66,32
DA:67,32
DA:69,32
DA:70,32
DA:71,32
DA:72,32
DA:73,32
DA:74,32
DA:75,32
DA:76,32
DA:77,32
DA:81,1
DA:82,1
DA:84,1
DA:85,30
DA:86,30
DA:87,30
DA:89,30
DA:90,30
DA:91,30
DA:92,30
DA:93,30
DA:94,30
DA:95,30
DA:97,30
DA:98,9
DA:99,9
DA:100,9
DA:101,9
DA:102,9
DA:104,9
DA:105,9
DA:106,9
DA:107,9
DA:108,9
DA:109,9
DA:110,9
DA:111,9
DA:112,9
DA:113,9
DA:114,9
DA:115,9
DA:116,9
DA:117,0
DA:118,0
DA:119,9
DA:120,9
DA:121,9
DA:122,9
DA:123,9
DA:124,9
DA:125,9
DA:126,30
DA:127,30
DA:128,30
DA:130,1
DA:133,12
DA:134,12
DA:135,11
DA:136,11
DA:137,11
DA:138,12
DA:139,12
DA:140,2
DA:141,2
DA:142,12
DA:143,1
DA:147,1
DA:148,1
DA:149,1
DA:150,1
DA:151,1
DA:152,1
DA:153,1
DA:155,1
DA:156,1
DA:157,1
DA:159,1
DA:160,0
DA:161,0
DA:163,0
DA:164,0
DA:165,0
DA:166,0
DA:167,0
DA:168,0
DA:169,0
DA:171,0
DA:172,0
DA:173,0
DA:174,0
DA:175,0
DA:176,0
DA:177,0
DA:179,1
DA:180,1
DA:181,1
DA:183,1
DA:184,1
DA:185,1
DA:186,1
DA:187,1
DA:188,0
DA:189,0
DA:190,1
DA:191,1
DA:193,1
DA:194,1
DA:196,1
DA:198,1
DA:199,1
DA:200,1
DA:201,1
DA:203,1
DA:204,1
DA:205,1
DA:206,1
DA:207,1
DA:208,1
DA:209,1
DA:210,1
DA:211,221252
DA:212,221252
DA:213,221252
DA:214,221252
DA:215,221252
DA:216,221252
DA:217,221252
DA:218,221252
DA:219,221252
DA:220,221252
DA:221,221252
DA:222,221252
DA:223,221252
DA:225,221252
DA:239,221251
DA:240,221251
DA:241,221251
DA:242,1
DA:243,1
DA:244,1
DA:245,1
DA:246,1
DA:248,1
DA:249,1
DA:250,1
DA:252,1
DA:253,1
DA:254,1
DA:256,1
DA:257,1
DA:258,1
DA:259,1
DA:260,1
DA:261,1
DA:262,1
DA:263,1
DA:265,1
DA:266,1
DA:267,3
DA:268,3
DA:269,3
DA:270,3
DA:271,3
DA:272,0
DA:273,0
DA:274,3
DA:275,3
DA:278,3
DA:279,3
DA:280,3
DA:281,3
DA:282,3
DA:283,3
DA:284,3
DA:285,3
DA:286,2
DA:287,2
DA:288,2
DA:289,3
DA:290,3
DA:291,1
DA:292,0
DA:293,1
DA:294,1
DA:295,1
DA:296,1
DA:298,1
DA:299,1
DA:300,1
DA:301,1
DA:302,1
DA:303,1
DA:305,1
DA:307,1
DA:308,1
DA:309,1
DA:311,1
DA:312,1
DA:313,1
DA:314,1
DA:315,1
DA:316,1
DA:317,1
DA:318,1
DA:319,1
DA:320,1
DA:321,1
DA:322,1
DA:323,1
DA:324,1
DA:325,1
DA:326,1
DA:327,1
DA:328,1
DA:329,1
DA:331,1
DA:332,1
DA:333,1
DA:334,221252
DA:335,0
DA:336,0
DA:337,0
DA:338,221252
DA:339,1
DA:341,1
DA:342,1
DA:343,1
DA:344,1
DA:345,1
DA:349,1
DA:350,1
DA:351,7
DA:352,7
DA:353,7
DA:354,7
DA:361,7
DA:362,7
DA:363,7
DA:365,1
DA:366,7
DA:370,1
DA:371,1
DA:372,6
DA:373,6
DA:374,7
DA:376,1
DA:377,6
DA:378,0
DA:379,0
DA:380,0
DA:381,6
DA:405,1
DA:406,4
DA:407,4
DA:410,0
DA:411,0
DA:412,0
DA:413,0
DA:414,0
DA:415,0
DA:416,0
DA:417,0
DA:418,0
DA:419,0
DA:420,0
DA:421,0
DA:422,0
DA:425,0
DA:426,0
DA:427,4
DA:429,1
DA:430,2
DA:431,2
DA:433,2
DA:434,2
DA:435,2
DA:436,2
DA:437,2
DA:438,2
DA:439,2
DA:441,2
DA:449,2
DA:450,2
DA:451,2
DA:452,2
DA:453,2
DA:454,1
DA:455,1
DA:456,1
DA:457,1
DA:458,2
DA:459,2
DA:460,2
DA:461,2
DA:468,1
DA:469,3
DA:470,3
DA:471,3
DA:472,3
DA:473,3
DA:474,3
DA:476,3
DA:477,7
DA:478,7
DA:479,7
DA:480,7
DA:481,7
DA:482,1
DA:483,7
DA:484,6
DA:487,6
DA:488,6
DA:489,6
DA:490,6
DA:491,6
DA:492,6
DA:493,6
DA:494,6
DA:495,4
DA:496,4
DA:497,4
DA:498,6
DA:499,7
DA:500,2
DA:501,3
DA:513,1
DA:514,3
DA:515,3
DA:516,3
DA:517,3
DA:518,3
DA:519,3
DA:520,3
DA:521,3
DA:522,3
DA:524,3
DA:526,3
DA:527,3
DA:528,3
DA:530,3
DA:531,3
DA:532,3
DA:533,3
DA:537,3
DA:538,3
DA:541,3
DA:542,3
DA:543,3
DA:544,3
DA:545,3
DA:546,3
DA:547,3
DA:548,3
DA:549,3
DA:550,3
DA:551,3
DA:552,3
DA:554,1
DA:557,4
DA:558,4
DA:563,4
DA:566,4
DA:568,4
DA:569,4
DA:570,4
DA:572,4
DA:573,4
DA:574,4
DA:575,4
DA:576,4
DA:579,4
DA:580,4
DA:581,4
DA:583,4
DA:584,4
DA:585,4
DA:586,4
DA:589,1
DA:590,1
DA:591,1
DA:592,1
DA:593,1
DA:594,1
DA:595,1
DA:596,1
DA:598,3
DA:599,3
DA:600,3
DA:602,3
DA:604,3
DA:605,3
DA:606,3
DA:607,3
DA:608,3
DA:609,3
DA:610,3
DA:611,3
DA:613,3
DA:614,3
DA:615,3
DA:616,3
DA:617,3
DA:618,3
DA:619,3
DA:621,4
DA:622,2
DA:623,2
DA:624,2
DA:625,2
DA:626,2
DA:627,2
DA:628,2
DA:629,1
DA:630,4
DA:631,4
DA:633,4
DA:634,0
DA:635,0
DA:636,0
DA:637,0
DA:638,0
DA:639,4
DA:641,1
DA:642,0
DA:643,0
DA:644,0
DA:645,0
DA:646,0
DA:647,0
DA:648,0
DA:649,0
DA:650,0
DA:651,0
DA:652,0
DA:653,0
DA:654,0
DA:655,0
DA:656,0
DA:657,0
DA:658,0
DA:659,1
DA:676,1
DA:680,16
DA:681,16
DA:688,16
DA:689,2
DA:690,2
DA:691,2
DA:692,2
DA:693,2
DA:694,16
DA:695,1
DA:696,1
DA:697,13
DA:698,13
DA:714,8
DA:715,8
DA:716,0
DA:717,0
DA:719,1
DA:732,13
DA:733,13
DA:734,13
DA:735,0
DA:736,0
DA:737,0
DA:738,13
DA:739,0
DA:740,0
DA:741,13
DA:742,0
DA:743,0
DA:744,0
DA:745,0
LF:488
LH:411
BRDA:52,0,0,13
BRDA:57,1,0,13
BRDA:58,2,0,4
BRDA:61,3,0,32
BRDA:82,4,0,17
BRDA:84,5,0,30
BRDA:85,6,0,7
BRDA:85,7,0,7
BRDA:97,8,0,9
BRDA:99,9,0,9
BRDA:104,10,0,9
BRDA:116,11,0,0
BRDA:113,12,0,9
BRDA:130,13,0,12
BRDA:134,14,0,11
BRDA:139,15,0,2
BRDA:148,16,0,1
BRDA:155,17,0,1
BRDA:179,18,0,1
BRDA:180,19,0,0
BRDA:187,20,0,0
BRDA:198,21,0,1
BRDA:203,22,0,1
BRDA:210,23,0,221252
BRDA:225,24,0,221251
BRDA:241,25,0,1
BRDA:245,26,0,0
BRDA:301,27,0,0
BRDA:303,28,0,0
BRDA:303,29,0,0
BRDA:334,30,0,0
BRDA:239,31,0,221251
BRDA:256,32,0,1
BRDA:266,33,0,3
BRDA:271,34,0,0
BRDA:285,35,0,2
BRDA:291,36,0,0
BRDA:269,37,0,3
BRDA:270,38,0,0
BRDA:287,39,0,2
BRDA:341,40,0,1
BRDA:350,41,0,7
BRDA:365,42,0,7
BRDA:366,43,0,1
BRDA:371,44,0,6
BRDA:376,45,0,6
BRDA:377,46,0,0
BRDA:405,47,0,4
BRDA:407,48,0,0
BRDA:406,49,0,8
BRDA:429,50,0,2
BRDA:430,51,0,1
BRDA:430,52,0,1
BRDA:453,53,0,1
BRDA:458,54,0,0
BRDA:468,55,0,3
BRDA:476,56,0,7
BRDA:481,57,0,1
BRDA:483,58,0,6
BRDA:494,59,0,4
BRDA:499,60,0,2
BRDA:479,61,0,7
BRDA:480,62,0,1
BRDA:496,63,0,4
BRDA:513,64,0,3
BRDA:521,65,0,0
BRDA:522,66,0,0
BRDA:522,67,0,0
BRDA:537,68,0,2
BRDA:537,69,0,1
BRDA:538,70,0,2
BRDA:538,71,0,1
BRDA:551,72,0,2
BRDA:554,73,0,4
BRDA:558,74,0,0
BRDA:573,75,0,4
BRDA:580,76,0,0
BRDA:586,77,0,1
BRDA:596,78,0,3
BRDA:621,79,0,2
BRDA:628,80,0,1
BRDA:604,81,0,3
BRDA:615,82,0,2
BRDA:676,83,0,16
BRDA:681,84,0,1
BRDA:688,85,0,14
BRDA:688,86,0,2
BRDA:694,87,0,13
BRDA:694,88,0,1
BRDA:691,89,0,5
BRDA:714,90,0,8
BRDA:715,91,0,0
BRDA:719,92,0,13
BRDA:734,93,0,0
BRDA:738,94,0,0
BRDA:738,95,0,0
BRDA:741,96,0,0
BRDA:741,97,0,0
BRF:98
BRH:73
end_of_record
TN:
SF:packages\event-bus\src\outbox-relay.ts
FN:18,<instance_members_initializer>
FN:25,OutboxRelay
FN:35,start
FN:41,stop
FN:49,scheduleNext
FN:58,pump
FN:126,close
FNF:7
FNH:7
FNDA:17,<instance_members_initializer>
FNDA:17,OutboxRelay
FNDA:11,start
FNDA:3,stop
FNDA:10,scheduleNext
FNDA:7,pump
FNDA:1,close
DA:1,1
DA:17,1
DA:18,1
DA:19,17
DA:20,17
DA:21,17
DA:22,17
DA:23,17
DA:25,1
DA:29,17
DA:30,17
DA:31,17
DA:32,17
DA:33,17
DA:35,1
DA:36,11
DA:37,10
DA:38,10
DA:39,11
DA:41,1
DA:42,3
DA:43,3
DA:44,2
DA:45,2
DA:46,2
DA:47,3
DA:49,1
DA:50,10
DA:51,10
DA:52,0
DA:53,0
DA:54,0
DA:55,10
DA:56,10
DA:58,1
DA:59,7
DA:60,7
DA:61,7
DA:62,7
DA:63,7
DA:65,7
DA:71,7
DA:77,7
DA:78,7
DA:89,7
DA:90,10
DA:91,10
DA:92,10
DA:93,10
DA:94,10
DA:95,10
DA:96,10
DA:97,3
DA:98,3
DA:100,3
DA:101,3
DA:102,3
DA:103,3
DA:105,7
DA:106,7
DA:107,7
DA:108,7
DA:109,6
DA:110,6
DA:112,6
DA:113,7
DA:114,1
DA:115,1
DA:116,1
DA:117,1
DA:118,1
DA:119,1
DA:120,7
DA:121,7
DA:122,7
DA:123,7
DA:124,7
DA:126,1
DA:127,1
DA:128,1
DA:129,1
DA:130,1
LF:82
LH:79
BRDA:18,0,0,17
BRDA:25,1,0,17
BRDA:31,2,0,8
BRDA:35,3,0,11
BRDA:36,4,0,1
BRDA:36,5,0,10
BRDA:41,6,0,3
BRDA:43,7,0,2
BRDA:49,8,0,10
BRDA:50,9,0,0
BRDA:58,10,0,7
BRDA:89,11,0,10
BRDA:94,12,0,1
BRDA:95,13,0,7
BRDA:96,14,0,3
BRDA:103,15,0,7
BRDA:108,16,0,6
BRDA:110,17,0,6
BRDA:113,18,0,1
BRDA:117,19,0,0
BRDA:126,20,0,1
BRF:21
BRH:19
end_of_record
TN:
SF:packages\kyc-adapter\src\index.ts
FN:84,createKycAdapter
FN:104,createVerificationSession
FN:119,getVerificationStatus
FN:129,createPayoutAccount
FN:133,createPayoutOnboardingLink
FNF:5
FNH:5
FNDA:11,createKycAdapter
FNDA:10,createVerificationSession
FNDA:7,getVerificationStatus
FNDA:4,createPayoutAccount
FNDA:1,createPayoutOnboardingLink
DA:84,1
DA:85,11
DA:86,11
DA:103,1
DA:104,1
DA:107,10
DA:108,10
DA:109,10
DA:110,10
DA:113,10
DA:114,10
DA:115,10
DA:116,10
DA:117,10
DA:119,1
DA:120,7
DA:121,7
DA:122,7
DA:123,7
DA:125,7
DA:126,7
DA:127,7
DA:129,1
DA:130,4
DA:131,4
DA:133,1
DA:137,1
DA:140,1
DA:141,1
DA:142,1
DA:143,1
DA:144,1
LF:32
LH:32
BRDA:84,0,0,11
BRDA:104,1,0,10
BRDA:119,2,0,7
BRDA:125,3,0,6
BRDA:125,4,0,1
BRDA:129,5,0,4
BRDA:133,6,0,1
BRF:7
BRH:7
end_of_record
TN:
SF:packages\ledger-client\src\canonical.ts
FN:68,NotCanonicalizableError
FN:82,compareCodeUnits
FN:92,serializeString
FN:99,serializeNumber
FN:112,serialize
FN:161,canonicalize
FNF:6
FNH:6
FNDA:6,NotCanonicalizableError
FNDA:112,compareCodeUnits
FNDA:161,serializeString
FNDA:46,serializeNumber
FNDA:160,serialize
FNDA:34,canonicalize
DA:67,1
DA:68,1
DA:69,6
DA:70,6
DA:71,6
DA:72,1
DA:82,112
DA:83,112
DA:84,112
DA:85,186
DA:86,186
DA:87,186
DA:88,186
DA:89,0
DA:90,0
DA:92,161
DA:96,161
DA:97,161
DA:99,46
DA:100,46
DA:101,2
DA:102,2
DA:104,2
DA:105,2
DA:108,46
DA:109,43
DA:110,43
DA:112,160
DA:113,160
DA:115,159
DA:116,160
DA:117,2
DA:118,160
DA:119,46
DA:120,160
DA:121,56
DA:122,160
DA:123,1
DA:124,1
DA:126,1
DA:127,160
DA:128,2
DA:129,2
DA:131,2
DA:132,160
DA:133,160
DA:134,0
DA:135,160
DA:137,160
DA:138,10
DA:139,10
DA:140,10
DA:142,160
DA:146,1
DA:147,1
DA:149,1
DA:150,1
DA:152,41
DA:153,41
DA:154,41
DA:155,41
DA:156,41
DA:157,41
DA:158,41
DA:161,1
DA:162,34
DA:163,34
LF:67
LH:64
BRDA:68,0,0,6
BRDA:82,1,0,112
BRDA:84,2,0,186
BRDA:87,3,0,112
BRDA:88,4,0,0
BRDA:92,5,0,161
BRDA:99,6,0,46
BRDA:100,7,0,2
BRDA:105,8,0,44
BRDA:108,9,0,1
BRDA:108,10,0,43
BRDA:112,11,0,160
BRDA:113,12,0,1
BRDA:113,13,0,159
BRDA:116,14,0,2
BRDA:117,15,0,1
BRDA:117,16,0,1
BRDA:118,17,0,46
BRDA:120,18,0,56
BRDA:122,19,0,1
BRDA:127,20,0,2
BRDA:132,21,0,0
BRDA:133,22,0,0
BRDA:135,23,0,52
BRDA:137,24,0,10
BRDA:140,25,0,42
BRDA:142,26,0,1
BRDA:150,27,0,41
BRDA:138,28,0,21
BRDA:155,29,0,105
BRDA:161,30,0,34
BRF:31
BRH:28
end_of_record
TN:
SF:packages\ledger-client\src\index.ts
FN:34,normalizeRow
FN:56,chainHash
FN:77,<instance_members_initializer>
FN:79,LedgerClient
FN:87,append
FN:100,run
FN:136,appendWith
FN:158,appendWithOutbox
FN:220,getChain
FN:243,verifyChainDetailed
FN:290,verifyChain
FN:304,leafBytes
FN:317,computeAndStoreRoot
FN:360,storeRootSignature
FN:389,getRoot
FN:423,getInclusionProof
FN:435,close
FNF:17
FNH:14
FNDA:17,normalizeRow
FNDA:6,chainHash
FNDA:11,<instance_members_initializer>
FNDA:11,LedgerClient
FNDA:5,append
FNDA:5,run
FNDA:0,appendWith
FNDA:4,appendWithOutbox
FNDA:13,getChain
FNDA:2,verifyChainDetailed
FNDA:2,verifyChain
FNDA:3,leafBytes
FNDA:2,computeAndStoreRoot
FNDA:3,storeRootSignature
FNDA:6,getRoot
FNDA:0,getInclusionProof
FNDA:0,close
DA:1,1
DA:15,1
DA:18,1
DA:34,17
DA:35,17
DA:36,17
DA:37,17
DA:38,17
DA:39,17
DA:40,17
DA:41,17
DA:42,17
DA:43,17
DA:44,17
DA:45,17
DA:46,17
DA:56,1
DA:57,6
DA:58,6
DA:59,6
DA:60,6
DA:76,1
DA:77,1
DA:79,1
DA:83,11
DA:84,11
DA:87,1
DA:88,5
DA:89,5
DA:90,5
DA:91,5
DA:92,5
DA:93,5
DA:94,5
DA:95,5
DA:96,5
DA:97,5
DA:98,5
DA:100,5
DA:103,5
DA:104,5
DA:105,5
DA:106,5
DA:107,5
DA:108,5
DA:109,5
DA:111,5
DA:112,5
DA:113,5
DA:114,0
DA:115,5
DA:116,5
DA:117,5
DA:118,5
DA:119,5
DA:120,5
DA:121,5
DA:122,5
DA:123,5
DA:125,5
DA:126,5
DA:127,5
DA:128,0
DA:129,0
DA:130,5
DA:131,5
DA:132,5
DA:133,5
DA:136,1
DA:137,0
DA:138,0
DA:139,0
DA:140,0
DA:141,0
DA:142,0
DA:143,0
DA:144,0
DA:145,0
DA:146,0
DA:147,0
DA:148,0
DA:149,0
DA:150,0
DA:151,0
DA:152,0
DA:153,0
DA:154,0
DA:155,0
DA:158,1
DA:159,4
DA:160,4
DA:161,4
DA:162,4
DA:163,4
DA:164,4
DA:165,4
DA:166,4
DA:167,4
DA:168,4
DA:169,4
DA:170,4
DA:171,4
DA:172,4
DA:174,4
DA:175,4
DA:176,4
DA:177,4
DA:178,4
DA:179,4
DA:180,4
DA:181,4
DA:182,4
DA:183,4
DA:184,4
DA:185,4
DA:186,4
DA:187,4
DA:188,4
DA:189,4
DA:190,4
DA:191,4
DA:192,4
DA:195,0
DA:196,0
DA:198,0
DA:199,0
DA:200,0
DA:201,0
DA:202,0
DA:203,0
DA:204,0
DA:205,0
DA:206,0
DA:207,0
DA:208,0
DA:209,0
DA:210,0
DA:211,0
DA:212,0
DA:213,4
DA:214,4
DA:215,4
DA:216,4
DA:217,4
DA:220,1
DA:221,13
DA:222,13
DA:223,13
DA:224,13
DA:225,13
DA:226,13
DA:243,1
DA:244,2
DA:245,2
DA:246,2
DA:247,2
DA:249,2
DA:251,2
DA:252,2
DA:253,0
DA:254,0
DA:255,0
DA:256,0
DA:257,0
DA:259,2
DA:262,0
DA:263,2
DA:264,2
DA:265,2
DA:266,1
DA:267,1
DA:268,1
DA:269,1
DA:275,0
DA:276,0
DA:277,0
DA:278,1
DA:279,1
DA:280,1
DA:281,2
DA:283,2
DA:284,2
DA:286,2
DA:287,2
DA:290,1
DA:291,2
DA:292,2
DA:304,1
DA:305,3
DA:306,3
DA:307,3
DA:308,3
DA:309,3
DA:310,3
DA:311,3
DA:312,3
DA:313,3
DA:314,3
DA:317,1
DA:318,2
DA:319,2
DA:320,2
DA:321,2
DA:322,2
DA:323,2
DA:325,2
DA:326,2
DA:340,2
DA:341,2
DA:343,2
DA:344,2
DA:360,1
DA:367,3
DA:368,3
DA:369,3
DA:376,3
DA:377,3
DA:378,3
DA:379,3
DA:380,3
DA:381,3
DA:382,3
DA:383,3
DA:384,3
DA:385,3
DA:386,3
DA:389,1
DA:397,6
DA:398,6
DA:399,6
DA:401,6
DA:402,6
DA:403,6
DA:404,5
DA:405,5
DA:406,5
DA:407,5
DA:408,6
DA:409,6
DA:410,6
DA:411,6
DA:412,6
DA:413,6
DA:414,6
DA:423,1
DA:424,0
DA:425,0
DA:426,0
DA:427,0
DA:428,0
DA:429,0
DA:430,0
DA:431,0
DA:432,0
DA:433,0
DA:435,1
DA:436,0
DA:437,0
DA:438,1
LF:259
LH:199
BRDA:34,0,0,17
BRDA:40,1,0,0
BRDA:43,2,0,0
BRDA:56,3,0,6
BRDA:77,4,0,11
BRDA:79,5,0,11
BRDA:87,6,0,5
BRDA:113,7,0,0
BRDA:127,8,0,0
BRDA:100,9,0,5
BRDA:158,10,0,4
BRDA:185,11,0,0
BRDA:192,12,0,0
BRDA:220,13,0,13
BRDA:225,14,0,8
BRDA:243,15,0,2
BRDA:252,16,0,0
BRDA:259,17,0,0
BRDA:265,18,0,1
BRDA:269,19,0,0
BRDA:290,20,0,2
BRDA:304,21,0,3
BRDA:317,22,0,2
BRDA:323,23,0,0
BRDA:321,24,0,3
BRDA:360,25,0,3
BRDA:389,26,0,6
BRDA:403,27,0,1
BRDA:403,28,0,5
BRDA:408,29,0,0
BRDA:408,30,0,5
BRDA:409,31,0,1
BRDA:410,32,0,1
BRDA:411,33,0,1
BRDA:412,34,0,4
BRDA:412,35,0,1
BRF:36
BRH:25
end_of_record
TN:
SF:packages\ledger-client\src\legacy-anchor.ts
FN:69,isLegacyRow
FN:74,selectLegacyRows
FN:79,NoLegacyRowsError
FN:92,buildLegacyAnchorPayload
FN:137,verifyLegacyAnchor
FN:180,canonicalAnchorBytes
FN:205,reportLegacySegment
FNF:7
FNH:7
FNDA:67,isLegacyRow
FNDA:9,selectLegacyRows
FNDA:1,NoLegacyRowsError
FNDA:8,buildLegacyAnchorPayload
FNDA:5,verifyLegacyAnchor
FNDA:2,canonicalAnchorBytes
FNDA:5,reportLegacySegment
DA:1,1
DA:47,1
DA:69,1
DA:70,67
DA:71,67
DA:74,1
DA:75,9
DA:76,9
DA:78,1
DA:79,1
DA:80,1
DA:81,1
DA:82,1
DA:83,1
DA:92,1
DA:93,8
DA:94,8
DA:95,8
DA:96,8
DA:97,8
DA:99,7
DA:100,7
DA:102,7
DA:103,7
DA:104,7
DA:107,7
DA:108,7
DA:109,7
DA:110,7
DA:111,7
DA:112,7
DA:118,7
DA:119,7
DA:137,1
DA:138,5
DA:139,5
DA:140,5
DA:141,5
DA:142,5
DA:144,5
DA:145,15
DA:146,15
DA:149,1
DA:150,1
DA:151,1
DA:152,14
DA:153,15
DA:154,1
DA:155,1
DA:156,1
DA:157,1
DA:158,1
DA:159,15
DA:165,5
DA:166,5
DA:167,1
DA:168,1
DA:169,1
DA:170,1
DA:172,5
DA:173,5
DA:174,5
DA:175,5
DA:176,5
DA:177,5
DA:180,1
DA:181,2
DA:182,2
DA:205,1
DA:206,5
DA:207,5
DA:208,5
DA:210,5
DA:211,5
DA:212,4
DA:213,1
DA:214,3
DA:215,3
DA:217,5
DA:218,5
DA:219,5
DA:220,5
DA:221,5
DA:222,5
DA:223,5
DA:224,4
DA:225,1
DA:226,5
DA:227,5
DA:228,5
LF:90
LH:90
BRDA:69,0,0,67
BRDA:70,1,0,21
BRDA:74,2,0,9
BRDA:75,3,0,18
BRDA:79,4,0,1
BRDA:92,5,0,8
BRDA:97,6,0,1
BRDA:97,7,0,7
BRDA:99,8,0,21
BRDA:100,9,0,21
BRDA:107,10,0,21
BRDA:108,11,0,21
BRDA:137,12,0,5
BRDA:144,13,0,15
BRDA:146,14,0,1
BRDA:151,15,0,14
BRDA:153,16,0,1
BRDA:166,17,0,1
BRDA:142,18,0,15
BRDA:165,19,0,15
BRDA:180,20,0,2
BRDA:205,21,0,5
BRDA:211,22,0,4
BRDA:212,23,0,1
BRDA:213,24,0,3
BRDA:223,25,0,4
BRDA:224,26,0,1
BRDA:206,27,0,7
BRDA:208,28,0,11
BRDA:215,29,0,4
BRDA:222,30,0,8
BRF:31
BRH:31
end_of_record
TN:
SF:packages\ledger-client\src\merkle.ts
FN:48,sha256
FN:55,hashLeaf
FN:61,hashNode
FN:91,buildLevels
FN:115,computeRoot
FN:128,buildInclusionProof
FN:172,verifyInclusionProof
FNF:7
FNH:7
FNDA:2917,sha256
FNDA:1168,hashLeaf
FNDA:1749,hashNode
FNDA:88,buildLevels
FNDA:33,computeRoot
FNDA:58,buildInclusionProof
FNDA:55,verifyInclusionProof
DA:1,1
DA:45,1
DA:46,1
DA:48,2917
DA:49,2917
DA:50,2917
DA:51,2917
DA:52,2917
DA:55,1
DA:56,1168
DA:57,1168
DA:58,1168
DA:61,1
DA:62,1749
DA:63,1749
DA:66,1
DA:91,88
DA:92,88
DA:94,87
DA:95,87
DA:97,88
DA:98,264
DA:99,264
DA:100,1705
DA:101,1566
DA:102,1705
DA:104,139
DA:105,139
DA:106,1705
DA:107,264
DA:108,264
DA:109,264
DA:111,87
DA:112,87
DA:115,1
DA:116,33
DA:117,33
DA:118,33
DA:128,1
DA:129,58
DA:130,3
DA:131,3
DA:132,3
DA:133,3
DA:135,55
DA:136,55
DA:137,55
DA:139,58
DA:140,200
DA:141,200
DA:142,200
DA:144,200
DA:145,190
DA:146,190
DA:147,190
DA:148,190
DA:149,190
DA:153,200
DA:154,200
DA:156,55
DA:157,55
DA:158,55
DA:159,55
DA:160,55
DA:161,55
DA:162,55
DA:163,55
DA:172,1
DA:173,55
DA:174,55
DA:175,55
DA:176,55
DA:177,55
DA:178,55
DA:180,55
DA:182,55
DA:183,179
DA:184,179
DA:185,178
DA:186,179
DA:187,179
DA:191,53
DA:192,53
LF:83
LH:83
BRDA:48,0,0,2917
BRDA:50,1,0,7583
BRDA:55,2,0,1168
BRDA:56,3,0,1167
BRDA:56,4,0,1
BRDA:61,5,0,1749
BRDA:91,6,0,88
BRDA:92,7,0,1
BRDA:92,8,0,87
BRDA:97,9,0,264
BRDA:99,10,0,1705
BRDA:100,11,0,1566
BRDA:102,12,0,139
BRDA:109,13,0,87
BRDA:115,14,0,33
BRDA:128,15,0,58
BRDA:129,16,0,57
BRDA:129,17,0,3
BRDA:133,18,0,55
BRDA:139,19,0,200
BRDA:142,20,0,85
BRDA:142,21,0,115
BRDA:144,22,0,190
BRDA:147,23,0,85
BRDA:147,24,0,105
BRDA:154,25,0,55
BRDA:172,26,0,55
BRDA:177,27,0,54
BRDA:177,28,0,1
BRDA:178,29,0,0
BRDA:180,30,0,54
BRDA:180,31,0,1
BRDA:180,32,0,54
BRDA:182,33,0,179
BRDA:184,34,0,1
BRDA:184,35,0,178
BRDA:186,36,0,77
BRDA:186,37,0,101
BRDA:187,38,0,53
BRF:39
BRH:38
end_of_record
TN:
SF:packages\oracle\src\index.ts
FN:47,OracleStore
FN:50,recordAudit
FN:83,recordScore
FN:110,evaluate
FN:178,findEscrowPayment
FNF:5
FNH:5
FNDA:40,OracleStore
FNDA:10,recordAudit
FNDA:14,recordScore
FNDA:28,evaluate
FNDA:6,findEscrowPayment
DA:44,1
DA:46,1
DA:47,1
DA:50,1
DA:51,10
DA:52,10
DA:53,10
DA:54,10
DA:55,10
DA:62,10
DA:63,10
DA:64,10
DA:83,1
DA:84,14
DA:85,14
DA:86,14
DA:87,14
DA:88,14
DA:89,14
DA:90,14
DA:99,14
DA:100,14
DA:101,14
DA:110,1
DA:111,28
DA:112,28
DA:114,28
DA:115,28
DA:122,28
DA:123,28
DA:125,28
DA:126,28
DA:127,28
DA:129,28
DA:130,28
DA:131,28
DA:132,28
DA:133,28
DA:134,28
DA:135,28
DA:136,28
DA:137,28
DA:139,28
DA:140,28
DA:141,28
DA:142,28
DA:143,28
DA:144,28
DA:149,28
DA:150,3
DA:151,28
DA:152,5
DA:153,5
DA:154,28
DA:155,3
DA:156,28
DA:157,3
DA:158,3
DA:160,28
DA:161,28
DA:178,1
DA:179,6
DA:180,6
DA:181,6
DA:182,6
DA:185,6
DA:186,6
DA:187,6
DA:188,4
DA:189,4
DA:192,4
DA:193,6
DA:194,6
DA:195,6
DA:196,1
LF:75
LH:75
BRDA:47,0,0,40
BRDA:50,1,0,10
BRDA:83,2,0,14
BRDA:99,3,0,12
BRDA:110,4,0,28
BRDA:127,5,0,0
BRDA:131,6,0,26
BRDA:132,7,0,26
BRDA:133,8,0,26
BRDA:135,9,0,26
BRDA:135,10,0,3
BRDA:135,11,0,25
BRDA:136,12,0,26
BRDA:136,13,0,3
BRDA:136,14,0,25
BRDA:140,15,0,2
BRDA:141,16,0,5
BRDA:142,17,0,5
BRDA:143,18,0,5
BRDA:144,19,0,4
BRDA:149,20,0,3
BRDA:151,21,0,25
BRDA:151,22,0,5
BRDA:154,23,0,3
BRDA:156,24,0,25
BRDA:156,25,0,3
BRDA:178,26,0,6
BRDA:187,27,0,2
BRDA:187,28,0,4
BRDA:193,29,0,1
BRF:30
BRH:29
end_of_record
TN:
SF:packages\razorpay-adapter\src\index.ts
FN:182,createRazorpayAdapter
FN:197,isLiveRazorpayConfig
FN:211,hmacMatches
FN:222,signCheckout
FN:226,signWebhook
FN:244,readContractId
FN:252,toPaymentResult
FN:266,toWebhookEvent
FN:276,paymentEntityOf
FN:281,orderEntityOf
FN:289,RazorpayApiError
FN:311,<instance_members_initializer>
FN:315,RazorpayPaymentAdapter
FN:321,request
FN:365,createOrder
FN:394,fetchPayment
FN:399,capturePayment
FN:415,refundPayment
FN:429,verifyCheckoutSignature
FN:439,verifyWebhook
FN:489,FakeRazorpayAdapter
FN:491,createOrder
FN:515,simulateAuthorization
FN:530,fetchPayment
FN:546,capturePayment
FN:565,refundPayment
FN:575,verifyCheckoutSignature
FN:585,verifyWebhook
FNF:28
FNH:20
FNDA:27,createRazorpayAdapter
FNDA:8,isLiveRazorpayConfig
FNDA:28,hmacMatches
FNDA:8,signCheckout
FNDA:20,signWebhook
FNDA:0,readContractId
FNDA:0,toPaymentResult
FNDA:9,toWebhookEvent
FNDA:6,paymentEntityOf
FNDA:5,orderEntityOf
FNDA:0,RazorpayApiError
FNDA:5,<instance_members_initializer>
FNDA:5,RazorpayPaymentAdapter
FNDA:0,request
FNDA:0,createOrder
FNDA:0,fetchPayment
FNDA:0,capturePayment
FNDA:0,refundPayment
FNDA:9,verifyCheckoutSignature
FNDA:8,verifyWebhook
FNDA:34,FakeRazorpayAdapter
FNDA:6,createOrder
FNDA:3,simulateAuthorization
FNDA:2,fetchPayment
FNDA:2,capturePayment
FNDA:1,refundPayment
FNDA:2,verifyCheckoutSignature
FNDA:15,verifyWebhook
DA:1,1
DA:34,1
DA:37,1
DA:182,1
DA:183,27
DA:184,27
DA:185,25
DA:186,23
DA:187,19
DA:188,7
DA:189,5
DA:190,27
DA:191,24
DA:192,24
DA:193,3
DA:194,3
DA:197,1
DA:198,8
DA:199,8
DA:211,28
DA:212,28
DA:213,28
DA:214,28
DA:215,28
DA:216,28
DA:217,28
DA:218,4
DA:219,4
DA:220,28
DA:222,8
DA:223,8
DA:224,8
DA:226,20
DA:227,20
DA:228,20
DA:229,20
DA:230,20
DA:237,1
DA:238,1
DA:239,1
DA:240,1
DA:244,0
DA:245,0
DA:246,0
DA:247,0
DA:248,0
DA:249,0
DA:250,0
DA:252,0
DA:253,0
DA:254,0
DA:255,0
DA:256,0
DA:257,0
DA:258,0
DA:259,0
DA:260,0
DA:261,0
DA:262,0
DA:263,0
DA:266,9
DA:267,9
DA:268,9
DA:269,9
DA:270,9
DA:271,9
DA:272,9
DA:273,9
DA:276,1
DA:277,6
DA:278,6
DA:281,1
DA:282,5
DA:283,5
DA:288,1
DA:289,1
DA:290,0
DA:291,0
DA:292,0
DA:293,0
DA:294,0
DA:295,0
DA:296,0
DA:297,0
DA:298,1
DA:310,1
DA:311,1
DA:312,5
DA:313,5
DA:315,1
DA:316,5
DA:317,5
DA:318,5
DA:319,5
DA:321,1
DA:322,0
DA:323,0
DA:324,0
DA:325,0
DA:326,0
DA:327,0
DA:328,0
DA:329,0
DA:330,0
DA:331,0
DA:332,0
DA:333,0
DA:334,0
DA:335,0
DA:336,0
DA:337,0
DA:340,0
DA:341,0
DA:342,0
DA:344,0
DA:345,0
DA:346,0
DA:347,0
DA:348,0
DA:350,0
DA:352,0
DA:353,0
DA:354,0
DA:355,0
DA:356,0
DA:357,0
DA:358,0
DA:359,0
DA:360,0
DA:362,0
DA:363,0
DA:365,1
DA:371,0
DA:372,0
DA:373,0
DA:374,0
DA:377,0
DA:380,0
DA:381,0
DA:382,0
DA:384,0
DA:385,0
DA:386,0
DA:387,0
DA:388,0
DA:389,0
DA:390,0
DA:391,0
DA:392,0
DA:394,1
DA:395,0
DA:396,0
DA:397,0
DA:399,1
DA:403,0
DA:407,0
DA:408,0
DA:409,0
DA:410,0
DA:411,0
DA:412,0
DA:413,0
DA:415,1
DA:416,0
DA:417,0
DA:418,0
DA:419,0
DA:420,0
DA:421,0
DA:422,0
DA:423,0
DA:424,0
DA:425,0
DA:426,0
DA:427,0
DA:429,1
DA:433,9
DA:434,9
DA:435,6
DA:436,6
DA:437,9
DA:439,1
DA:440,8
DA:441,8
DA:442,8
DA:443,8
DA:444,1
DA:445,1
DA:446,8
DA:447,1
DA:448,1
DA:450,6
DA:451,8
DA:452,3
DA:453,3
DA:457,3
DA:458,8
DA:459,8
DA:460,8
DA:461,1
DA:462,1
DA:463,1
DA:464,8
DA:465,1
DA:478,1
DA:481,1
DA:483,1
DA:485,1
DA:486,1
DA:487,1
DA:489,1
DA:491,1
DA:497,6
DA:498,6
DA:499,6
DA:500,6
DA:501,6
DA:502,6
DA:503,6
DA:504,6
DA:505,6
DA:506,6
DA:507,6
DA:508,6
DA:515,1
DA:516,3
DA:517,3
DA:518,3
DA:519,3
DA:520,3
DA:521,3
DA:522,3
DA:523,3
DA:524,3
DA:525,3
DA:526,3
DA:527,3
DA:528,3
DA:530,1
DA:531,2
DA:532,2
DA:535,0
DA:536,0
DA:537,0
DA:538,0
DA:539,0
DA:540,0
DA:541,0
DA:542,0
DA:543,0
DA:544,2
DA:546,1
DA:550,2
DA:551,2
DA:552,2
DA:553,2
DA:554,2
DA:555,2
DA:556,2
DA:557,2
DA:558,2
DA:559,2
DA:560,2
DA:561,2
DA:562,2
DA:563,2
DA:565,1
DA:566,1
DA:567,1
DA:568,1
DA:569,1
DA:570,1
DA:571,1
DA:572,1
DA:573,1
DA:575,1
DA:579,2
DA:580,2
DA:581,2
DA:582,2
DA:583,2
DA:585,1
DA:586,15
DA:587,15
DA:588,15
DA:589,15
DA:590,1
DA:591,1
DA:592,14
DA:593,15
DA:594,7
DA:595,7
DA:596,7
DA:597,15
DA:598,15
DA:599,15
DA:600,0
DA:601,0
DA:602,0
DA:603,15
DA:604,1
LF:301
LH:186
BRDA:182,0,0,27
BRDA:184,1,0,25
BRDA:185,2,0,23
BRDA:186,3,0,19
BRDA:187,4,0,7
BRDA:188,5,0,5
BRDA:190,6,0,24
BRDA:191,7,0,0
BRDA:192,8,0,3
BRDA:197,9,0,8
BRDA:211,10,0,28
BRDA:217,11,0,4
BRDA:222,12,0,8
BRDA:226,13,0,20
BRDA:266,14,0,9
BRDA:268,15,0,0
BRDA:269,16,0,7
BRDA:269,17,0,2
BRDA:270,18,0,0
BRDA:271,19,0,5
BRDA:271,20,0,4
BRDA:276,21,0,6
BRDA:277,22,0,0
BRDA:281,23,0,5
BRDA:282,24,0,0
BRDA:311,25,0,5
BRDA:315,26,0,5
BRDA:429,27,0,9
BRDA:434,28,0,8
BRDA:434,29,0,7
BRDA:434,30,0,3
BRDA:434,31,0,6
BRDA:439,32,0,8
BRDA:443,33,0,1
BRDA:445,34,0,7
BRDA:446,35,0,1
BRDA:448,36,0,6
BRDA:451,37,0,3
BRDA:458,38,0,2
BRDA:458,39,0,1
BRDA:460,40,0,1
BRDA:461,41,0,0
BRDA:489,42,0,34
BRDA:491,43,0,6
BRDA:515,44,0,3
BRDA:520,45,0,0
BRDA:521,46,0,0
BRDA:524,47,0,0
BRDA:530,48,0,2
BRDA:532,49,0,0
BRDA:546,50,0,2
BRDA:554,51,0,0
BRDA:559,52,0,0
BRDA:565,53,0,1
BRDA:570,54,0,0
BRDA:575,55,0,2
BRDA:580,56,0,0
BRDA:585,57,0,15
BRDA:589,58,0,1
BRDA:591,59,0,14
BRDA:593,60,0,13
BRDA:593,61,0,7
BRDA:597,62,0,2
BRDA:597,63,0,5
BRDA:599,64,0,0
BRF:65
BRH:50
end_of_record
TN:
SF:packages\shared\src\index.ts
FNF:0
FNH:0
DA:1,1
DA:45,1
DA:46,1
DA:47,1
DA:48,1
DA:49,1
DA:50,1
DA:51,1
DA:52,1
DA:53,1
DA:54,1
DA:55,1
DA:56,1
DA:57,1
DA:58,1
DA:59,1
DA:60,1
DA:61,1
DA:66,1
DA:67,1
DA:68,1
DA:69,1
DA:70,1
DA:71,1
DA:80,1
DA:81,1
DA:86,1
DA:87,1
DA:88,1
DA:89,1
DA:90,1
DA:94,1
DA:95,1
DA:108,1
DA:109,1
DA:110,1
DA:111,1
DA:112,1
DA:115,1
DA:116,1
DA:117,1
DA:118,1
DA:119,1
DA:120,1
DA:121,1
DA:122,1
DA:123,1
DA:124,1
DA:125,1
DA:128,1
DA:129,1
DA:130,1
DA:131,1
DA:132,1
DA:133,1
DA:134,1
DA:135,1
DA:140,1
DA:141,1
DA:142,1
DA:143,1
DA:144,1
DA:145,1
DA:146,1
DA:147,1
DA:152,1
DA:153,1
DA:154,1
DA:160,1
DA:161,1
DA:162,1
DA:163,1
DA:164,1
DA:169,1
DA:170,1
DA:171,1
DA:172,1
DA:173,1
DA:174,1
DA:175,1
DA:176,1
DA:177,1
DA:182,1
DA:183,1
DA:184,1
DA:185,1
DA:186,1
DA:187,1
DA:192,1
DA:193,1
DA:194,1
DA:195,1
DA:196,1
DA:201,1
DA:202,1
DA:203,1
DA:204,1
DA:205,1
DA:206,1
DA:228,1
DA:229,1
DA:230,1
DA:232,1
DA:233,1
DA:234,1
DA:235,1
DA:236,1
DA:237,1
DA:240,1
DA:241,1
DA:242,1
DA:245,1
DA:246,1
DA:247,1
DA:249,1
DA:250,1
DA:255,1
DA:256,1
DA:257,1
DA:258,1
LF:120
LH:120
BRF:0
BRH:0
end_of_record
TN:
SF:packages\telemetry\src\correlation.ts
FN:9,getCorrelationId
FN:13,runWithCorrelationId
FNF:2
FNH:2
FNDA:119,getCorrelationId
FNDA:111,runWithCorrelationId
DA:1,1
DA:7,1
DA:9,1
DA:10,119
DA:11,119
DA:13,1
DA:14,111
DA:15,111
LF:8
LH:8
BRDA:9,0,0,119
BRDA:10,1,0,57
BRDA:13,2,0,111
BRF:3
BRH:3
end_of_record
TN:
SF:packages\telemetry\src\index.ts
FNF:0
FNH:0
DA:1,1
DA:2,1
DA:3,1
LF:3
LH:3
BRF:0
BRH:0
end_of_record
TN:
SF:packages\telemetry\src\metrics.ts
FN:124,getMetricsContentType
FN:125,getMetrics
FNF:2
FNH:2
FNDA:2,getMetricsContentType
FNDA:5,getMetrics
DA:1,1
DA:3,1
DA:4,1
DA:16,1
DA:17,1
DA:18,1
DA:19,1
DA:20,1
DA:21,1
DA:23,1
DA:24,1
DA:25,1
DA:26,1
DA:27,1
DA:28,1
DA:30,1
DA:31,1
DA:32,1
DA:33,1
DA:34,1
DA:35,1
DA:36,1
DA:38,1
DA:39,1
DA:42,1
DA:43,1
DA:44,1
DA:45,1
DA:47,1
DA:48,1
DA:53,1
DA:54,1
DA:55,1
DA:56,1
DA:58,1
DA:59,1
DA:60,1
DA:61,1
DA:62,1
DA:63,1
DA:74,1
DA:75,1
DA:76,1
DA:77,1
DA:78,1
DA:79,1
DA:81,1
DA:82,1
DA:83,1
DA:84,1
DA:85,1
DA:86,1
DA:88,1
DA:89,1
DA:90,1
DA:92,1
DA:93,1
DA:94,1
DA:95,1
DA:97,1
DA:98,1
DA:99,1
DA:100,1
DA:101,1
DA:102,1
DA:103,1
DA:105,1
DA:106,1
DA:107,1
DA:108,1
DA:109,1
DA:110,1
DA:112,1
DA:113,1
DA:114,1
DA:115,1
DA:116,1
DA:117,1
DA:118,1
DA:119,1
DA:120,1
DA:121,1
DA:122,1
DA:123,1
DA:124,1
DA:125,1
DA:126,1
LF:87
LH:87
BRDA:124,0,0,2
BRDA:125,1,0,5
BRF:2
BRH:2
end_of_record
TN:
SF:packages\telemetry\src\telemetry.ts
FN:11,initTelemetry
FNF:1
FNH:1
FNDA:9,initTelemetry
DA:1,1
DA:9,1
DA:11,1
DA:12,9
DA:14,9
DA:15,9
DA:16,9
DA:17,9
DA:19,9
DA:20,9
DA:21,9
DA:22,9
DA:23,9
DA:24,9
DA:25,9
DA:26,9
DA:27,9
DA:28,9
DA:29,9
DA:30,9
DA:32,9
DA:33,9
DA:34,9
DA:37,0
DA:38,0
DA:40,9
DA:41,0
DA:42,9
DA:44,9
DA:45,9
DA:47,1
LF:31
LH:28
BRDA:11,0,0,9
BRDA:12,1,0,0
BRDA:34,2,0,0
BRF:3
BRH:1
end_of_record
TN:
SF:packages\telemetry\src\tracing.ts
FN:1,(empty-report)
FNF:1
FNH:0
FNDA:0,(empty-report)
DA:1,0
DA:10,0
DA:12,0
DA:13,0
DA:14,0
DA:15,0
DA:17,0
DA:18,0
DA:19,0
DA:20,0
DA:21,0
DA:22,0
DA:23,0
DA:24,0
DA:25,0
DA:26,0
DA:27,0
DA:28,0
DA:30,0
DA:31,0
DA:32,0
DA:35,0
DA:36,0
DA:38,0
DA:39,0
DA:40,0
DA:41,0
DA:43,0
DA:44,0
LF:29
LH:0
BRDA:1,0,0,0
BRF:1
BRH:0
end_of_record
